2024-11-21 10:19:47,720 - 0 - INFO - Connected to Player 0
2024-11-21 10:19:47,729 - 0 - INFO - add client
2024-11-21 10:20:27,629 - 0 - INFO - 0 -- message -- WELCOME
2024-11-21 10:20:27,630 - 0 - INFO - 0 -- NEXTLEVEL
2024-11-21 10:21:43,844 - 0 - INFO - 0 -- message -- READYTOPLAY
2024-11-21 10:21:43,846 - 0 - INFO - 0 -- GAME
2024-11-21 10:22:01,969 - 0 - INFO - 0 -- message -- PLAY 12
2024-11-21 10:22:01,971 - 0 - INFO - 0 -- PLAY -- 12
2024-11-21 10:22:02,036 - 0 - INFO - 0 -- broadcast -- CARD 0,12
2024-11-21 10:23:39,146 - 0 - INFO - 0 -- message -- WELCOME
2024-11-21 10:23:39,148 - 0 - INFO - 0 -- NEXTLEVEL
2024-11-21 10:26:33,127 - 0 - INFO - 0 -- message -- READYTOPLAY
2024-11-21 10:26:33,128 - 0 - INFO - 0 -- GAME
2024-11-21 10:27:29,653 - 0 - INFO - 0 -- message -- MISTAKE
2024-11-21 10:27:29,655 - 0 - INFO - 0 -- MISTAKE
2024-11-21 10:27:31,702 - 0 - INFO - 0 -- message -- PLAY 69
2024-11-21 10:27:31,703 - 0 - INFO - 0 -- PLAY -- 69
2024-11-21 10:27:31,709 - 0 - INFO - 0 -- broadcast -- CARD 0,69
2024-11-21 10:31:22,513 - 0 - INFO - 0 -- message -- WELCOME
2024-11-21 10:31:22,514 - 0 - INFO - 0 -- NEXTLEVEL
2024-11-21 10:31:27,632 - 0 - INFO - 0 -- message -- READYTOPLAY
2024-11-21 10:31:27,634 - 0 - INFO - 0 -- GAME
2024-11-21 10:33:00,716 - 0 - INFO - 0 -- message -- MISTAKE
2024-11-21 10:33:00,718 - 0 - INFO - 0 -- MISTAKE
2024-11-21 10:33:03,819 - 0 - INFO - 0 -- message -- PLAY 97
2024-11-21 10:33:03,821 - 0 - INFO - 0 -- PLAY -- 97
2024-11-21 10:33:03,822 - 0 - INFO - 0 -- 0
2024-11-21 10:33:03,823 - 0 - INFO - 0 -- GAMEOVER
2024-11-21 10:33:03,827 - 0 - INFO - 0 -- broadcast -- GAMEOVER
2024-11-21 10:34:59,501 - 0 - INFO - 0 -- message -- GAMEOVER
2024-11-21 10:34:59,504 - 0 - INFO - 0 -- GAMEOVER
