2024-11-21 10:18:02,957 - 2 - INFO - Connected to Player 2
2024-11-21 10:18:02,968 - 2 - INFO - add client
2024-11-21 10:18:02,968 - 2 - INFO - 2 -- message -- WELCOME
2024-11-21 10:18:02,970 - 2 - INFO - 2 -- NEXTLEVEL
2024-11-21 10:21:06,106 - 2 - INFO - 2 -- message -- READYTOPLAY
2024-11-21 10:21:06,107 - 2 - INFO - 2 -- GAME
2024-11-21 10:22:07,674 - 2 - INFO - 2 -- message -- PLAY 91
2024-11-21 10:22:07,676 - 2 - INFO - 2 -- PLAY -- 91
2024-11-21 10:22:07,682 - 2 - INFO - 2 -- broadcast -- CARD 2,91
2024-11-21 10:22:09,744 - 2 - INFO - 2 -- message -- WELCOME
2024-11-21 10:22:09,746 - 2 - INFO - 2 -- NEXTLEVEL
2024-11-21 10:23:39,572 - 2 - INFO - 2 -- message -- READYTOPLAY
2024-11-21 10:23:39,574 - 2 - INFO - 2 -- GAME
2024-11-21 10:27:22,704 - 2 - INFO - 2 -- message -- MISTAKE
2024-11-21 10:27:22,707 - 2 - INFO - 2 -- MISTAKE
2024-11-21 10:27:31,665 - 2 - INFO - 2 -- message -- PLAY 57
2024-11-21 10:27:31,666 - 2 - INFO - 2 -- PLAY -- 57
2024-11-21 10:27:31,673 - 2 - INFO - 2 -- broadcast -- CARD 2,57
2024-11-21 10:27:35,779 - 2 - INFO - 2 -- message -- PLAY 77
2024-11-21 10:27:35,781 - 2 - INFO - 2 -- PLAY -- 77
2024-11-21 10:27:35,789 - 2 - INFO - 2 -- broadcast -- CARD 2,77
2024-11-21 10:27:37,795 - 2 - INFO - 2 -- message -- WELCOME
2024-11-21 10:27:37,797 - 2 - INFO - 2 -- NEXTLEVEL
2024-11-21 10:31:23,858 - 2 - INFO - 2 -- message -- READYTOPLAY
2024-11-21 10:31:23,859 - 2 - INFO - 2 -- GAME
2024-11-21 10:32:58,645 - 2 - INFO - 2 -- message -- PLAY 91
2024-11-21 10:32:58,647 - 2 - INFO - 2 -- PLAY -- 91
2024-11-21 10:32:58,649 - 2 - INFO - 2 -- 1
2024-11-21 10:32:58,650 - 2 - INFO - 2 -- MISTAKE
2024-11-21 10:32:58,654 - 2 - INFO - 2 -- broadcast -- MISTAKE 91
2024-11-21 10:32:58,657 - 2 - INFO - 2 -- message -- MISTAKE
2024-11-21 10:33:04,753 - 2 - INFO - 2 -- message -- PLAY 94
2024-11-21 10:33:04,835 - 2 - INFO - 2 -- message -- GAMEOVER
2024-11-21 10:33:04,838 - 2 - INFO - 2 -- GAMEOVER
