2024-11-21 10:17:21,665 - gameManager - INFO - START
2024-11-21 10:21:06,096 - gameManager - INFO - NEXTLEVEL
2024-11-21 10:21:06,101 - gameManager - INFO - broadcast -- NEXTLEVEL [[12], [56], [91]]
2024-11-21 10:21:43,848 - gameManager - INFO - GAME
2024-11-21 10:21:43,851 - gameManager - INFO - broadcast -- GAME
2024-11-21 10:22:05,666 - gameManager - INFO - only player2 as cards
2024-11-21 10:22:05,670 - gameManager - INFO - broadcast -- LAST
2024-11-21 10:22:07,712 - gameManager - INFO - level: 2
2024-11-21 10:22:09,714 - gameManager - INFO - WELCOME
2024-11-21 10:22:09,714 - gameManager - INFO - cards: [[12], [56], [91]]
2024-11-21 10:22:09,743 - gameManager - INFO - broadcast -- WELCOME [[12], [56], [91]]
2024-11-21 10:23:39,565 - gameManager - INFO - NEXTLEVEL
2024-11-21 10:23:39,569 - gameManager - INFO - broadcast -- NEXTLEVEL [[51, 69], [55, 71], [57, 77]]
2024-11-21 10:26:33,206 - gameManager - INFO - GAME
2024-11-21 10:26:33,209 - gameManager - INFO - broadcast -- GAME
2024-11-21 10:27:29,659 - gameManager - INFO - end MISTAKE
2024-11-21 10:27:29,663 - gameManager - INFO - broadcast -- GAME
2024-11-21 10:27:33,771 - gameManager - INFO - only player2 as cards
2024-11-21 10:27:33,774 - gameManager - INFO - broadcast -- LAST
2024-11-21 10:27:35,788 - gameManager - INFO - level: 3
2024-11-21 10:27:37,789 - gameManager - INFO - WELCOME
2024-11-21 10:27:37,790 - gameManager - INFO - cards: [[51, 69], [55, 71], [57, 77]]
2024-11-21 10:27:37,794 - gameManager - INFO - broadcast -- WELCOME [[51, 69], [55, 71], [57, 77]]
2024-11-21 10:31:23,851 - gameManager - INFO - NEXTLEVEL
2024-11-21 10:31:23,855 - gameManager - INFO - broadcast -- NEXTLEVEL [[51, 74, 97], [50, 60, 98], [91, 94, 95]]
2024-11-21 10:31:27,639 - gameManager - INFO - GAME
2024-11-21 10:31:27,642 - gameManager - INFO - broadcast -- GAME
2024-11-21 10:33:01,748 - gameManager - INFO - end MISTAKE
2024-11-21 10:33:01,751 - gameManager - INFO - broadcast -- GAME
