2024-11-21 10:38:30,302 - 0 - INFO - Connected to Player 0
2024-11-21 10:38:30,310 - 0 - INFO - add client
2024-11-21 10:41:21,255 - 0 - INFO - 0 -- message -- WELCOME
2024-11-21 10:41:21,256 - 0 - INFO - 0 -- NEXTLEVEL
2024-11-21 10:42:02,751 - 0 - INFO - 0 -- message -- READYTOPLAY
2024-11-21 10:42:02,752 - 0 - INFO - 0 -- GAME
2024-11-21 10:42:14,400 - 0 - INFO - 0 -- message -- PLAY 14
2024-11-21 10:42:14,402 - 0 - INFO - 0 -- PLAY -- 14
2024-11-21 10:42:14,408 - 0 - INFO - 0 -- broadcast -- CARD 0,14
2024-11-21 10:42:27,766 - 0 - INFO - 0 -- message -- WELCOME
2024-11-21 10:42:27,768 - 0 - INFO - 0 -- NEXTLEVEL
2024-11-21 10:42:36,380 - 0 - INFO - 0 -- message -- READYTOPLAY
2024-11-21 10:42:36,382 - 0 - INFO - 0 -- GAME
2024-11-21 10:43:17,069 - 0 - INFO - 0 -- message -- PLAY 53
2024-11-21 10:43:17,070 - 0 - INFO - 0 -- PLAY -- 53
2024-11-21 10:43:17,077 - 0 - INFO - 0 -- broadcast -- CARD 0,53
2024-11-21 10:44:08,579 - 0 - INFO - 0 -- message -- PLAY 85
2024-11-21 10:44:08,580 - 0 - INFO - 0 -- PLAY -- 85
2024-11-21 10:44:08,581 - 0 - INFO - 0 -- 2
2024-11-21 10:44:08,583 - 0 - INFO - 0 -- MISTAKE
2024-11-21 10:44:08,587 - 0 - INFO - 0 -- broadcast -- MISTAKE 85
2024-11-21 10:44:16,056 - 0 - INFO - 0 -- message -- WELCOME
2024-11-21 10:44:16,057 - 0 - INFO - 0 -- NEXTLEVEL
2024-11-21 10:44:21,531 - 0 - INFO - 0 -- message -- READYTOPLAY
2024-11-21 10:44:21,533 - 0 - INFO - 0 -- GAME
2024-11-21 10:44:45,674 - 0 - INFO - 0 -- message -- PLAY 3
2024-11-21 10:44:45,675 - 0 - INFO - 0 -- PLAY -- 3
2024-11-21 10:44:45,682 - 0 - INFO - 0 -- broadcast -- CARD 0,3
2024-11-21 10:44:55,788 - 0 - INFO - 0 -- message -- PLAY 15
2024-11-21 10:44:55,790 - 0 - INFO - 0 -- PLAY -- 15
2024-11-21 10:44:55,796 - 0 - INFO - 0 -- broadcast -- CARD 0,15
2024-11-21 10:45:39,079 - 0 - INFO - 0 -- message -- PLAY 87
2024-11-21 10:45:39,080 - 0 - INFO - 0 -- PLAY -- 87
2024-11-21 10:45:39,082 - 0 - INFO - 0 -- 1
2024-11-21 10:45:39,084 - 0 - INFO - 0 -- MISTAKE
2024-11-21 10:45:39,088 - 0 - INFO - 0 -- broadcast -- MISTAKE 87
