2024-11-21 10:38:34,230 - 1 - INFO - Connected to Player 1
2024-11-21 10:38:34,239 - 1 - INFO - add client
2024-11-21 10:41:26,248 - 1 - INFO - 1 -- message -- WELCOME
2024-11-21 10:41:26,250 - 1 - INFO - 1 -- NEXTLEVEL
2024-11-21 10:42:02,214 - 1 - INFO - 1 -- message -- READYTOPLAY
2024-11-21 10:42:02,215 - 1 - INFO - 1 -- GAME
2024-11-21 10:42:22,694 - 1 - INFO - 1 -- message -- PLAY 52
2024-11-21 10:42:22,695 - 1 - INFO - 1 -- PLAY -- 52
2024-11-21 10:42:22,702 - 1 - INFO - 1 -- broadcast -- CARD 1,52
2024-11-21 10:42:34,180 - 1 - INFO - 1 -- message -- WELCOME
2024-11-21 10:42:34,182 - 1 - INFO - 1 -- NEXTLEVEL
2024-11-21 10:42:37,852 - 1 - INFO - 1 -- message -- READYTOPLAY
2024-11-21 10:42:37,853 - 1 - INFO - 1 -- GAME
2024-11-21 10:43:54,604 - 1 - INFO - 1 -- message -- PLAY 65
2024-11-21 10:43:54,606 - 1 - INFO - 1 -- PLAY -- 65
2024-11-21 10:43:54,612 - 1 - INFO - 1 -- broadcast -- CARD 1,65
2024-11-21 10:44:12,981 - 1 - INFO - 1 -- message -- MISTAKE
2024-11-21 10:44:12,983 - 1 - INFO - 1 -- MISTAKE
2024-11-21 10:44:20,659 - 1 - INFO - 1 -- message -- WELCOME
2024-11-21 10:44:20,661 - 1 - INFO - 1 -- NEXTLEVEL
2024-11-21 10:44:43,497 - 1 - INFO - 1 -- message -- READYTOPLAY
2024-11-21 10:44:43,499 - 1 - INFO - 1 -- GAME
2024-11-21 10:44:54,249 - 1 - INFO - 1 -- message -- PLAY 14
2024-11-21 10:44:54,250 - 1 - INFO - 1 -- PLAY -- 14
2024-11-21 10:44:54,256 - 1 - INFO - 1 -- broadcast -- CARD 1,14
2024-11-21 10:45:24,980 - 1 - INFO - 1 -- message -- PLAY 42
2024-11-21 10:45:24,981 - 1 - INFO - 1 -- PLAY -- 42
2024-11-21 10:45:24,987 - 1 - INFO - 1 -- broadcast -- CARD 1,42
2024-11-21 10:45:41,250 - 1 - INFO - 1 -- message -- MISTAKE
2024-11-21 10:45:41,252 - 1 - INFO - 1 -- MISTAKE
