2024-11-21 10:38:18,072 - 2 - INFO - Connected to Player 2
2024-11-21 10:38:18,083 - 2 - INFO - add client
2024-11-21 10:38:18,084 - 2 - INFO - 2 -- message -- WELCOME
2024-11-21 10:38:18,085 - 2 - INFO - 2 -- NEXTLEVEL
2024-11-21 10:41:26,263 - 2 - INFO - 2 -- message -- READYTOPLAY
2024-11-21 10:41:26,265 - 2 - INFO - 2 -- GAME
2024-11-21 10:42:24,707 - 2 - INFO - 2 -- message -- PLAY 97
2024-11-21 10:42:24,708 - 2 - INFO - 2 -- PLAY -- 97
2024-11-21 10:42:24,715 - 2 - INFO - 2 -- broadcast -- CARD 2,97
2024-11-21 10:42:26,778 - 2 - INFO - 2 -- message -- WELCOME
2024-11-21 10:42:26,780 - 2 - INFO - 2 -- NEXTLEVEL
2024-11-21 10:42:34,192 - 2 - INFO - 2 -- message -- READYTOPLAY
2024-11-21 10:42:34,193 - 2 - INFO - 2 -- GAME
2024-11-21 10:43:18,080 - 2 - INFO - 2 -- message -- PLAY 54
2024-11-21 10:43:18,081 - 2 - INFO - 2 -- PLAY -- 54
2024-11-21 10:43:18,089 - 2 - INFO - 2 -- broadcast -- CARD 2,54
2024-11-21 10:43:19,090 - 2 - INFO - 2 -- message -- PLAY 55
2024-11-21 10:43:19,092 - 2 - INFO - 2 -- PLAY -- 55
2024-11-21 10:43:19,099 - 2 - INFO - 2 -- broadcast -- CARD 2,55
2024-11-21 10:44:08,589 - 2 - INFO - 2 -- message -- MISTAKE
2024-11-21 10:44:08,591 - 2 - INFO - 2 -- MISTAKE
2024-11-21 10:44:15,002 - 2 - INFO - 2 -- message -- WELCOME
2024-11-21 10:44:15,003 - 2 - INFO - 2 -- NEXTLEVEL
2024-11-21 10:44:20,673 - 2 - INFO - 2 -- message -- READYTOPLAY
2024-11-21 10:44:20,675 - 2 - INFO - 2 -- GAME
2024-11-21 10:45:00,800 - 2 - INFO - 2 -- message -- PLAY 20
2024-11-21 10:45:00,801 - 2 - INFO - 2 -- PLAY -- 20
2024-11-21 10:45:00,807 - 2 - INFO - 2 -- broadcast -- CARD 2,20
2024-11-21 10:45:19,811 - 2 - INFO - 2 -- message -- PLAY 39
2024-11-21 10:45:19,812 - 2 - INFO - 2 -- PLAY -- 39
2024-11-21 10:45:19,819 - 2 - INFO - 2 -- broadcast -- CARD 2,39
2024-11-21 10:45:39,090 - 2 - INFO - 2 -- message -- MISTAKE
2024-11-21 10:45:39,092 - 2 - INFO - 2 -- MISTAKE
2024-11-21 10:45:43,275 - 2 - INFO - 2 -- message -- WELCOME
2024-11-21 10:45:43,276 - 2 - INFO - 2 -- NEXTLEVEL
