2024-11-21 10:38:00,265 - gameManager - INFO - START
2024-11-21 10:41:26,252 - gameManager - INFO - NEXTLEVEL
2024-11-21 10:41:26,257 - gameManager - INFO - broadcast -- NEXTLEVEL [[14], [52], [97]]
2024-11-21 10:42:02,755 - gameManager - INFO - GAME
2024-11-21 10:42:02,759 - gameManager - INFO - broadcast -- GAME
2024-11-21 10:42:22,698 - gameManager - INFO - only player2 as cards
2024-11-21 10:42:22,703 - gameManager - INFO - broadcast -- LAST
2024-11-21 10:42:24,718 - gameManager - INFO - level: 2
2024-11-21 10:42:26,719 - gameManager - INFO - WELCOME
2024-11-21 10:42:26,720 - gameManager - INFO - cards: [[14], [52], [97]]
2024-11-21 10:42:26,776 - gameManager - INFO - broadcast -- WELCOME [[14], [52], [97]]
2024-11-21 10:42:34,184 - gameManager - INFO - NEXTLEVEL
2024-11-21 10:42:34,188 - gameManager - INFO - broadcast -- NEXTLEVEL [[53, 85], [65, 73], [54, 55]]
2024-11-21 10:42:37,914 - gameManager - INFO - GAME
2024-11-21 10:42:37,917 - gameManager - INFO - broadcast -- GAME
2024-11-21 10:44:12,986 - gameManager - INFO - end MISTAKE
2024-11-21 10:44:12,989 - gameManager - INFO - broadcast -- GAME
2024-11-21 10:44:12,995 - gameManager - INFO - level: 3
2024-11-21 10:44:14,997 - gameManager - INFO - WELCOME
2024-11-21 10:44:14,997 - gameManager - INFO - cards: [[53, 85], [65, 73], [54, 55]]
2024-11-21 10:44:15,001 - gameManager - INFO - broadcast -- WELCOME [[53, 85], [65, 73], [54, 55]]
2024-11-21 10:44:20,666 - gameManager - INFO - NEXTLEVEL
2024-11-21 10:44:20,670 - gameManager - INFO - broadcast -- NEXTLEVEL [[3, 15, 87], [14, 42, 66], [20, 39, 59]]
2024-11-21 10:44:43,503 - gameManager - INFO - GAME
2024-11-21 10:44:43,507 - gameManager - INFO - broadcast -- GAME
2024-11-21 10:45:41,257 - gameManager - INFO - end MISTAKE
2024-11-21 10:45:41,260 - gameManager - INFO - broadcast -- GAME
2024-11-21 10:45:41,267 - gameManager - INFO - level: 4
2024-11-21 10:45:43,269 - gameManager - INFO - WELCOME
2024-11-21 10:45:43,269 - gameManager - INFO - cards: [[3, 15, 87], [14, 42, 66], [20, 39, 59]]
2024-11-21 10:45:43,273 - gameManager - INFO - broadcast -- WELCOME [[3, 15, 87], [14, 42, 66], [20, 39, 59]]
