2025-02-06 01:23:38,811 - 1 - INFO - Connected to Player 1
2025-02-06 01:23:46,454 - 1 - INFO - 1 -- message -- WELCOME
2025-02-06 01:23:46,455 - 1 - INFO - 1 -- NEXTLEVEL
2025-02-06 01:23:55,289 - 1 - INFO - 1 -- message -- READYTOPLAY
2025-02-06 01:23:55,291 - 1 - INFO - 1 -- GAME
2025-02-06 01:24:05,076 - 1 - INFO - 1 -- message -- PLAY 57
2025-02-06 01:24:05,077 - 1 - INFO - 1 -- PLAY -- 57
2025-02-06 01:24:05,671 - 1 - INFO - 1 -- broadcast -- CARD 1,57
2025-02-06 01:24:12,660 - 1 - INFO - 1 -- message -- WELCOME
2025-02-06 01:24:12,663 - 1 - INFO - 1 -- NEXTLEVEL
2025-02-06 01:24:14,635 - 1 - INFO - 1 -- message -- READYTOPLAY
2025-02-06 01:24:14,635 - 1 - INFO - 1 -- GAME
2025-02-06 01:24:18,614 - 1 - INFO - 1 -- message -- PLAY 77
2025-02-06 01:24:18,615 - 1 - INFO - 1 -- PLAY -- 77
2025-02-06 01:24:19,244 - 1 - INFO - 1 -- broadcast -- CARD 1,77
2025-02-06 01:24:22,094 - 1 - INFO - 1 -- message -- PLAY 100
2025-02-06 01:24:22,096 - 1 - INFO - 1 -- PLAY -- 100
2025-02-06 01:24:22,664 - 1 - INFO - 1 -- 2
2025-02-06 01:24:22,664 - 1 - INFO - 1 -- MISTAKE
2025-02-06 01:24:22,667 - 1 - INFO - 1 -- broadcast -- MISTAKE 100
