2025-02-06 01:23:34,667 - gameManager - INFO - START
2025-02-06 01:23:46,457 - gameManager - INFO - NEXTLEVEL
2025-02-06 01:23:46,458 - gameManager - INFO - broadcast -- NEXTLEVEL [[1], [57], [91]]
2025-02-06 01:23:57,584 - gameManager - INFO - GAME
2025-02-06 01:23:57,586 - gameManager - INFO - broadcast -- GAME
2025-02-06 01:24:05,672 - gameManager - INFO - only player2 as cards
2025-02-06 01:24:05,675 - gameManager - INFO - broadcast -- LAST
2025-02-06 01:24:08,123 - gameManager - INFO - level: 2
2025-02-06 01:24:10,124 - gameManager - INFO - WELCOME
2025-02-06 01:24:10,125 - gameManager - INFO - cards: [[1], [57], [91]]
2025-02-06 01:24:10,126 - gameManager - INFO - broadcast -- WELCOME [[1], [57], [91]]
2025-02-06 01:24:13,140 - gameManager - INFO - NEXTLEVEL
2025-02-06 01:24:13,142 - gameManager - INFO - broadcast -- NEXTLEVEL [[87, 89], [77, 100], [64, 91]]
2025-02-06 01:24:15,151 - gameManager - INFO - GAME
2025-02-06 01:24:15,153 - gameManager - INFO - broadcast -- GAME
2025-02-06 01:24:25,933 - gameManager - INFO - end MISTAKE
2025-02-06 01:24:25,934 - gameManager - INFO - broadcast -- GAME
2025-02-06 01:24:25,939 - gameManager - INFO - level: 3
2025-02-06 01:24:27,941 - gameManager - INFO - WELCOME
2025-02-06 01:24:27,941 - gameManager - INFO - cards: [[87, 89], [77, 100], [64, 91]]
2025-02-06 01:24:27,942 - gameManager - INFO - broadcast -- WELCOME [[87, 89], [77, 100], [64, 91]]
