2024-11-14 01:23:15,029 - 0 - INFO - Connected to Player 0
2024-11-14 01:23:15,047 - 0 - INFO - add client
2024-11-14 01:23:19,419 - 0 - INFO - 0 -- message -- WELCOME
2024-11-14 01:23:19,422 - 0 - INFO - 0 -- NEXTLEVEL
2024-11-14 01:23:21,774 - 0 - INFO - 0 -- message -- READYTOPLAY
2024-11-14 01:23:21,777 - 0 - INFO - 0 -- GAME
2024-11-14 01:23:26,490 - 0 - INFO - 0 -- message -- PLAY 18
2024-11-14 01:23:26,492 - 0 - INFO - 0 -- PLAY -- 18
2024-11-14 01:23:26,510 - 0 - INFO - 0 -- broadcast -- CARD 0,18
2024-11-14 01:23:37,135 - 0 - INFO - 0 -- message -- WELCOME
2024-11-14 01:23:37,136 - 0 - INFO - 0 -- NEXTLEVEL
2024-11-14 01:23:41,541 - 0 - INFO - 0 -- message -- READYTOPLAY
2024-11-14 01:23:41,543 - 0 - INFO - 0 -- GAME
2024-11-14 01:23:51,575 - 0 - INFO - 0 -- message -- PLAY 39
2024-11-14 01:23:51,577 - 0 - INFO - 0 -- PLAY -- 39
2024-11-14 01:23:51,590 - 0 - INFO - 0 -- broadcast -- CARD 0,39
2024-11-14 01:23:53,826 - 0 - INFO - 0 -- message -- PLAY 75
2024-11-14 01:23:53,828 - 0 - INFO - 0 -- PLAY -- 75
2024-11-14 01:23:53,841 - 0 - INFO - 0 -- broadcast -- CARD 0,75
2024-11-14 01:23:59,121 - 0 - INFO - 0 -- message -- WELCOME
2024-11-14 01:23:59,123 - 0 - INFO - 0 -- NEXTLEVEL
2024-11-14 01:24:00,714 - 0 - INFO - 0 -- message -- READYTOPLAY
2024-11-14 01:24:00,716 - 0 - INFO - 0 -- GAME
2024-11-14 01:24:11,850 - 0 - INFO - 0 -- message -- PLAY 40
2024-11-14 01:24:11,853 - 0 - INFO - 0 -- PLAY -- 40
2024-11-14 01:24:11,867 - 0 - INFO - 0 -- broadcast -- CARD 0,40
2024-11-14 01:24:13,105 - 0 - INFO - 0 -- message -- PLAY 53
2024-11-14 01:24:13,107 - 0 - INFO - 0 -- PLAY -- 53
2024-11-14 01:24:13,120 - 0 - INFO - 0 -- broadcast -- CARD 0,53
2024-11-14 01:24:15,434 - 0 - INFO - 0 -- message -- PLAY 86
2024-11-14 01:24:15,436 - 0 - INFO - 0 -- PLAY -- 86
2024-11-14 01:24:15,445 - 0 - INFO - 0 -- broadcast -- CARD 0,86
2024-11-14 01:24:19,427 - 0 - INFO - 0 -- message -- WELCOME
2024-11-14 01:24:19,429 - 0 - INFO - 0 -- NEXTLEVEL
2024-11-14 01:24:21,906 - 0 - INFO - 0 -- message -- READYTOPLAY
2024-11-14 01:24:21,908 - 0 - INFO - 0 -- GAME
2024-11-14 01:24:29,360 - 0 - INFO - 0 -- message -- PLAY 31
2024-11-14 01:24:29,360 - 0 - INFO - 0 -- PLAY -- 31
2024-11-14 01:24:29,367 - 0 - INFO - 0 -- broadcast -- CARD 0,31
2024-11-14 01:24:38,249 - 0 - INFO - 0 -- message -- PLAY 62
2024-11-14 01:24:38,251 - 0 - INFO - 0 -- PLAY -- 62
2024-11-14 01:24:38,263 - 0 - INFO - 0 -- broadcast -- CARD 0,62
2024-11-14 01:24:39,702 - 0 - INFO - 0 -- message -- PLAY 83
2024-11-14 01:24:39,704 - 0 - INFO - 0 -- PLAY -- 83
2024-11-14 01:24:39,713 - 0 - INFO - 0 -- broadcast -- CARD 0,83
2024-11-14 01:24:41,476 - 0 - INFO - 0 -- message -- PLAY 89
2024-11-14 01:24:41,477 - 0 - INFO - 0 -- PLAY -- 89
2024-11-14 01:24:41,481 - 0 - INFO - 0 -- broadcast -- CARD 0,89
2024-11-14 01:24:46,982 - 0 - INFO - 0 -- message -- WELCOME
2024-11-14 01:24:46,985 - 0 - INFO - 0 -- NEXTLEVEL
2024-11-14 01:24:49,086 - 0 - INFO - 0 -- message -- READYTOPLAY
2024-11-14 01:24:49,087 - 0 - INFO - 0 -- GAME
2024-11-14 01:24:58,339 - 0 - INFO - 0 -- message -- PLAY 23
2024-11-14 01:24:58,342 - 0 - INFO - 0 -- PLAY -- 23
2024-11-14 01:24:58,355 - 0 - INFO - 0 -- broadcast -- CARD 0,23
2024-11-14 01:25:00,797 - 0 - INFO - 0 -- message -- PLAY 31
2024-11-14 01:25:00,800 - 0 - INFO - 0 -- PLAY -- 31
2024-11-14 01:25:00,816 - 0 - INFO - 0 -- broadcast -- CARD 0,31
2024-11-14 01:25:02,542 - 0 - INFO - 0 -- message -- PLAY 43
2024-11-14 01:25:02,544 - 0 - INFO - 0 -- PLAY -- 43
2024-11-14 01:25:02,557 - 0 - INFO - 0 -- broadcast -- CARD 0,43
2024-11-14 01:25:04,278 - 0 - INFO - 0 -- message -- PLAY 50
2024-11-14 01:25:04,280 - 0 - INFO - 0 -- PLAY -- 50
2024-11-14 01:25:04,294 - 0 - INFO - 0 -- broadcast -- CARD 0,50
2024-11-14 01:25:07,346 - 0 - INFO - 0 -- message -- PLAY 63
2024-11-14 01:25:07,348 - 0 - INFO - 0 -- PLAY -- 63
2024-11-14 01:25:07,363 - 0 - INFO - 0 -- broadcast -- CARD 0,63
2024-11-14 01:25:19,038 - 0 - INFO - 0 -- message -- WELCOME
2024-11-14 01:25:19,040 - 0 - INFO - 0 -- NEXTLEVEL
2024-11-14 01:25:20,575 - 0 - INFO - 0 -- message -- READYTOPLAY
2024-11-14 01:25:20,577 - 0 - INFO - 0 -- GAME
2024-11-14 01:25:35,515 - 0 - INFO - 0 -- message -- PLAY 16
2024-11-14 01:25:35,517 - 0 - INFO - 0 -- PLAY -- 16
2024-11-14 01:25:35,531 - 0 - INFO - 0 -- broadcast -- CARD 0,16
2024-11-14 01:25:46,007 - 0 - INFO - 0 -- message -- MISTAKE
2024-11-14 01:25:46,011 - 0 - INFO - 0 -- MISTAKE
2024-11-14 01:25:59,370 - 0 - INFO - 0 -- message -- PLAY 66
2024-11-14 01:25:59,372 - 0 - INFO - 0 -- PLAY -- 66
2024-11-14 01:25:59,384 - 0 - INFO - 0 -- broadcast -- CARD 0,66
2024-11-14 01:26:00,907 - 0 - INFO - 0 -- message -- PLAY 68
2024-11-14 01:26:00,909 - 0 - INFO - 0 -- PLAY -- 68
2024-11-14 01:26:00,923 - 0 - INFO - 0 -- broadcast -- CARD 0,68
2024-11-14 01:26:02,241 - 0 - INFO - 0 -- message -- PLAY 71
2024-11-14 01:26:02,244 - 0 - INFO - 0 -- PLAY -- 71
2024-11-14 01:26:02,258 - 0 - INFO - 0 -- broadcast -- CARD 0,71
2024-11-14 01:26:03,174 - 0 - INFO - 0 -- message -- PLAY 74
2024-11-14 01:26:03,176 - 0 - INFO - 0 -- PLAY -- 74
2024-11-14 01:26:03,187 - 0 - INFO - 0 -- broadcast -- CARD 0,74
2024-11-14 01:26:09,712 - 0 - INFO - 0 -- message -- PLAY 96
2024-11-14 01:26:09,714 - 0 - INFO - 0 -- PLAY -- 96
2024-11-14 01:26:09,726 - 0 - INFO - 0 -- broadcast -- CARD 0,96
2024-11-14 01:26:14,844 - 0 - INFO - 0 -- message -- WELCOME
2024-11-14 01:26:14,847 - 0 - INFO - 0 -- NEXTLEVEL
2024-11-14 01:26:16,982 - 0 - INFO - 0 -- message -- READYTOPLAY
2024-11-14 01:26:16,984 - 0 - INFO - 0 -- GAME
2024-11-14 01:26:19,646 - 0 - INFO - 0 -- message -- PLAY 1
2024-11-14 01:26:19,648 - 0 - INFO - 0 -- PLAY -- 1
2024-11-14 01:26:19,660 - 0 - INFO - 0 -- broadcast -- CARD 0,1
2024-11-14 01:26:30,192 - 0 - INFO - 0 -- message -- PLAY 26
2024-11-14 01:26:30,194 - 0 - INFO - 0 -- PLAY -- 26
2024-11-14 01:26:30,208 - 0 - INFO - 0 -- broadcast -- CARD 0,26
2024-11-14 01:26:34,390 - 0 - INFO - 0 -- message -- PLAY 39
2024-11-14 01:26:34,391 - 0 - INFO - 0 -- PLAY -- 39
2024-11-14 01:26:34,397 - 0 - INFO - 0 -- broadcast -- CARD 0,39
2024-11-14 01:26:40,770 - 0 - INFO - 0 -- message -- PLAY 54
2024-11-14 01:26:40,772 - 0 - INFO - 0 -- PLAY -- 54
2024-11-14 01:26:40,786 - 0 - INFO - 0 -- broadcast -- CARD 0,54
2024-11-14 01:26:47,726 - 0 - INFO - 0 -- message -- PLAY 73
2024-11-14 01:26:47,729 - 0 - INFO - 0 -- PLAY -- 73
2024-11-14 01:26:47,739 - 0 - INFO - 0 -- broadcast -- CARD 0,73
2024-11-14 01:26:49,130 - 0 - INFO - 0 -- message -- PLAY 81
2024-11-14 01:26:49,132 - 0 - INFO - 0 -- PLAY -- 81
2024-11-14 01:26:49,143 - 0 - INFO - 0 -- broadcast -- CARD 0,81
2024-11-14 01:26:50,979 - 0 - INFO - 0 -- message -- PLAY 99
2024-11-14 01:26:50,981 - 0 - INFO - 0 -- PLAY -- 99
2024-11-14 01:26:50,994 - 0 - INFO - 0 -- broadcast -- CARD 0,99
2024-11-14 01:26:54,476 - 0 - INFO - 0 -- message -- WELCOME
2024-11-14 01:26:54,478 - 0 - INFO - 0 -- NEXTLEVEL
2024-11-14 01:26:56,369 - 0 - INFO - 0 -- message -- READYTOPLAY
2024-11-14 01:26:56,372 - 0 - INFO - 0 -- GAME
2024-11-14 01:27:03,612 - 0 - INFO - 0 -- message -- PLAY 2
2024-11-14 01:27:03,614 - 0 - INFO - 0 -- PLAY -- 2
2024-11-14 01:27:03,625 - 0 - INFO - 0 -- broadcast -- CARD 0,2
2024-11-14 01:27:10,231 - 0 - INFO - 0 -- message -- PLAY 14
2024-11-14 01:27:10,232 - 0 - INFO - 0 -- PLAY -- 14
2024-11-14 01:27:10,237 - 0 - INFO - 0 -- broadcast -- CARD 0,14
2024-11-14 01:27:11,883 - 0 - INFO - 0 -- message -- PLAY 17
2024-11-14 01:27:11,885 - 0 - INFO - 0 -- PLAY -- 17
2024-11-14 01:27:11,900 - 0 - INFO - 0 -- broadcast -- CARD 0,17
2024-11-14 01:27:13,330 - 0 - INFO - 0 -- message -- PLAY 22
2024-11-14 01:27:13,333 - 0 - INFO - 0 -- PLAY -- 22
2024-11-14 01:27:13,346 - 0 - INFO - 0 -- broadcast -- CARD 0,22
2024-11-14 01:27:29,276 - 0 - INFO - 0 -- message -- PLAY 47
2024-11-14 01:27:29,278 - 0 - INFO - 0 -- PLAY -- 47
2024-11-14 01:27:29,293 - 0 - INFO - 0 -- broadcast -- CARD 0,47
2024-11-14 01:27:53,452 - 0 - INFO - 0 -- message -- PLAY 66
2024-11-14 01:27:53,455 - 0 - INFO - 0 -- PLAY -- 66
2024-11-14 01:27:53,469 - 0 - INFO - 0 -- broadcast -- CARD 0,66
2024-11-14 01:27:55,704 - 0 - INFO - 0 -- message -- ASK_REFOCUS
2024-11-14 01:27:55,708 - 0 - INFO - 0 -- REFOCUS
2024-11-14 01:27:55,715 - 0 - INFO - 0 -- broadcast -- REFOCUS
2024-11-14 01:27:58,770 - 0 - INFO - 0 -- message -- REFOCUS
2024-11-14 01:27:58,775 - 0 - INFO - 0 -- REFOCUS
2024-11-14 01:28:19,768 - 0 - INFO - 0 -- message -- PLAY 92
2024-11-14 01:28:19,770 - 0 - INFO - 0 -- PLAY -- 92
2024-11-14 01:28:19,782 - 0 - INFO - 0 -- broadcast -- CARD 0,92
2024-11-14 01:28:20,480 - 0 - INFO - 0 -- message -- PLAY 99
2024-11-14 01:28:20,482 - 0 - INFO - 0 -- PLAY -- 99
2024-11-14 01:28:20,494 - 0 - INFO - 0 -- broadcast -- CARD 0,99
2024-11-14 01:28:24,776 - 0 - INFO - 0 -- message -- WELCOME
2024-11-14 01:28:24,778 - 0 - INFO - 0 -- NEXTLEVEL
2024-11-14 01:28:27,130 - 0 - INFO - 0 -- message -- READYTOPLAY
2024-11-14 01:28:27,133 - 0 - INFO - 0 -- GAME
2024-11-14 01:28:39,312 - 0 - INFO - 0 -- message -- PLAY 18
2024-11-14 01:28:39,315 - 0 - INFO - 0 -- PLAY -- 18
2024-11-14 01:28:39,330 - 0 - INFO - 0 -- broadcast -- CARD 0,18
2024-11-14 01:28:41,467 - 0 - INFO - 0 -- message -- PLAY 21
2024-11-14 01:28:41,470 - 0 - INFO - 0 -- PLAY -- 21
2024-11-14 01:28:41,482 - 0 - INFO - 0 -- broadcast -- CARD 0,21
2024-11-14 01:28:43,226 - 0 - INFO - 0 -- message -- PLAY 25
2024-11-14 01:28:43,228 - 0 - INFO - 0 -- PLAY -- 25
2024-11-14 01:28:43,238 - 0 - INFO - 0 -- broadcast -- CARD 0,25
2024-11-14 01:28:45,955 - 0 - INFO - 0 -- message -- PLAY 31
2024-11-14 01:28:45,957 - 0 - INFO - 0 -- PLAY -- 31
2024-11-14 01:28:45,971 - 0 - INFO - 0 -- broadcast -- CARD 0,31
2024-11-14 01:28:50,435 - 0 - INFO - 0 -- message -- PLAY 50
2024-11-14 01:28:50,436 - 0 - INFO - 0 -- PLAY -- 50
2024-11-14 01:28:50,442 - 0 - INFO - 0 -- broadcast -- CARD 0,50
2024-11-14 01:28:52,024 - 0 - INFO - 0 -- message -- PLAY 52
2024-11-14 01:28:52,026 - 0 - INFO - 0 -- PLAY -- 52
2024-11-14 01:28:52,039 - 0 - INFO - 0 -- broadcast -- CARD 0,52
2024-11-14 01:29:00,618 - 0 - INFO - 0 -- message -- PLAY 66
2024-11-14 01:29:00,619 - 0 - INFO - 0 -- PLAY -- 66
2024-11-14 01:29:00,633 - 0 - INFO - 0 -- broadcast -- CARD 0,66
2024-11-14 01:29:03,794 - 0 - INFO - 0 -- message -- PLAY 71
2024-11-14 01:29:03,796 - 0 - INFO - 0 -- PLAY -- 71
2024-11-14 01:29:03,807 - 0 - INFO - 0 -- broadcast -- CARD 0,71
2024-11-14 01:29:06,147 - 0 - INFO - 0 -- message -- PLAY 76
2024-11-14 01:29:06,149 - 0 - INFO - 0 -- PLAY -- 76
2024-11-14 01:29:06,162 - 0 - INFO - 0 -- broadcast -- CARD 0,76
2024-11-14 01:29:23,760 - 0 - INFO - 0 -- message -- WELCOME
2024-11-14 01:29:23,761 - 0 - INFO - 0 -- NEXTLEVEL
2024-11-14 01:29:26,135 - 0 - INFO - 0 -- message -- READYTOPLAY
2024-11-14 01:29:26,137 - 0 - INFO - 0 -- GAME
2024-11-14 01:29:36,458 - 0 - INFO - 0 -- message -- PLAY 23
2024-11-14 01:29:36,460 - 0 - INFO - 0 -- PLAY -- 23
2024-11-14 01:29:36,467 - 0 - INFO - 0 -- MISTAKE
2024-11-14 01:29:36,477 - 0 - INFO - 0 -- broadcast -- MISTAKE 23
2024-11-14 01:29:39,331 - 0 - INFO - 0 -- message -- MISTAKE
2024-11-14 01:29:43,838 - 0 - INFO - 0 -- message -- PLAY 25
2024-11-14 01:29:43,840 - 0 - INFO - 0 -- PLAY -- 25
2024-11-14 01:29:43,852 - 0 - INFO - 0 -- broadcast -- CARD 0,25
2024-11-14 01:29:50,997 - 0 - INFO - 0 -- message -- PLAY 30
2024-11-14 01:29:51,001 - 0 - INFO - 0 -- PLAY -- 30
2024-11-14 01:29:51,014 - 0 - INFO - 0 -- broadcast -- CARD 0,30
2024-11-14 01:30:03,759 - 0 - INFO - 0 -- message -- PLAY 44
2024-11-14 01:30:03,760 - 0 - INFO - 0 -- PLAY -- 44
2024-11-14 01:30:03,769 - 0 - INFO - 0 -- broadcast -- CARD 0,44
2024-11-14 01:30:06,153 - 0 - INFO - 0 -- message -- PLAY 46
2024-11-14 01:30:06,156 - 0 - INFO - 0 -- PLAY -- 46
2024-11-14 01:30:06,171 - 0 - INFO - 0 -- broadcast -- CARD 0,46
2024-11-14 01:30:08,611 - 0 - INFO - 0 -- message -- PLAY 51
2024-11-14 01:30:08,613 - 0 - INFO - 0 -- PLAY -- 51
2024-11-14 01:30:08,627 - 0 - INFO - 0 -- broadcast -- CARD 0,51
2024-11-14 01:30:17,626 - 0 - INFO - 0 -- message -- PLAY 71
2024-11-14 01:30:17,628 - 0 - INFO - 0 -- PLAY -- 71
2024-11-14 01:30:17,641 - 0 - INFO - 0 -- broadcast -- CARD 0,71
2024-11-14 01:30:20,279 - 0 - INFO - 0 -- message -- PLAY 75
2024-11-14 01:30:20,281 - 0 - INFO - 0 -- PLAY -- 75
2024-11-14 01:30:20,297 - 0 - INFO - 0 -- broadcast -- CARD 0,75
2024-11-14 01:30:20,747 - 0 - INFO - 0 -- message -- PLAY 77
2024-11-14 01:30:20,749 - 0 - INFO - 0 -- PLAY -- 77
2024-11-14 01:30:20,763 - 0 - INFO - 0 -- broadcast -- CARD 0,77
2024-11-14 01:30:23,355 - 0 - INFO - 0 -- message -- PLAY 81
2024-11-14 01:30:23,357 - 0 - INFO - 0 -- PLAY -- 81
2024-11-14 01:30:23,369 - 0 - INFO - 0 -- broadcast -- CARD 0,81
2024-11-14 01:30:46,089 - 0 - INFO - 0 -- message -- WELCOME
2024-11-14 01:30:46,090 - 0 - INFO - 0 -- NEXTLEVEL
2024-11-14 01:30:57,616 - 0 - INFO - 0 -- message -- READYTOPLAY
2024-11-14 01:30:57,618 - 0 - INFO - 0 -- GAME
2024-11-14 01:31:04,417 - 0 - INFO - 0 -- message -- PLAY 10
2024-11-14 01:31:04,419 - 0 - INFO - 0 -- PLAY -- 10
2024-11-14 01:31:04,425 - 0 - INFO - 0 -- GAMEOVER
2024-11-14 01:31:04,433 - 0 - INFO - 0 -- broadcast -- GAMEOVER
