2024-11-14 01:23:18,674 - 1 - INFO - Connected to Player 1
2024-11-14 01:23:18,691 - 1 - INFO - add client
2024-11-14 01:23:18,909 - 1 - INFO - 1 -- message -- WELCOME
2024-11-14 01:23:18,910 - 1 - INFO - 1 -- NEXTLEVEL
2024-11-14 01:23:21,200 - 1 - INFO - 1 -- message -- READYTOPLAY
2024-11-14 01:23:21,203 - 1 - INFO - 1 -- GAME
2024-11-14 01:23:28,026 - 1 - INFO - 1 -- message -- PLAY 59
2024-11-14 01:23:28,029 - 1 - INFO - 1 -- PLAY -- 59
2024-11-14 01:23:28,044 - 1 - INFO - 1 -- broadcast -- CARD 1,59
2024-11-14 01:23:36,418 - 1 - INFO - 1 -- message -- WELCOME
2024-11-14 01:23:36,419 - 1 - INFO - 1 -- NEXTLEVEL
2024-11-14 01:23:40,940 - 1 - INFO - 1 -- message -- READYTOPLAY
2024-11-14 01:23:40,959 - 1 - INFO - 1 -- GAME
2024-11-14 01:23:46,357 - 1 - INFO - 1 -- message -- PLAY 20
2024-11-14 01:23:46,359 - 1 - INFO - 1 -- PLAY -- 20
2024-11-14 01:23:46,369 - 1 - INFO - 1 -- broadcast -- CARD 1,20
2024-11-14 01:23:54,759 - 1 - INFO - 1 -- message -- PLAY 83
2024-11-14 01:23:54,761 - 1 - INFO - 1 -- PLAY -- 83
2024-11-14 01:23:54,772 - 1 - INFO - 1 -- broadcast -- CARD 1,83
2024-11-14 01:23:59,535 - 1 - INFO - 1 -- message -- WELCOME
2024-11-14 01:23:59,537 - 1 - INFO - 1 -- NEXTLEVEL
2024-11-14 01:24:00,586 - 1 - INFO - 1 -- message -- READYTOPLAY
2024-11-14 01:24:00,588 - 1 - INFO - 1 -- GAME
2024-11-14 01:24:07,413 - 1 - INFO - 1 -- message -- PLAY 17
2024-11-14 01:24:07,415 - 1 - INFO - 1 -- PLAY -- 17
2024-11-14 01:24:07,428 - 1 - INFO - 1 -- broadcast -- CARD 1,17
2024-11-14 01:24:10,762 - 1 - INFO - 1 -- message -- PLAY 31
2024-11-14 01:24:10,764 - 1 - INFO - 1 -- PLAY -- 31
2024-11-14 01:24:10,778 - 1 - INFO - 1 -- broadcast -- CARD 1,31
2024-11-14 01:24:14,514 - 1 - INFO - 1 -- message -- PLAY 71
2024-11-14 01:24:14,516 - 1 - INFO - 1 -- PLAY -- 71
2024-11-14 01:24:14,528 - 1 - INFO - 1 -- broadcast -- CARD 1,71
2024-11-14 01:24:19,131 - 1 - INFO - 1 -- message -- WELCOME
2024-11-14 01:24:19,133 - 1 - INFO - 1 -- NEXTLEVEL
2024-11-14 01:24:21,781 - 1 - INFO - 1 -- message -- READYTOPLAY
2024-11-14 01:24:21,783 - 1 - INFO - 1 -- GAME
2024-11-14 01:24:25,990 - 1 - INFO - 1 -- message -- PLAY 3
2024-11-14 01:24:25,992 - 1 - INFO - 1 -- PLAY -- 3
2024-11-14 01:24:26,001 - 1 - INFO - 1 -- broadcast -- CARD 1,3
2024-11-14 01:24:30,384 - 1 - INFO - 1 -- message -- PLAY 33
2024-11-14 01:24:30,386 - 1 - INFO - 1 -- PLAY -- 33
2024-11-14 01:24:30,399 - 1 - INFO - 1 -- broadcast -- CARD 1,33
2024-11-14 01:24:34,685 - 1 - INFO - 1 -- message -- PLAY 53
2024-11-14 01:24:34,688 - 1 - INFO - 1 -- PLAY -- 53
2024-11-14 01:24:34,694 - 1 - INFO - 1 -- broadcast -- CARD 1,53
2024-11-14 01:24:40,615 - 1 - INFO - 1 -- message -- PLAY 87
2024-11-14 01:24:40,617 - 1 - INFO - 1 -- PLAY -- 87
2024-11-14 01:24:40,630 - 1 - INFO - 1 -- broadcast -- CARD 1,87
2024-11-14 01:24:47,689 - 1 - INFO - 1 -- message -- WELCOME
2024-11-14 01:24:47,690 - 1 - INFO - 1 -- NEXTLEVEL
2024-11-14 01:24:49,743 - 1 - INFO - 1 -- message -- READYTOPLAY
2024-11-14 01:24:49,744 - 1 - INFO - 1 -- GAME
2024-11-14 01:24:57,724 - 1 - INFO - 1 -- message -- PLAY 22
2024-11-14 01:24:57,726 - 1 - INFO - 1 -- PLAY -- 22
2024-11-14 01:24:57,742 - 1 - INFO - 1 -- broadcast -- CARD 1,22
2024-11-14 01:24:59,567 - 1 - INFO - 1 -- message -- PLAY 27
2024-11-14 01:24:59,569 - 1 - INFO - 1 -- PLAY -- 27
2024-11-14 01:24:59,583 - 1 - INFO - 1 -- broadcast -- CARD 1,27
2024-11-14 01:25:10,627 - 1 - INFO - 1 -- message -- PLAY 81
2024-11-14 01:25:10,629 - 1 - INFO - 1 -- PLAY -- 81
2024-11-14 01:25:10,642 - 1 - INFO - 1 -- broadcast -- CARD 1,81
2024-11-14 01:25:12,849 - 1 - INFO - 1 -- message -- PLAY 86
2024-11-14 01:25:12,851 - 1 - INFO - 1 -- PLAY -- 86
2024-11-14 01:25:12,864 - 1 - INFO - 1 -- broadcast -- CARD 1,86
2024-11-14 01:25:15,133 - 1 - INFO - 1 -- message -- PLAY 94
2024-11-14 01:25:15,135 - 1 - INFO - 1 -- PLAY -- 94
2024-11-14 01:25:15,142 - 1 - INFO - 1 -- broadcast -- CARD 1,94
2024-11-14 01:25:18,924 - 1 - INFO - 1 -- message -- WELCOME
2024-11-14 01:25:18,926 - 1 - INFO - 1 -- NEXTLEVEL
2024-11-14 01:25:21,178 - 1 - INFO - 1 -- message -- READYTOPLAY
2024-11-14 01:25:21,179 - 1 - INFO - 1 -- GAME
2024-11-14 01:25:32,340 - 1 - INFO - 1 -- message -- PLAY 5
2024-11-14 01:25:32,342 - 1 - INFO - 1 -- PLAY -- 5
2024-11-14 01:25:32,357 - 1 - INFO - 1 -- broadcast -- CARD 1,5
2024-11-14 01:25:32,793 - 1 - INFO - 1 -- message -- PLAY 8
2024-11-14 01:25:32,795 - 1 - INFO - 1 -- PLAY -- 8
2024-11-14 01:25:32,808 - 1 - INFO - 1 -- broadcast -- CARD 1,8
2024-11-14 01:25:36,226 - 1 - INFO - 1 -- message -- PLAY 17
2024-11-14 01:25:36,229 - 1 - INFO - 1 -- PLAY -- 17
2024-11-14 01:25:36,242 - 1 - INFO - 1 -- broadcast -- CARD 1,17
2024-11-14 01:25:44,217 - 1 - INFO - 1 -- message -- PLAY 64
2024-11-14 01:25:44,219 - 1 - INFO - 1 -- PLAY -- 64
2024-11-14 01:25:44,226 - 1 - INFO - 1 -- MISTAKE
2024-11-14 01:25:44,235 - 1 - INFO - 1 -- broadcast -- MISTAKE 64
2024-11-14 01:25:45,596 - 1 - INFO - 1 -- message -- MISTAKE
2024-11-14 01:26:04,267 - 1 - INFO - 1 -- message -- PLAY 75
2024-11-14 01:26:04,269 - 1 - INFO - 1 -- PLAY -- 75
2024-11-14 01:26:04,283 - 1 - INFO - 1 -- broadcast -- CARD 1,75
2024-11-14 01:26:06,332 - 1 - INFO - 1 -- message -- PLAY 82
2024-11-14 01:26:06,336 - 1 - INFO - 1 -- PLAY -- 82
2024-11-14 01:26:06,350 - 1 - INFO - 1 -- broadcast -- CARD 1,82
2024-11-14 01:26:15,140 - 1 - INFO - 1 -- message -- WELCOME
2024-11-14 01:26:15,141 - 1 - INFO - 1 -- NEXTLEVEL
2024-11-14 01:26:16,739 - 1 - INFO - 1 -- message -- READYTOPLAY
2024-11-14 01:26:16,741 - 1 - INFO - 1 -- GAME
2024-11-14 01:26:23,127 - 1 - INFO - 1 -- message -- PLAY 8
2024-11-14 01:26:23,130 - 1 - INFO - 1 -- PLAY -- 8
2024-11-14 01:26:23,143 - 1 - INFO - 1 -- broadcast -- CARD 1,8
2024-11-14 01:26:25,869 - 1 - INFO - 1 -- message -- PLAY 16
2024-11-14 01:26:25,872 - 1 - INFO - 1 -- PLAY -- 16
2024-11-14 01:26:25,886 - 1 - INFO - 1 -- broadcast -- CARD 1,16
2024-11-14 01:26:26,814 - 1 - INFO - 1 -- message -- PLAY 17
2024-11-14 01:26:26,816 - 1 - INFO - 1 -- PLAY -- 17
2024-11-14 01:26:26,829 - 1 - INFO - 1 -- broadcast -- CARD 1,17
2024-11-14 01:26:28,964 - 1 - INFO - 1 -- message -- PLAY 19
2024-11-14 01:26:28,966 - 1 - INFO - 1 -- PLAY -- 19
2024-11-14 01:26:28,979 - 1 - INFO - 1 -- broadcast -- CARD 1,19
2024-11-14 01:26:33,268 - 1 - INFO - 1 -- message -- PLAY 38
2024-11-14 01:26:33,270 - 1 - INFO - 1 -- PLAY -- 38
2024-11-14 01:26:33,284 - 1 - INFO - 1 -- broadcast -- CARD 1,38
2024-11-14 01:26:35,517 - 1 - INFO - 1 -- message -- PLAY 40
2024-11-14 01:26:35,520 - 1 - INFO - 1 -- PLAY -- 40
2024-11-14 01:26:35,534 - 1 - INFO - 1 -- broadcast -- CARD 1,40
2024-11-14 01:26:42,070 - 1 - INFO - 1 -- message -- PLAY 59
2024-11-14 01:26:42,072 - 1 - INFO - 1 -- PLAY -- 59
2024-11-14 01:26:42,086 - 1 - INFO - 1 -- broadcast -- CARD 1,59
2024-11-14 01:26:54,314 - 1 - INFO - 1 -- message -- WELCOME
2024-11-14 01:26:54,316 - 1 - INFO - 1 -- NEXTLEVEL
2024-11-14 01:26:56,304 - 1 - INFO - 1 -- message -- READYTOPLAY
2024-11-14 01:26:56,306 - 1 - INFO - 1 -- GAME
2024-11-14 01:27:05,110 - 1 - INFO - 1 -- message -- PLAY 6
2024-11-14 01:27:05,114 - 1 - INFO - 1 -- PLAY -- 6
2024-11-14 01:27:05,129 - 1 - INFO - 1 -- broadcast -- CARD 1,6
2024-11-14 01:27:19,204 - 1 - INFO - 1 -- message -- PLAY 32
2024-11-14 01:27:19,206 - 1 - INFO - 1 -- PLAY -- 32
2024-11-14 01:27:19,219 - 1 - INFO - 1 -- broadcast -- CARD 1,32
2024-11-14 01:27:20,265 - 1 - INFO - 1 -- message -- PLAY 33
2024-11-14 01:27:20,267 - 1 - INFO - 1 -- PLAY -- 33
2024-11-14 01:27:20,280 - 1 - INFO - 1 -- broadcast -- CARD 1,33
2024-11-14 01:27:31,325 - 1 - INFO - 1 -- message -- PLAY 60
2024-11-14 01:27:31,328 - 1 - INFO - 1 -- PLAY -- 60
2024-11-14 01:27:31,342 - 1 - INFO - 1 -- broadcast -- CARD 1,60
2024-11-14 01:27:33,281 - 1 - INFO - 1 -- message -- PLAY 64
2024-11-14 01:27:33,283 - 1 - INFO - 1 -- PLAY -- 64
2024-11-14 01:27:33,293 - 1 - INFO - 1 -- broadcast -- CARD 1,64
2024-11-14 01:27:58,159 - 1 - INFO - 1 -- message -- REFOCUS
2024-11-14 01:27:58,166 - 1 - INFO - 1 -- REFOCUS
2024-11-14 01:28:15,897 - 1 - INFO - 1 -- message -- PLAY 81
2024-11-14 01:28:15,900 - 1 - INFO - 1 -- PLAY -- 81
2024-11-14 01:28:15,913 - 1 - INFO - 1 -- broadcast -- CARD 1,81
2024-11-14 01:28:16,381 - 1 - INFO - 1 -- message -- PLAY 82
2024-11-14 01:28:16,382 - 1 - INFO - 1 -- PLAY -- 82
2024-11-14 01:28:16,395 - 1 - INFO - 1 -- broadcast -- CARD 1,82
2024-11-14 01:28:18,020 - 1 - INFO - 1 -- message -- PLAY 89
2024-11-14 01:28:18,022 - 1 - INFO - 1 -- PLAY -- 89
2024-11-14 01:28:18,036 - 1 - INFO - 1 -- broadcast -- CARD 1,89
2024-11-14 01:28:25,237 - 1 - INFO - 1 -- message -- WELCOME
2024-11-14 01:28:25,238 - 1 - INFO - 1 -- NEXTLEVEL
2024-11-14 01:28:26,824 - 1 - INFO - 1 -- message -- READYTOPLAY
2024-11-14 01:28:26,826 - 1 - INFO - 1 -- GAME
2024-11-14 01:28:33,180 - 1 - INFO - 1 -- message -- PLAY 2
2024-11-14 01:28:33,181 - 1 - INFO - 1 -- PLAY -- 2
2024-11-14 01:28:33,191 - 1 - INFO - 1 -- broadcast -- CARD 1,2
2024-11-14 01:28:42,246 - 1 - INFO - 1 -- message -- PLAY 24
2024-11-14 01:28:42,248 - 1 - INFO - 1 -- PLAY -- 24
2024-11-14 01:28:42,261 - 1 - INFO - 1 -- broadcast -- CARD 1,24
2024-11-14 01:28:47,304 - 1 - INFO - 1 -- message -- PLAY 36
2024-11-14 01:28:47,306 - 1 - INFO - 1 -- PLAY -- 36
2024-11-14 01:28:47,320 - 1 - INFO - 1 -- broadcast -- CARD 1,36
2024-11-14 01:28:48,020 - 1 - INFO - 1 -- message -- PLAY 37
2024-11-14 01:28:48,022 - 1 - INFO - 1 -- PLAY -- 37
2024-11-14 01:28:48,036 - 1 - INFO - 1 -- broadcast -- CARD 1,37
2024-11-14 01:28:53,756 - 1 - INFO - 1 -- message -- PLAY 54
2024-11-14 01:28:53,758 - 1 - INFO - 1 -- PLAY -- 54
2024-11-14 01:28:53,772 - 1 - INFO - 1 -- broadcast -- CARD 1,54
2024-11-14 01:28:54,472 - 1 - INFO - 1 -- message -- PLAY 55
2024-11-14 01:28:54,474 - 1 - INFO - 1 -- PLAY -- 55
2024-11-14 01:28:54,488 - 1 - INFO - 1 -- broadcast -- CARD 1,55
2024-11-14 01:28:58,161 - 1 - INFO - 1 -- message -- PLAY 64
2024-11-14 01:28:58,164 - 1 - INFO - 1 -- PLAY -- 64
2024-11-14 01:28:58,177 - 1 - INFO - 1 -- broadcast -- CARD 1,64
2024-11-14 01:29:09,976 - 1 - INFO - 1 -- message -- PLAY 82
2024-11-14 01:29:09,978 - 1 - INFO - 1 -- PLAY -- 82
2024-11-14 01:29:09,992 - 1 - INFO - 1 -- broadcast -- CARD 1,82
2024-11-14 01:29:19,047 - 1 - INFO - 1 -- message -- PLAY 96
2024-11-14 01:29:19,049 - 1 - INFO - 1 -- PLAY -- 96
2024-11-14 01:29:19,062 - 1 - INFO - 1 -- broadcast -- CARD 1,96
2024-11-14 01:29:23,249 - 1 - INFO - 1 -- message -- WELCOME
2024-11-14 01:29:23,250 - 1 - INFO - 1 -- NEXTLEVEL
2024-11-14 01:29:25,592 - 1 - INFO - 1 -- message -- READYTOPLAY
2024-11-14 01:29:25,594 - 1 - INFO - 1 -- GAME
2024-11-14 01:29:31,746 - 1 - INFO - 1 -- message -- PLAY 1
2024-11-14 01:29:31,749 - 1 - INFO - 1 -- PLAY -- 1
2024-11-14 01:29:31,762 - 1 - INFO - 1 -- broadcast -- CARD 1,1
2024-11-14 01:29:40,142 - 1 - INFO - 1 -- message -- MISTAKE
2024-11-14 01:29:40,146 - 1 - INFO - 1 -- MISTAKE
2024-11-14 01:29:45,275 - 1 - INFO - 1 -- message -- PLAY 26
2024-11-14 01:29:45,277 - 1 - INFO - 1 -- PLAY -- 26
2024-11-14 01:29:45,293 - 1 - INFO - 1 -- broadcast -- CARD 1,26
2024-11-14 01:29:52,433 - 1 - INFO - 1 -- message -- PLAY 34
2024-11-14 01:29:52,435 - 1 - INFO - 1 -- PLAY -- 34
2024-11-14 01:29:52,449 - 1 - INFO - 1 -- broadcast -- CARD 1,34
2024-11-14 01:30:02,055 - 1 - INFO - 1 -- message -- PLAY 41
2024-11-14 01:30:02,057 - 1 - INFO - 1 -- PLAY -- 41
2024-11-14 01:30:02,070 - 1 - INFO - 1 -- broadcast -- CARD 1,41
2024-11-14 01:30:10,045 - 1 - INFO - 1 -- message -- PLAY 56
2024-11-14 01:30:10,048 - 1 - INFO - 1 -- PLAY -- 56
2024-11-14 01:30:10,062 - 1 - INFO - 1 -- broadcast -- CARD 1,56
2024-11-14 01:30:13,422 - 1 - INFO - 1 -- message -- PLAY 63
2024-11-14 01:30:13,424 - 1 - INFO - 1 -- PLAY -- 63
2024-11-14 01:30:13,437 - 1 - INFO - 1 -- broadcast -- CARD 1,63
2024-11-14 01:30:22,335 - 1 - INFO - 1 -- message -- PLAY 80
2024-11-14 01:30:22,337 - 1 - INFO - 1 -- PLAY -- 80
2024-11-14 01:30:22,349 - 1 - INFO - 1 -- broadcast -- CARD 1,80
2024-11-14 01:30:26,427 - 1 - INFO - 1 -- message -- PLAY 83
2024-11-14 01:30:26,428 - 1 - INFO - 1 -- PLAY -- 83
2024-11-14 01:30:26,438 - 1 - INFO - 1 -- broadcast -- CARD 1,83
2024-11-14 01:30:32,573 - 1 - INFO - 1 -- message -- PLAY 88
2024-11-14 01:30:32,575 - 1 - INFO - 1 -- PLAY -- 88
2024-11-14 01:30:32,585 - 1 - INFO - 1 -- broadcast -- CARD 1,88
2024-11-14 01:30:46,498 - 1 - INFO - 1 -- message -- WELCOME
2024-11-14 01:30:46,501 - 1 - INFO - 1 -- NEXTLEVEL
2024-11-14 01:30:58,070 - 1 - INFO - 1 -- message -- READYTOPLAY
2024-11-14 01:30:58,072 - 1 - INFO - 1 -- GAME
2024-11-14 01:31:04,826 - 1 - INFO - 1 -- message -- PLAY 8
