2024-11-14 01:23:16,625 - 2 - INFO - Connected to Player 2
2024-11-14 01:23:16,641 - 2 - INFO - add client
2024-11-14 01:23:19,112 - 2 - INFO - 2 -- message -- WELCOME
2024-11-14 01:23:19,114 - 2 - INFO - 2 -- NEXTLEVEL
2024-11-14 01:23:21,311 - 2 - INFO - 2 -- message -- READYTOPLAY
2024-11-14 01:23:21,314 - 2 - INFO - 2 -- GAME
2024-11-14 01:23:29,846 - 2 - INFO - 2 -- message -- PLAY 81
2024-11-14 01:23:29,849 - 2 - INFO - 2 -- PLAY -- 81
2024-11-14 01:23:29,861 - 2 - INFO - 2 -- broadcast -- CARD 2,81
2024-11-14 01:23:36,761 - 2 - INFO - 2 -- message -- WELCOME
2024-11-14 01:23:36,761 - 2 - INFO - 2 -- NEXTLEVEL
2024-11-14 01:23:40,938 - 2 - INFO - 2 -- message -- READYTOPLAY
2024-11-14 01:23:40,957 - 2 - INFO - 2 -- GAME
2024-11-14 01:23:44,059 - 2 - INFO - 2 -- message -- PLAY 7
2024-11-14 01:23:44,061 - 2 - INFO - 2 -- PLAY -- 7
2024-11-14 01:23:44,075 - 2 - INFO - 2 -- broadcast -- CARD 2,7
2024-11-14 01:23:49,944 - 2 - INFO - 2 -- message -- PLAY 36
2024-11-14 01:23:49,946 - 2 - INFO - 2 -- PLAY -- 36
2024-11-14 01:23:49,960 - 2 - INFO - 2 -- broadcast -- CARD 2,36
2024-11-14 01:23:59,268 - 2 - INFO - 2 -- message -- WELCOME
2024-11-14 01:23:59,270 - 2 - INFO - 2 -- NEXTLEVEL
2024-11-14 01:24:01,018 - 2 - INFO - 2 -- message -- READYTOPLAY
2024-11-14 01:24:01,020 - 2 - INFO - 2 -- GAME
2024-11-14 01:24:04,476 - 2 - INFO - 2 -- message -- PLAY 11
2024-11-14 01:24:04,478 - 2 - INFO - 2 -- PLAY -- 11
2024-11-14 01:24:04,491 - 2 - INFO - 2 -- broadcast -- CARD 2,11
2024-11-14 01:24:06,013 - 2 - INFO - 2 -- message -- PLAY 14
2024-11-14 01:24:06,015 - 2 - INFO - 2 -- PLAY -- 14
2024-11-14 01:24:06,027 - 2 - INFO - 2 -- broadcast -- CARD 2,14
2024-11-14 01:24:08,778 - 2 - INFO - 2 -- message -- PLAY 19
2024-11-14 01:24:08,780 - 2 - INFO - 2 -- PLAY -- 19
2024-11-14 01:24:08,793 - 2 - INFO - 2 -- broadcast -- CARD 2,19
2024-11-14 01:24:19,561 - 2 - INFO - 2 -- message -- WELCOME
2024-11-14 01:24:19,564 - 2 - INFO - 2 -- NEXTLEVEL
2024-11-14 01:24:22,194 - 2 - INFO - 2 -- message -- READYTOPLAY
2024-11-14 01:24:22,196 - 2 - INFO - 2 -- GAME
2024-11-14 01:24:27,110 - 2 - INFO - 2 -- message -- PLAY 6
2024-11-14 01:24:27,112 - 2 - INFO - 2 -- PLAY -- 6
2024-11-14 01:24:27,128 - 2 - INFO - 2 -- broadcast -- CARD 2,6
2024-11-14 01:24:28,308 - 2 - INFO - 2 -- message -- PLAY 30
2024-11-14 01:24:28,310 - 2 - INFO - 2 -- PLAY -- 30
2024-11-14 01:24:28,325 - 2 - INFO - 2 -- broadcast -- CARD 2,30
2024-11-14 01:24:33,353 - 2 - INFO - 2 -- message -- PLAY 44
2024-11-14 01:24:33,355 - 2 - INFO - 2 -- PLAY -- 44
2024-11-14 01:24:33,361 - 2 - INFO - 2 -- broadcast -- CARD 2,44
2024-11-14 01:24:42,692 - 2 - INFO - 2 -- message -- PLAY 94
2024-11-14 01:24:42,694 - 2 - INFO - 2 -- PLAY -- 94
2024-11-14 01:24:42,705 - 2 - INFO - 2 -- broadcast -- CARD 2,94
2024-11-14 01:24:47,325 - 2 - INFO - 2 -- message -- WELCOME
2024-11-14 01:24:47,326 - 2 - INFO - 2 -- NEXTLEVEL
2024-11-14 01:24:49,389 - 2 - INFO - 2 -- message -- READYTOPLAY
2024-11-14 01:24:49,391 - 2 - INFO - 2 -- GAME
2024-11-14 01:24:55,061 - 2 - INFO - 2 -- message -- PLAY 13
2024-11-14 01:24:55,063 - 2 - INFO - 2 -- PLAY -- 13
2024-11-14 01:24:55,077 - 2 - INFO - 2 -- broadcast -- CARD 2,13
2024-11-14 01:25:08,449 - 2 - INFO - 2 -- message -- PLAY 68
2024-11-14 01:25:08,451 - 2 - INFO - 2 -- PLAY -- 68
2024-11-14 01:25:08,466 - 2 - INFO - 2 -- broadcast -- CARD 2,68
2024-11-14 01:25:09,551 - 2 - INFO - 2 -- message -- PLAY 69
2024-11-14 01:25:09,552 - 2 - INFO - 2 -- PLAY -- 69
2024-11-14 01:25:09,558 - 2 - INFO - 2 -- broadcast -- CARD 2,69
2024-11-14 01:25:11,753 - 2 - INFO - 2 -- message -- PLAY 83
2024-11-14 01:25:11,755 - 2 - INFO - 2 -- PLAY -- 83
2024-11-14 01:25:11,770 - 2 - INFO - 2 -- broadcast -- CARD 2,83
2024-11-14 01:25:13,913 - 2 - INFO - 2 -- message -- PLAY 89
2024-11-14 01:25:13,915 - 2 - INFO - 2 -- PLAY -- 89
2024-11-14 01:25:13,925 - 2 - INFO - 2 -- broadcast -- CARD 2,89
2024-11-14 01:25:19,337 - 2 - INFO - 2 -- message -- WELCOME
2024-11-14 01:25:19,339 - 2 - INFO - 2 -- NEXTLEVEL
2024-11-14 01:25:20,741 - 2 - INFO - 2 -- message -- READYTOPLAY
2024-11-14 01:25:20,743 - 2 - INFO - 2 -- GAME
2024-11-14 01:25:30,497 - 2 - INFO - 2 -- message -- PLAY 1
2024-11-14 01:25:30,498 - 2 - INFO - 2 -- PLAY -- 1
2024-11-14 01:25:30,511 - 2 - INFO - 2 -- broadcast -- CARD 2,1
2024-11-14 01:25:39,777 - 2 - INFO - 2 -- message -- PLAY 44
2024-11-14 01:25:39,780 - 2 - INFO - 2 -- PLAY -- 44
2024-11-14 01:25:39,793 - 2 - INFO - 2 -- broadcast -- CARD 2,44
2024-11-14 01:25:46,064 - 2 - INFO - 2 -- message -- MISTAKE
2024-11-14 01:25:46,068 - 2 - INFO - 2 -- MISTAKE
2024-11-14 01:26:08,179 - 2 - INFO - 2 -- message -- PLAY 84
2024-11-14 01:26:08,181 - 2 - INFO - 2 -- PLAY -- 84
2024-11-14 01:26:08,195 - 2 - INFO - 2 -- broadcast -- CARD 2,84
2024-11-14 01:26:08,792 - 2 - INFO - 2 -- message -- PLAY 95
2024-11-14 01:26:08,794 - 2 - INFO - 2 -- PLAY -- 95
2024-11-14 01:26:08,806 - 2 - INFO - 2 -- broadcast -- CARD 2,95
2024-11-14 01:26:14,730 - 2 - INFO - 2 -- message -- WELCOME
2024-11-14 01:26:14,732 - 2 - INFO - 2 -- NEXTLEVEL
2024-11-14 01:26:17,189 - 2 - INFO - 2 -- message -- READYTOPLAY
2024-11-14 01:26:17,192 - 2 - INFO - 2 -- GAME
2024-11-14 01:26:21,387 - 2 - INFO - 2 -- message -- PLAY 4
2024-11-14 01:26:21,390 - 2 - INFO - 2 -- PLAY -- 4
2024-11-14 01:26:21,405 - 2 - INFO - 2 -- broadcast -- CARD 2,4
2024-11-14 01:26:24,564 - 2 - INFO - 2 -- message -- PLAY 15
2024-11-14 01:26:24,566 - 2 - INFO - 2 -- PLAY -- 15
2024-11-14 01:26:24,581 - 2 - INFO - 2 -- broadcast -- CARD 2,15
2024-11-14 01:26:31,270 - 2 - INFO - 2 -- message -- PLAY 30
2024-11-14 01:26:31,272 - 2 - INFO - 2 -- PLAY -- 30
2024-11-14 01:26:31,284 - 2 - INFO - 2 -- broadcast -- CARD 2,30
2024-11-14 01:26:37,069 - 2 - INFO - 2 -- message -- PLAY 44
2024-11-14 01:26:37,071 - 2 - INFO - 2 -- PLAY -- 44
2024-11-14 01:26:37,086 - 2 - INFO - 2 -- broadcast -- CARD 2,44
2024-11-14 01:26:39,716 - 2 - INFO - 2 -- message -- PLAY 50
2024-11-14 01:26:39,719 - 2 - INFO - 2 -- PLAY -- 50
2024-11-14 01:26:39,734 - 2 - INFO - 2 -- broadcast -- CARD 2,50
2024-11-14 01:26:47,090 - 2 - INFO - 2 -- message -- PLAY 60
2024-11-14 01:26:47,092 - 2 - INFO - 2 -- PLAY -- 60
2024-11-14 01:26:47,104 - 2 - INFO - 2 -- broadcast -- CARD 2,60
2024-11-14 01:26:49,753 - 2 - INFO - 2 -- message -- PLAY 84
2024-11-14 01:26:49,755 - 2 - INFO - 2 -- PLAY -- 84
2024-11-14 01:26:49,769 - 2 - INFO - 2 -- broadcast -- CARD 2,84
2024-11-14 01:26:54,770 - 2 - INFO - 2 -- message -- WELCOME
2024-11-14 01:26:54,771 - 2 - INFO - 2 -- NEXTLEVEL
2024-11-14 01:26:56,611 - 2 - INFO - 2 -- message -- READYTOPLAY
2024-11-14 01:26:56,614 - 2 - INFO - 2 -- GAME
2024-11-14 01:27:18,115 - 2 - INFO - 2 -- message -- PLAY 24
2024-11-14 01:27:18,118 - 2 - INFO - 2 -- PLAY -- 24
2024-11-14 01:27:18,133 - 2 - INFO - 2 -- broadcast -- CARD 2,24
2024-11-14 01:27:21,298 - 2 - INFO - 2 -- message -- PLAY 34
2024-11-14 01:27:21,301 - 2 - INFO - 2 -- PLAY -- 34
2024-11-14 01:27:21,313 - 2 - INFO - 2 -- broadcast -- CARD 2,34
2024-11-14 01:27:23,338 - 2 - INFO - 2 -- message -- PLAY 37
2024-11-14 01:27:23,341 - 2 - INFO - 2 -- PLAY -- 37
2024-11-14 01:27:23,355 - 2 - INFO - 2 -- broadcast -- CARD 2,37
2024-11-14 01:27:24,567 - 2 - INFO - 2 -- message -- PLAY 40
2024-11-14 01:27:24,569 - 2 - INFO - 2 -- PLAY -- 40
2024-11-14 01:27:24,579 - 2 - INFO - 2 -- broadcast -- CARD 2,40
2024-11-14 01:27:25,847 - 2 - INFO - 2 -- message -- PLAY 43
2024-11-14 01:27:25,851 - 2 - INFO - 2 -- PLAY -- 43
2024-11-14 01:27:25,865 - 2 - INFO - 2 -- broadcast -- CARD 2,43
2024-11-14 01:27:27,229 - 2 - INFO - 2 -- message -- PLAY 44
2024-11-14 01:27:27,231 - 2 - INFO - 2 -- PLAY -- 44
2024-11-14 01:27:27,245 - 2 - INFO - 2 -- broadcast -- CARD 2,44
2024-11-14 01:27:58,159 - 2 - INFO - 2 -- message -- REFOCUS
2024-11-14 01:27:58,166 - 2 - INFO - 2 -- REFOCUS
2024-11-14 01:28:13,718 - 2 - INFO - 2 -- message -- PLAY 74
2024-11-14 01:28:13,720 - 2 - INFO - 2 -- PLAY -- 74
2024-11-14 01:28:13,733 - 2 - INFO - 2 -- broadcast -- CARD 2,74
2024-11-14 01:28:18,908 - 2 - INFO - 2 -- message -- PLAY 91
2024-11-14 01:28:18,910 - 2 - INFO - 2 -- PLAY -- 91
2024-11-14 01:28:18,923 - 2 - INFO - 2 -- broadcast -- CARD 2,91
2024-11-14 01:28:24,980 - 2 - INFO - 2 -- message -- WELCOME
2024-11-14 01:28:24,982 - 2 - INFO - 2 -- NEXTLEVEL
2024-11-14 01:28:26,902 - 2 - INFO - 2 -- message -- READYTOPLAY
2024-11-14 01:28:26,903 - 2 - INFO - 2 -- GAME
2024-11-14 01:28:34,813 - 2 - INFO - 2 -- message -- PLAY 4
2024-11-14 01:28:34,815 - 2 - INFO - 2 -- PLAY -- 4
2024-11-14 01:28:34,832 - 2 - INFO - 2 -- broadcast -- CARD 2,4
2024-11-14 01:28:36,701 - 2 - INFO - 2 -- message -- PLAY 10
2024-11-14 01:28:36,702 - 2 - INFO - 2 -- PLAY -- 10
2024-11-14 01:28:36,705 - 2 - INFO - 2 -- broadcast -- CARD 2,10
2024-11-14 01:28:38,043 - 2 - INFO - 2 -- message -- PLAY 11
2024-11-14 01:28:38,045 - 2 - INFO - 2 -- PLAY -- 11
2024-11-14 01:28:38,068 - 2 - INFO - 2 -- broadcast -- CARD 2,11
2024-11-14 01:28:45,256 - 2 - INFO - 2 -- message -- PLAY 30
2024-11-14 01:28:45,258 - 2 - INFO - 2 -- PLAY -- 30
2024-11-14 01:28:45,271 - 2 - INFO - 2 -- broadcast -- CARD 2,30
2024-11-14 01:28:55,292 - 2 - INFO - 2 -- message -- PLAY 59
2024-11-14 01:28:55,295 - 2 - INFO - 2 -- PLAY -- 59
2024-11-14 01:28:55,307 - 2 - INFO - 2 -- broadcast -- CARD 2,59
2024-11-14 01:29:04,711 - 2 - INFO - 2 -- message -- PLAY 74
2024-11-14 01:29:04,713 - 2 - INFO - 2 -- PLAY -- 74
2024-11-14 01:29:04,725 - 2 - INFO - 2 -- broadcast -- CARD 2,74
2024-11-14 01:29:07,477 - 2 - INFO - 2 -- message -- PLAY 77
2024-11-14 01:29:07,479 - 2 - INFO - 2 -- PLAY -- 77
2024-11-14 01:29:07,492 - 2 - INFO - 2 -- broadcast -- CARD 2,77
2024-11-14 01:29:11,881 - 2 - INFO - 2 -- message -- PLAY 84
2024-11-14 01:29:11,883 - 2 - INFO - 2 -- PLAY -- 84
2024-11-14 01:29:11,895 - 2 - INFO - 2 -- broadcast -- CARD 2,84
2024-11-14 01:29:18,536 - 2 - INFO - 2 -- message -- PLAY 88
2024-11-14 01:29:18,538 - 2 - INFO - 2 -- PLAY -- 88
2024-11-14 01:29:18,552 - 2 - INFO - 2 -- broadcast -- CARD 2,88
2024-11-14 01:29:23,451 - 2 - INFO - 2 -- message -- WELCOME
2024-11-14 01:29:23,453 - 2 - INFO - 2 -- NEXTLEVEL
2024-11-14 01:29:25,941 - 2 - INFO - 2 -- message -- READYTOPLAY
2024-11-14 01:29:25,943 - 2 - INFO - 2 -- GAME
2024-11-14 01:29:33,696 - 2 - INFO - 2 -- message -- PLAY 6
2024-11-14 01:29:33,699 - 2 - INFO - 2 -- PLAY -- 6
2024-11-14 01:29:33,713 - 2 - INFO - 2 -- broadcast -- CARD 2,6
2024-11-14 01:29:39,851 - 2 - INFO - 2 -- message -- MISTAKE
2024-11-14 01:29:39,853 - 2 - INFO - 2 -- MISTAKE
2024-11-14 01:29:59,187 - 2 - INFO - 2 -- message -- PLAY 37
2024-11-14 01:29:59,189 - 2 - INFO - 2 -- PLAY -- 37
2024-11-14 01:29:59,203 - 2 - INFO - 2 -- broadcast -- CARD 2,37
2024-11-14 01:30:11,271 - 2 - INFO - 2 -- message -- PLAY 59
2024-11-14 01:30:11,273 - 2 - INFO - 2 -- PLAY -- 59
2024-11-14 01:30:11,286 - 2 - INFO - 2 -- broadcast -- CARD 2,59
2024-11-14 01:30:15,880 - 2 - INFO - 2 -- message -- PLAY 70
2024-11-14 01:30:15,882 - 2 - INFO - 2 -- PLAY -- 70
2024-11-14 01:30:15,897 - 2 - INFO - 2 -- broadcast -- CARD 2,70
2024-11-14 01:30:27,758 - 2 - INFO - 2 -- message -- PLAY 84
2024-11-14 01:30:27,760 - 2 - INFO - 2 -- PLAY -- 84
2024-11-14 01:30:27,773 - 2 - INFO - 2 -- broadcast -- CARD 2,84
2024-11-14 01:30:29,346 - 2 - INFO - 2 -- message -- PLAY 86
2024-11-14 01:30:29,348 - 2 - INFO - 2 -- PLAY -- 86
2024-11-14 01:30:29,362 - 2 - INFO - 2 -- broadcast -- CARD 2,86
2024-11-14 01:30:30,871 - 2 - INFO - 2 -- message -- PLAY 87
2024-11-14 01:30:30,874 - 2 - INFO - 2 -- PLAY -- 87
2024-11-14 01:30:30,886 - 2 - INFO - 2 -- broadcast -- CARD 2,87
2024-11-14 01:30:33,923 - 2 - INFO - 2 -- message -- PLAY 93
2024-11-14 01:30:33,926 - 2 - INFO - 2 -- PLAY -- 93
2024-11-14 01:30:33,938 - 2 - INFO - 2 -- broadcast -- CARD 2,93
2024-11-14 01:30:46,094 - 2 - INFO - 2 -- message -- WELCOME
2024-11-14 01:30:46,097 - 2 - INFO - 2 -- NEXTLEVEL
2024-11-14 01:30:57,730 - 2 - INFO - 2 -- message -- READYTOPLAY
2024-11-14 01:30:57,732 - 2 - INFO - 2 -- GAME
2024-11-14 01:31:04,458 - 2 - INFO - 2 -- message -- PLAY 1
