2024-11-14 01:23:06,529 - gameManager - INFO - START
2024-11-14 01:23:19,428 - gameManager - INFO - NEXTLEVEL
2024-11-14 01:23:19,439 - gameManager - INFO - broadcast -- NEXTLEVEL
2024-11-14 01:23:21,783 - gameManager - INFO - GAME
2024-11-14 01:23:21,790 - gameManager - INFO - broadcast -- GAME
2024-11-14 01:23:28,037 - gameManager - INFO - only player2 as cards
2024-11-14 01:23:28,047 - gameManager - INFO - broadcast -- LAST
2024-11-14 01:23:28,059 - gameManager - INFO - only player2 as cards
2024-11-14 01:23:28,067 - gameManager - INFO - broadcast -- LAST
2024-11-14 01:23:28,079 - gameManager - INFO - only player2 as cards
2024-11-14 01:23:28,117 - gameManager - INFO - broadcast -- LAST
2024-11-14 01:23:28,128 - gameManager - INFO - only player2 as cards
2024-11-14 01:23:28,136 - gameManager - INFO - broadcast -- LAST
2024-11-14 01:23:28,145 - gameManager - INFO - only player2 as cards
2024-11-14 01:23:28,150 - gameManager - INFO - broadcast -- LAST
2024-11-14 01:23:28,158 - gameManager - INFO - only player2 as cards
2024-11-14 01:23:28,161 - gameManager - INFO - broadcast -- LAST
2024-11-14 01:23:28,166 - gameManager - INFO - only player2 as cards
2024-11-14 01:23:28,169 - gameManager - INFO - broadcast -- LAST
2024-11-14 01:23:28,174 - gameManager - INFO - only player2 as cards
2024-11-14 01:23:28,177 - gameManager - INFO - broadcast -- LAST
2024-11-14 01:23:28,180 - gameManager - INFO - only player2 as cards
2024-11-14 01:23:28,182 - gameManager - INFO - broadcast -- LAST
2024-11-14 01:23:28,186 - gameManager - INFO - only player2 as cards
2024-11-14 01:23:28,188 - gameManager - INFO - broadcast -- LAST
2024-11-14 01:23:28,194 - gameManager - INFO - only player2 as cards
2024-11-14 01:23:28,196 - gameManager - INFO - broadcast -- LAST
2024-11-14 01:23:28,199 - gameManager - INFO - only player2 as cards
2024-11-14 01:23:28,203 - gameManager - INFO - broadcast -- LAST
2024-11-14 01:23:28,206 - gameManager - INFO - only player2 as cards
2024-11-14 01:23:28,208 - gameManager - INFO - broadcast -- LAST
2024-11-14 01:23:28,210 - gameManager - INFO - only player2 as cards
2024-11-14 01:23:28,212 - gameManager - INFO - broadcast -- LAST
2024-11-14 01:23:28,214 - gameManager - INFO - only player2 as cards
2024-11-14 01:23:28,216 - gameManager - INFO - broadcast -- LAST
2024-11-14 01:23:28,221 - gameManager - INFO - only player2 as cards
2024-11-14 01:23:28,228 - gameManager - INFO - broadcast -- LAST
2024-11-14 01:23:28,234 - gameManager - INFO - only player2 as cards
2024-11-14 01:23:28,236 - gameManager - INFO - broadcast -- LAST
2024-11-14 01:23:28,242 - gameManager - INFO - only player2 as cards
2024-11-14 01:23:28,248 - gameManager - INFO - broadcast -- LAST
2024-11-14 01:23:28,258 - gameManager - INFO - only player2 as cards
2024-11-14 01:23:28,264 - gameManager - INFO - broadcast -- LAST
2024-11-14 01:23:28,274 - gameManager - INFO - only player2 as cards
2024-11-14 01:23:28,281 - gameManager - INFO - broadcast -- LAST
2024-11-14 01:23:28,292 - gameManager - INFO - only player2 as cards
2024-11-14 01:23:28,299 - gameManager - INFO - broadcast -- LAST
2024-11-14 01:23:28,310 - gameManager - INFO - only player2 as cards
2024-11-14 01:23:28,316 - gameManager - INFO - broadcast -- LAST
2024-11-14 01:23:28,325 - gameManager - INFO - only player2 as cards
2024-11-14 01:23:28,331 - gameManager - INFO - broadcast -- LAST
2024-11-14 01:23:28,341 - gameManager - INFO - only player2 as cards
2024-11-14 01:23:28,348 - gameManager - INFO - broadcast -- LAST
2024-11-14 01:23:28,358 - gameManager - INFO - only player2 as cards
2024-11-14 01:23:28,365 - gameManager - INFO - broadcast -- LAST
2024-11-14 01:23:28,375 - gameManager - INFO - only player2 as cards
2024-11-14 01:23:28,381 - gameManager - INFO - broadcast -- LAST
2024-11-14 01:23:28,390 - gameManager - INFO - only player2 as cards
2024-11-14 01:23:28,396 - gameManager - INFO - broadcast -- LAST
2024-11-14 01:23:28,406 - gameManager - INFO - only player2 as cards
2024-11-14 01:23:28,412 - gameManager - INFO - broadcast -- LAST
2024-11-14 01:23:28,421 - gameManager - INFO - only player2 as cards
2024-11-14 01:23:28,427 - gameManager - INFO - broadcast -- LAST
2024-11-14 01:23:28,435 - gameManager - INFO - only player2 as cards
2024-11-14 01:23:28,442 - gameManager - INFO - broadcast -- LAST
2024-11-14 01:23:28,451 - gameManager - INFO - only player2 as cards
2024-11-14 01:23:28,459 - gameManager - INFO - broadcast -- LAST
2024-11-14 01:23:28,467 - gameManager - INFO - only player2 as cards
2024-11-14 01:23:28,475 - gameManager - INFO - broadcast -- LAST
2024-11-14 01:23:28,483 - gameManager - INFO - only player2 as cards
2024-11-14 01:23:28,490 - gameManager - INFO - broadcast -- LAST
2024-11-14 01:23:28,498 - gameManager - INFO - only player2 as cards
2024-11-14 01:23:28,505 - gameManager - INFO - broadcast -- LAST
2024-11-14 01:23:28,513 - gameManager - INFO - only player2 as cards
2024-11-14 01:23:28,521 - gameManager - INFO - broadcast -- LAST
2024-11-14 01:23:28,530 - gameManager - INFO - only player2 as cards
2024-11-14 01:23:28,540 - gameManager - INFO - broadcast -- LAST
2024-11-14 01:23:28,551 - gameManager - INFO - only player2 as cards
2024-11-14 01:23:28,558 - gameManager - INFO - broadcast -- LAST
2024-11-14 01:23:28,567 - gameManager - INFO - only player2 as cards
2024-11-14 01:23:28,574 - gameManager - INFO - broadcast -- LAST
2024-11-14 01:23:28,583 - gameManager - INFO - only player2 as cards
2024-11-14 01:23:28,590 - gameManager - INFO - broadcast -- LAST
2024-11-14 01:23:28,598 - gameManager - INFO - only player2 as cards
2024-11-14 01:23:28,605 - gameManager - INFO - broadcast -- LAST
2024-11-14 01:23:28,614 - gameManager - INFO - only player2 as cards
2024-11-14 01:23:28,620 - gameManager - INFO - broadcast -- LAST
2024-11-14 01:23:28,631 - gameManager - INFO - only player2 as cards
2024-11-14 01:23:28,637 - gameManager - INFO - broadcast -- LAST
2024-11-14 01:23:28,647 - gameManager - INFO - only player2 as cards
2024-11-14 01:23:28,653 - gameManager - INFO - broadcast -- LAST
2024-11-14 01:23:28,663 - gameManager - INFO - only player2 as cards
2024-11-14 01:23:28,670 - gameManager - INFO - broadcast -- LAST
2024-11-14 01:23:28,680 - gameManager - INFO - only player2 as cards
2024-11-14 01:23:28,687 - gameManager - INFO - broadcast -- LAST
2024-11-14 01:23:28,697 - gameManager - INFO - only player2 as cards
2024-11-14 01:23:28,705 - gameManager - INFO - broadcast -- LAST
2024-11-14 01:23:28,714 - gameManager - INFO - only player2 as cards
2024-11-14 01:23:28,722 - gameManager - INFO - broadcast -- LAST
2024-11-14 01:23:28,732 - gameManager - INFO - only player2 as cards
2024-11-14 01:23:28,738 - gameManager - INFO - broadcast -- LAST
2024-11-14 01:23:28,748 - gameManager - INFO - only player2 as cards
2024-11-14 01:23:28,755 - gameManager - INFO - broadcast -- LAST
2024-11-14 01:23:28,765 - gameManager - INFO - only player2 as cards
2024-11-14 01:23:28,772 - gameManager - INFO - broadcast -- LAST
2024-11-14 01:23:28,782 - gameManager - INFO - only player2 as cards
2024-11-14 01:23:28,787 - gameManager - INFO - broadcast -- LAST
2024-11-14 01:23:28,797 - gameManager - INFO - only player2 as cards
2024-11-14 01:23:28,804 - gameManager - INFO - broadcast -- LAST
2024-11-14 01:23:28,814 - gameManager - INFO - only player2 as cards
2024-11-14 01:23:28,820 - gameManager - INFO - broadcast -- LAST
2024-11-14 01:23:28,831 - gameManager - INFO - only player2 as cards
2024-11-14 01:23:28,837 - gameManager - INFO - broadcast -- LAST
2024-11-14 01:23:28,848 - gameManager - INFO - only player2 as cards
2024-11-14 01:23:28,855 - gameManager - INFO - broadcast -- LAST
2024-11-14 01:23:28,867 - gameManager - INFO - only player2 as cards
2024-11-14 01:23:28,875 - gameManager - INFO - broadcast -- LAST
2024-11-14 01:23:28,884 - gameManager - INFO - only player2 as cards
2024-11-14 01:23:28,892 - gameManager - INFO - broadcast -- LAST
2024-11-14 01:23:28,901 - gameManager - INFO - only player2 as cards
2024-11-14 01:23:28,908 - gameManager - INFO - broadcast -- LAST
2024-11-14 01:23:28,917 - gameManager - INFO - only player2 as cards
2024-11-14 01:23:28,925 - gameManager - INFO - broadcast -- LAST
2024-11-14 01:23:28,934 - gameManager - INFO - only player2 as cards
2024-11-14 01:23:28,942 - gameManager - INFO - broadcast -- LAST
2024-11-14 01:23:28,952 - gameManager - INFO - only player2 as cards
2024-11-14 01:23:28,959 - gameManager - INFO - broadcast -- LAST
2024-11-14 01:23:28,968 - gameManager - INFO - only player2 as cards
2024-11-14 01:23:28,975 - gameManager - INFO - broadcast -- LAST
2024-11-14 01:23:28,984 - gameManager - INFO - only player2 as cards
2024-11-14 01:23:28,991 - gameManager - INFO - broadcast -- LAST
2024-11-14 01:23:29,001 - gameManager - INFO - only player2 as cards
2024-11-14 01:23:29,008 - gameManager - INFO - broadcast -- LAST
2024-11-14 01:23:29,018 - gameManager - INFO - only player2 as cards
2024-11-14 01:23:29,025 - gameManager - INFO - broadcast -- LAST
2024-11-14 01:23:29,035 - gameManager - INFO - only player2 as cards
2024-11-14 01:23:29,043 - gameManager - INFO - broadcast -- LAST
2024-11-14 01:23:29,052 - gameManager - INFO - only player2 as cards
2024-11-14 01:23:29,059 - gameManager - INFO - broadcast -- LAST
2024-11-14 01:23:29,069 - gameManager - INFO - only player2 as cards
2024-11-14 01:23:29,076 - gameManager - INFO - broadcast -- LAST
2024-11-14 01:23:29,086 - gameManager - INFO - only player2 as cards
2024-11-14 01:23:29,093 - gameManager - INFO - broadcast -- LAST
2024-11-14 01:23:29,103 - gameManager - INFO - only player2 as cards
2024-11-14 01:23:29,110 - gameManager - INFO - broadcast -- LAST
2024-11-14 01:23:29,120 - gameManager - INFO - only player2 as cards
2024-11-14 01:23:29,126 - gameManager - INFO - broadcast -- LAST
2024-11-14 01:23:29,136 - gameManager - INFO - only player2 as cards
2024-11-14 01:23:29,143 - gameManager - INFO - broadcast -- LAST
2024-11-14 01:23:29,153 - gameManager - INFO - only player2 as cards
2024-11-14 01:23:29,159 - gameManager - INFO - broadcast -- LAST
2024-11-14 01:23:29,170 - gameManager - INFO - only player2 as cards
2024-11-14 01:23:29,176 - gameManager - INFO - broadcast -- LAST
2024-11-14 01:23:29,186 - gameManager - INFO - only player2 as cards
2024-11-14 01:23:29,193 - gameManager - INFO - broadcast -- LAST
2024-11-14 01:23:29,202 - gameManager - INFO - only player2 as cards
2024-11-14 01:23:29,209 - gameManager - INFO - broadcast -- LAST
2024-11-14 01:23:29,218 - gameManager - INFO - only player2 as cards
2024-11-14 01:23:29,226 - gameManager - INFO - broadcast -- LAST
2024-11-14 01:23:29,235 - gameManager - INFO - only player2 as cards
2024-11-14 01:23:29,241 - gameManager - INFO - broadcast -- LAST
2024-11-14 01:23:29,251 - gameManager - INFO - only player2 as cards
2024-11-14 01:23:29,258 - gameManager - INFO - broadcast -- LAST
2024-11-14 01:23:29,269 - gameManager - INFO - only player2 as cards
2024-11-14 01:23:29,277 - gameManager - INFO - broadcast -- LAST
2024-11-14 01:23:29,287 - gameManager - INFO - only player2 as cards
2024-11-14 01:23:29,294 - gameManager - INFO - broadcast -- LAST
2024-11-14 01:23:29,305 - gameManager - INFO - only player2 as cards
2024-11-14 01:23:29,312 - gameManager - INFO - broadcast -- LAST
2024-11-14 01:23:29,321 - gameManager - INFO - only player2 as cards
2024-11-14 01:23:29,330 - gameManager - INFO - broadcast -- LAST
2024-11-14 01:23:29,341 - gameManager - INFO - only player2 as cards
2024-11-14 01:23:29,349 - gameManager - INFO - broadcast -- LAST
2024-11-14 01:23:29,360 - gameManager - INFO - only player2 as cards
2024-11-14 01:23:29,366 - gameManager - INFO - broadcast -- LAST
2024-11-14 01:23:29,377 - gameManager - INFO - only player2 as cards
2024-11-14 01:23:29,384 - gameManager - INFO - broadcast -- LAST
2024-11-14 01:23:29,394 - gameManager - INFO - only player2 as cards
2024-11-14 01:23:29,401 - gameManager - INFO - broadcast -- LAST
2024-11-14 01:23:29,413 - gameManager - INFO - only player2 as cards
2024-11-14 01:23:29,419 - gameManager - INFO - broadcast -- LAST
2024-11-14 01:23:29,430 - gameManager - INFO - only player2 as cards
2024-11-14 01:23:29,481 - gameManager - INFO - broadcast -- LAST
2024-11-14 01:23:29,491 - gameManager - INFO - only player2 as cards
2024-11-14 01:23:29,499 - gameManager - INFO - broadcast -- LAST
2024-11-14 01:23:29,509 - gameManager - INFO - only player2 as cards
2024-11-14 01:23:29,516 - gameManager - INFO - broadcast -- LAST
2024-11-14 01:23:29,527 - gameManager - INFO - only player2 as cards
2024-11-14 01:23:29,534 - gameManager - INFO - broadcast -- LAST
2024-11-14 01:23:29,545 - gameManager - INFO - only player2 as cards
2024-11-14 01:23:29,552 - gameManager - INFO - broadcast -- LAST
2024-11-14 01:23:29,563 - gameManager - INFO - only player2 as cards
2024-11-14 01:23:29,570 - gameManager - INFO - broadcast -- LAST
2024-11-14 01:23:29,582 - gameManager - INFO - only player2 as cards
2024-11-14 01:23:29,589 - gameManager - INFO - broadcast -- LAST
2024-11-14 01:23:29,599 - gameManager - INFO - only player2 as cards
2024-11-14 01:23:29,607 - gameManager - INFO - broadcast -- LAST
2024-11-14 01:23:29,619 - gameManager - INFO - only player2 as cards
2024-11-14 01:23:29,627 - gameManager - INFO - broadcast -- LAST
2024-11-14 01:23:29,638 - gameManager - INFO - only player2 as cards
2024-11-14 01:23:29,645 - gameManager - INFO - broadcast -- LAST
2024-11-14 01:23:29,656 - gameManager - INFO - only player2 as cards
2024-11-14 01:23:29,663 - gameManager - INFO - broadcast -- LAST
2024-11-14 01:23:29,674 - gameManager - INFO - only player2 as cards
2024-11-14 01:23:29,681 - gameManager - INFO - broadcast -- LAST
2024-11-14 01:23:29,693 - gameManager - INFO - only player2 as cards
2024-11-14 01:23:29,700 - gameManager - INFO - broadcast -- LAST
2024-11-14 01:23:29,712 - gameManager - INFO - only player2 as cards
2024-11-14 01:23:29,719 - gameManager - INFO - broadcast -- LAST
2024-11-14 01:23:29,730 - gameManager - INFO - only player2 as cards
2024-11-14 01:23:29,738 - gameManager - INFO - broadcast -- LAST
2024-11-14 01:23:29,748 - gameManager - INFO - only player2 as cards
2024-11-14 01:23:29,756 - gameManager - INFO - broadcast -- LAST
2024-11-14 01:23:29,767 - gameManager - INFO - only player2 as cards
2024-11-14 01:23:29,775 - gameManager - INFO - broadcast -- LAST
2024-11-14 01:23:29,786 - gameManager - INFO - only player2 as cards
2024-11-14 01:23:29,794 - gameManager - INFO - broadcast -- LAST
2024-11-14 01:23:29,804 - gameManager - INFO - only player2 as cards
2024-11-14 01:23:29,811 - gameManager - INFO - broadcast -- LAST
2024-11-14 01:23:29,822 - gameManager - INFO - only player2 as cards
2024-11-14 01:23:29,829 - gameManager - INFO - broadcast -- LAST
2024-11-14 01:23:29,840 - gameManager - INFO - only player2 as cards
2024-11-14 01:23:29,847 - gameManager - INFO - broadcast -- LAST
2024-11-14 01:23:29,863 - gameManager - INFO - level: 2
2024-11-14 01:23:31,866 - gameManager - INFO - WELCOME
2024-11-14 01:23:31,867 - gameManager - INFO - cards: [[18], [59], [81]]
2024-11-14 01:23:31,875 - gameManager - INFO - broadcast -- WELCOME [[18], [59], [81]]
2024-11-14 01:23:37,138 - gameManager - INFO - NEXTLEVEL
2024-11-14 01:23:37,140 - gameManager - INFO - broadcast -- NEXTLEVEL
2024-11-14 01:23:41,588 - gameManager - INFO - GAME
2024-11-14 01:23:41,596 - gameManager - INFO - broadcast -- GAME
2024-11-14 01:23:54,768 - gameManager - INFO - level: 3
2024-11-14 01:23:56,772 - gameManager - INFO - WELCOME
2024-11-14 01:23:56,773 - gameManager - INFO - cards: [[39, 75], [20, 83], [7, 36]]
2024-11-14 01:23:56,781 - gameManager - INFO - broadcast -- WELCOME [[39, 75], [20, 83], [7, 36]]
2024-11-14 01:23:59,543 - gameManager - INFO - NEXTLEVEL
2024-11-14 01:23:59,553 - gameManager - INFO - broadcast -- NEXTLEVEL
2024-11-14 01:24:01,025 - gameManager - INFO - GAME
2024-11-14 01:24:01,031 - gameManager - INFO - broadcast -- GAME
2024-11-14 01:24:15,446 - gameManager - INFO - level: 4
2024-11-14 01:24:17,449 - gameManager - INFO - WELCOME
2024-11-14 01:24:17,450 - gameManager - INFO - cards: [[40, 53, 86], [17, 31, 71], [11, 14, 19]]
2024-11-14 01:24:17,458 - gameManager - INFO - broadcast -- WELCOME [[40, 53, 86], [17, 31, 71], [11, 14, 19]]
2024-11-14 01:24:19,569 - gameManager - INFO - NEXTLEVEL
2024-11-14 01:24:19,576 - gameManager - INFO - broadcast -- NEXTLEVEL
2024-11-14 01:24:22,197 - gameManager - INFO - GAME
2024-11-14 01:24:22,202 - gameManager - INFO - broadcast -- GAME
2024-11-14 01:24:41,480 - gameManager - INFO - only player2 as cards
2024-11-14 01:24:41,483 - gameManager - INFO - broadcast -- LAST
2024-11-14 01:24:41,485 - gameManager - INFO - only player2 as cards
2024-11-14 01:24:41,487 - gameManager - INFO - broadcast -- LAST
2024-11-14 01:24:41,493 - gameManager - INFO - only player2 as cards
2024-11-14 01:24:41,494 - gameManager - INFO - broadcast -- LAST
2024-11-14 01:24:41,496 - gameManager - INFO - only player2 as cards
2024-11-14 01:24:41,497 - gameManager - INFO - broadcast -- LAST
2024-11-14 01:24:41,500 - gameManager - INFO - only player2 as cards
2024-11-14 01:24:41,501 - gameManager - INFO - broadcast -- LAST
2024-11-14 01:24:41,503 - gameManager - INFO - only player2 as cards
2024-11-14 01:24:41,504 - gameManager - INFO - broadcast -- LAST
2024-11-14 01:24:41,508 - gameManager - INFO - only player2 as cards
2024-11-14 01:24:41,509 - gameManager - INFO - broadcast -- LAST
2024-11-14 01:24:41,510 - gameManager - INFO - only player2 as cards
2024-11-14 01:24:41,511 - gameManager - INFO - broadcast -- LAST
2024-11-14 01:24:41,513 - gameManager - INFO - only player2 as cards
2024-11-14 01:24:41,515 - gameManager - INFO - broadcast -- LAST
2024-11-14 01:24:41,518 - gameManager - INFO - only player2 as cards
2024-11-14 01:24:41,524 - gameManager - INFO - broadcast -- LAST
2024-11-14 01:24:41,532 - gameManager - INFO - only player2 as cards
2024-11-14 01:24:41,539 - gameManager - INFO - broadcast -- LAST
2024-11-14 01:24:41,550 - gameManager - INFO - only player2 as cards
2024-11-14 01:24:41,557 - gameManager - INFO - broadcast -- LAST
2024-11-14 01:24:41,567 - gameManager - INFO - only player2 as cards
2024-11-14 01:24:41,574 - gameManager - INFO - broadcast -- LAST
2024-11-14 01:24:41,586 - gameManager - INFO - only player2 as cards
2024-11-14 01:24:41,593 - gameManager - INFO - broadcast -- LAST
2024-11-14 01:24:41,606 - gameManager - INFO - only player2 as cards
2024-11-14 01:24:41,616 - gameManager - INFO - broadcast -- LAST
2024-11-14 01:24:41,627 - gameManager - INFO - only player2 as cards
2024-11-14 01:24:41,634 - gameManager - INFO - broadcast -- LAST
2024-11-14 01:24:41,644 - gameManager - INFO - only player2 as cards
2024-11-14 01:24:41,650 - gameManager - INFO - broadcast -- LAST
2024-11-14 01:24:41,661 - gameManager - INFO - only player2 as cards
2024-11-14 01:24:41,667 - gameManager - INFO - broadcast -- LAST
2024-11-14 01:24:41,678 - gameManager - INFO - only player2 as cards
2024-11-14 01:24:41,683 - gameManager - INFO - broadcast -- LAST
2024-11-14 01:24:41,693 - gameManager - INFO - only player2 as cards
2024-11-14 01:24:41,699 - gameManager - INFO - broadcast -- LAST
2024-11-14 01:24:41,709 - gameManager - INFO - only player2 as cards
2024-11-14 01:24:41,715 - gameManager - INFO - broadcast -- LAST
2024-11-14 01:24:41,725 - gameManager - INFO - only player2 as cards
2024-11-14 01:24:41,732 - gameManager - INFO - broadcast -- LAST
2024-11-14 01:24:41,743 - gameManager - INFO - only player2 as cards
2024-11-14 01:24:41,749 - gameManager - INFO - broadcast -- LAST
2024-11-14 01:24:41,759 - gameManager - INFO - only player2 as cards
2024-11-14 01:24:41,766 - gameManager - INFO - broadcast -- LAST
2024-11-14 01:24:41,776 - gameManager - INFO - only player2 as cards
2024-11-14 01:24:41,782 - gameManager - INFO - broadcast -- LAST
2024-11-14 01:24:41,792 - gameManager - INFO - only player2 as cards
2024-11-14 01:24:41,797 - gameManager - INFO - broadcast -- LAST
2024-11-14 01:24:41,808 - gameManager - INFO - only player2 as cards
2024-11-14 01:24:41,814 - gameManager - INFO - broadcast -- LAST
2024-11-14 01:24:41,824 - gameManager - INFO - only player2 as cards
2024-11-14 01:24:41,831 - gameManager - INFO - broadcast -- LAST
2024-11-14 01:24:41,842 - gameManager - INFO - only player2 as cards
2024-11-14 01:24:41,848 - gameManager - INFO - broadcast -- LAST
2024-11-14 01:24:41,864 - gameManager - INFO - only player2 as cards
2024-11-14 01:24:41,874 - gameManager - INFO - broadcast -- LAST
2024-11-14 01:24:41,884 - gameManager - INFO - only player2 as cards
2024-11-14 01:24:41,892 - gameManager - INFO - broadcast -- LAST
2024-11-14 01:24:41,901 - gameManager - INFO - only player2 as cards
2024-11-14 01:24:41,908 - gameManager - INFO - broadcast -- LAST
2024-11-14 01:24:41,916 - gameManager - INFO - only player2 as cards
2024-11-14 01:24:41,923 - gameManager - INFO - broadcast -- LAST
2024-11-14 01:24:41,932 - gameManager - INFO - only player2 as cards
2024-11-14 01:24:41,939 - gameManager - INFO - broadcast -- LAST
2024-11-14 01:24:41,947 - gameManager - INFO - only player2 as cards
2024-11-14 01:24:41,954 - gameManager - INFO - broadcast -- LAST
2024-11-14 01:24:41,964 - gameManager - INFO - only player2 as cards
2024-11-14 01:24:41,971 - gameManager - INFO - broadcast -- LAST
2024-11-14 01:24:41,979 - gameManager - INFO - only player2 as cards
2024-11-14 01:24:41,985 - gameManager - INFO - broadcast -- LAST
2024-11-14 01:24:41,994 - gameManager - INFO - only player2 as cards
2024-11-14 01:24:42,000 - gameManager - INFO - broadcast -- LAST
2024-11-14 01:24:42,009 - gameManager - INFO - only player2 as cards
2024-11-14 01:24:42,015 - gameManager - INFO - broadcast -- LAST
2024-11-14 01:24:42,025 - gameManager - INFO - only player2 as cards
2024-11-14 01:24:42,031 - gameManager - INFO - broadcast -- LAST
2024-11-14 01:24:42,042 - gameManager - INFO - only player2 as cards
2024-11-14 01:24:42,048 - gameManager - INFO - broadcast -- LAST
2024-11-14 01:24:42,059 - gameManager - INFO - only player2 as cards
2024-11-14 01:24:42,064 - gameManager - INFO - broadcast -- LAST
2024-11-14 01:24:42,075 - gameManager - INFO - only player2 as cards
2024-11-14 01:24:42,082 - gameManager - INFO - broadcast -- LAST
2024-11-14 01:24:42,093 - gameManager - INFO - only player2 as cards
2024-11-14 01:24:42,099 - gameManager - INFO - broadcast -- LAST
2024-11-14 01:24:42,110 - gameManager - INFO - only player2 as cards
2024-11-14 01:24:42,120 - gameManager - INFO - broadcast -- LAST
2024-11-14 01:24:42,129 - gameManager - INFO - only player2 as cards
2024-11-14 01:24:42,136 - gameManager - INFO - broadcast -- LAST
2024-11-14 01:24:42,145 - gameManager - INFO - only player2 as cards
2024-11-14 01:24:42,151 - gameManager - INFO - broadcast -- LAST
2024-11-14 01:24:42,162 - gameManager - INFO - only player2 as cards
2024-11-14 01:24:42,168 - gameManager - INFO - broadcast -- LAST
2024-11-14 01:24:42,173 - gameManager - INFO - only player2 as cards
2024-11-14 01:24:42,174 - gameManager - INFO - broadcast -- LAST
2024-11-14 01:24:42,176 - gameManager - INFO - only player2 as cards
2024-11-14 01:24:42,177 - gameManager - INFO - broadcast -- LAST
2024-11-14 01:24:42,179 - gameManager - INFO - only player2 as cards
2024-11-14 01:24:42,180 - gameManager - INFO - broadcast -- LAST
2024-11-14 01:24:42,183 - gameManager - INFO - only player2 as cards
2024-11-14 01:24:42,185 - gameManager - INFO - broadcast -- LAST
2024-11-14 01:24:42,191 - gameManager - INFO - only player2 as cards
2024-11-14 01:24:42,192 - gameManager - INFO - broadcast -- LAST
2024-11-14 01:24:42,194 - gameManager - INFO - only player2 as cards
2024-11-14 01:24:42,195 - gameManager - INFO - broadcast -- LAST
2024-11-14 01:24:42,202 - gameManager - INFO - only player2 as cards
2024-11-14 01:24:42,209 - gameManager - INFO - broadcast -- LAST
2024-11-14 01:24:42,222 - gameManager - INFO - only player2 as cards
2024-11-14 01:24:42,230 - gameManager - INFO - broadcast -- LAST
2024-11-14 01:24:42,241 - gameManager - INFO - only player2 as cards
2024-11-14 01:24:42,248 - gameManager - INFO - broadcast -- LAST
2024-11-14 01:24:42,259 - gameManager - INFO - only player2 as cards
2024-11-14 01:24:42,265 - gameManager - INFO - broadcast -- LAST
2024-11-14 01:24:42,276 - gameManager - INFO - only player2 as cards
2024-11-14 01:24:42,284 - gameManager - INFO - broadcast -- LAST
2024-11-14 01:24:42,294 - gameManager - INFO - only player2 as cards
2024-11-14 01:24:42,301 - gameManager - INFO - broadcast -- LAST
2024-11-14 01:24:42,311 - gameManager - INFO - only player2 as cards
2024-11-14 01:24:42,318 - gameManager - INFO - broadcast -- LAST
2024-11-14 01:24:42,325 - gameManager - INFO - only player2 as cards
2024-11-14 01:24:42,333 - gameManager - INFO - broadcast -- LAST
2024-11-14 01:24:42,343 - gameManager - INFO - only player2 as cards
2024-11-14 01:24:42,350 - gameManager - INFO - broadcast -- LAST
2024-11-14 01:24:42,368 - gameManager - INFO - only player2 as cards
2024-11-14 01:24:42,378 - gameManager - INFO - broadcast -- LAST
2024-11-14 01:24:42,391 - gameManager - INFO - only player2 as cards
2024-11-14 01:24:42,398 - gameManager - INFO - broadcast -- LAST
2024-11-14 01:24:42,408 - gameManager - INFO - only player2 as cards
2024-11-14 01:24:42,415 - gameManager - INFO - broadcast -- LAST
2024-11-14 01:24:42,424 - gameManager - INFO - only player2 as cards
2024-11-14 01:24:42,431 - gameManager - INFO - broadcast -- LAST
2024-11-14 01:24:42,441 - gameManager - INFO - only player2 as cards
2024-11-14 01:24:42,448 - gameManager - INFO - broadcast -- LAST
2024-11-14 01:24:42,458 - gameManager - INFO - only player2 as cards
2024-11-14 01:24:42,464 - gameManager - INFO - broadcast -- LAST
2024-11-14 01:24:42,474 - gameManager - INFO - only player2 as cards
2024-11-14 01:24:42,481 - gameManager - INFO - broadcast -- LAST
2024-11-14 01:24:42,491 - gameManager - INFO - only player2 as cards
2024-11-14 01:24:42,497 - gameManager - INFO - broadcast -- LAST
2024-11-14 01:24:42,508 - gameManager - INFO - only player2 as cards
2024-11-14 01:24:42,514 - gameManager - INFO - broadcast -- LAST
2024-11-14 01:24:42,525 - gameManager - INFO - only player2 as cards
2024-11-14 01:24:42,531 - gameManager - INFO - broadcast -- LAST
2024-11-14 01:24:42,541 - gameManager - INFO - only player2 as cards
2024-11-14 01:24:42,548 - gameManager - INFO - broadcast -- LAST
2024-11-14 01:24:42,560 - gameManager - INFO - only player2 as cards
2024-11-14 01:24:42,567 - gameManager - INFO - broadcast -- LAST
2024-11-14 01:24:42,577 - gameManager - INFO - only player2 as cards
2024-11-14 01:24:42,584 - gameManager - INFO - broadcast -- LAST
2024-11-14 01:24:42,595 - gameManager - INFO - only player2 as cards
2024-11-14 01:24:42,602 - gameManager - INFO - broadcast -- LAST
2024-11-14 01:24:42,612 - gameManager - INFO - only player2 as cards
2024-11-14 01:24:42,625 - gameManager - INFO - broadcast -- LAST
2024-11-14 01:24:42,636 - gameManager - INFO - only player2 as cards
2024-11-14 01:24:42,642 - gameManager - INFO - broadcast -- LAST
2024-11-14 01:24:42,651 - gameManager - INFO - only player2 as cards
2024-11-14 01:24:42,659 - gameManager - INFO - broadcast -- LAST
2024-11-14 01:24:42,668 - gameManager - INFO - only player2 as cards
2024-11-14 01:24:42,676 - gameManager - INFO - broadcast -- LAST
2024-11-14 01:24:42,685 - gameManager - INFO - only player2 as cards
2024-11-14 01:24:42,693 - gameManager - INFO - broadcast -- LAST
2024-11-14 01:24:42,707 - gameManager - INFO - level: 5
2024-11-14 01:24:44,713 - gameManager - INFO - WELCOME
2024-11-14 01:24:44,713 - gameManager - INFO - cards: [[31, 62, 83, 89], [3, 33, 53, 87], [6, 30, 44, 94]]
2024-11-14 01:24:44,721 - gameManager - INFO - broadcast -- WELCOME [[31, 62, 83, 89], [3, 33, 53, 87], [6, 30, 44, 94]]
2024-11-14 01:24:47,693 - gameManager - INFO - NEXTLEVEL
2024-11-14 01:24:47,695 - gameManager - INFO - broadcast -- NEXTLEVEL
2024-11-14 01:24:49,751 - gameManager - INFO - GAME
2024-11-14 01:24:49,759 - gameManager - INFO - broadcast -- GAME
2024-11-14 01:25:15,142 - gameManager - INFO - level: 6
2024-11-14 01:25:17,145 - gameManager - INFO - WELCOME
2024-11-14 01:25:17,146 - gameManager - INFO - cards: [[23, 31, 43, 50, 63], [22, 27, 81, 86, 94], [13, 68, 69, 83, 89]]
2024-11-14 01:25:17,154 - gameManager - INFO - broadcast -- WELCOME [[23, 31, 43, 50, 63], [22, 27, 81, 86, 94], [13, 68, 69, 83, 89]]
2024-11-14 01:25:19,344 - gameManager - INFO - NEXTLEVEL
2024-11-14 01:25:19,352 - gameManager - INFO - broadcast -- NEXTLEVEL
2024-11-14 01:25:21,180 - gameManager - INFO - GAME
2024-11-14 01:25:21,182 - gameManager - INFO - broadcast -- GAME
2024-11-14 01:25:46,079 - gameManager - INFO - end MISTAKE
2024-11-14 01:25:46,086 - gameManager - INFO - broadcast -- GAME
2024-11-14 01:26:09,736 - gameManager - INFO - level: 7
2024-11-14 01:26:11,740 - gameManager - INFO - WELCOME
2024-11-14 01:26:11,741 - gameManager - INFO - cards: [[16, 66, 68, 71, 74, 96], [5, 8, 17, 64, 75, 82], [1, 44, 52, 60, 84, 95]]
2024-11-14 01:26:11,749 - gameManager - INFO - broadcast -- WELCOME [[16, 66, 68, 71, 74, 96], [5, 8, 17, 64, 75, 82], [1, 44, 52, 60, 84, 95]]
2024-11-14 01:26:15,144 - gameManager - INFO - NEXTLEVEL
2024-11-14 01:26:15,153 - gameManager - INFO - broadcast -- NEXTLEVEL
2024-11-14 01:26:17,197 - gameManager - INFO - GAME
2024-11-14 01:26:17,203 - gameManager - INFO - broadcast -- GAME
2024-11-14 01:26:51,003 - gameManager - INFO - level: 8
2024-11-14 01:26:53,008 - gameManager - INFO - WELCOME
2024-11-14 01:26:53,009 - gameManager - INFO - cards: [[1, 26, 39, 54, 73, 81, 99], [8, 16, 17, 19, 38, 40, 59], [4, 15, 30, 44, 50, 60, 84]]
2024-11-14 01:26:53,017 - gameManager - INFO - broadcast -- WELCOME [[1, 26, 39, 54, 73, 81, 99], [8, 16, 17, 19, 38, 40, 59], [4, 15, 30, 44, 50, 60, 84]]
2024-11-14 01:26:54,777 - gameManager - INFO - NEXTLEVEL
2024-11-14 01:26:54,785 - gameManager - INFO - broadcast -- NEXTLEVEL
2024-11-14 01:26:56,619 - gameManager - INFO - GAME
2024-11-14 01:26:56,625 - gameManager - INFO - broadcast -- GAME
2024-11-14 01:27:58,781 - gameManager - INFO - end REFOCUS
2024-11-14 01:27:58,786 - gameManager - INFO - broadcast -- GAME
2024-11-14 01:28:20,490 - gameManager - INFO - level: 9
2024-11-14 01:28:22,494 - gameManager - INFO - WELCOME
2024-11-14 01:28:22,495 - gameManager - INFO - cards: [[2, 14, 17, 22, 47, 66, 92, 99], [6, 32, 33, 60, 64, 81, 82, 89], [24, 34, 37, 40, 43, 44, 74, 91]]
2024-11-14 01:28:22,503 - gameManager - INFO - broadcast -- WELCOME [[2, 14, 17, 22, 47, 66, 92, 99], [6, 32, 33, 60, 64, 81, 82, 89], [24, 34, 37, 40, 43, 44, 74, 91]]
2024-11-14 01:28:25,240 - gameManager - INFO - NEXTLEVEL
2024-11-14 01:28:25,245 - gameManager - INFO - broadcast -- NEXTLEVEL
2024-11-14 01:28:27,138 - gameManager - INFO - GAME
2024-11-14 01:28:27,142 - gameManager - INFO - broadcast -- GAME
2024-11-14 01:29:19,062 - gameManager - INFO - level: 10
2024-11-14 01:29:21,066 - gameManager - INFO - WELCOME
2024-11-14 01:29:21,067 - gameManager - INFO - cards: [[18, 21, 25, 31, 50, 52, 66, 71, 76], [2, 24, 36, 37, 54, 55, 64, 82, 96], [4, 10, 11, 30, 59, 74, 77, 84, 88]]
2024-11-14 01:29:21,075 - gameManager - INFO - broadcast -- WELCOME [[18, 21, 25, 31, 50, 52, 66, 71, 76], [2, 24, 36, 37, 54, 55, 64, 82, 96], [4, 10, 11, 30, 59, 74, 77, 84, 88]]
2024-11-14 01:29:23,770 - gameManager - INFO - NEXTLEVEL
2024-11-14 01:29:23,778 - gameManager - INFO - broadcast -- NEXTLEVEL
2024-11-14 01:29:26,144 - gameManager - INFO - GAME
2024-11-14 01:29:26,151 - gameManager - INFO - broadcast -- GAME
2024-11-14 01:29:40,165 - gameManager - INFO - end MISTAKE
2024-11-14 01:29:40,173 - gameManager - INFO - broadcast -- GAME
2024-11-14 01:30:32,588 - gameManager - INFO - only player2 as cards
2024-11-14 01:30:32,596 - gameManager - INFO - broadcast -- LAST
2024-11-14 01:30:32,602 - gameManager - INFO - only player2 as cards
2024-11-14 01:30:32,611 - gameManager - INFO - broadcast -- LAST
2024-11-14 01:30:32,620 - gameManager - INFO - only player2 as cards
2024-11-14 01:30:32,627 - gameManager - INFO - broadcast -- LAST
2024-11-14 01:30:32,636 - gameManager - INFO - only player2 as cards
2024-11-14 01:30:32,644 - gameManager - INFO - broadcast -- LAST
2024-11-14 01:30:32,653 - gameManager - INFO - only player2 as cards
2024-11-14 01:30:32,661 - gameManager - INFO - broadcast -- LAST
2024-11-14 01:30:32,670 - gameManager - INFO - only player2 as cards
2024-11-14 01:30:32,677 - gameManager - INFO - broadcast -- LAST
2024-11-14 01:30:32,687 - gameManager - INFO - only player2 as cards
2024-11-14 01:30:32,695 - gameManager - INFO - broadcast -- LAST
2024-11-14 01:30:32,704 - gameManager - INFO - only player2 as cards
2024-11-14 01:30:32,711 - gameManager - INFO - broadcast -- LAST
2024-11-14 01:30:32,720 - gameManager - INFO - only player2 as cards
2024-11-14 01:30:32,728 - gameManager - INFO - broadcast -- LAST
2024-11-14 01:30:32,737 - gameManager - INFO - only player2 as cards
2024-11-14 01:30:32,744 - gameManager - INFO - broadcast -- LAST
2024-11-14 01:30:32,753 - gameManager - INFO - only player2 as cards
2024-11-14 01:30:32,761 - gameManager - INFO - broadcast -- LAST
2024-11-14 01:30:32,769 - gameManager - INFO - only player2 as cards
2024-11-14 01:30:32,777 - gameManager - INFO - broadcast -- LAST
2024-11-14 01:30:32,785 - gameManager - INFO - only player2 as cards
2024-11-14 01:30:32,793 - gameManager - INFO - broadcast -- LAST
2024-11-14 01:30:32,802 - gameManager - INFO - only player2 as cards
2024-11-14 01:30:32,810 - gameManager - INFO - broadcast -- LAST
2024-11-14 01:30:32,819 - gameManager - INFO - only player2 as cards
2024-11-14 01:30:32,826 - gameManager - INFO - broadcast -- LAST
2024-11-14 01:30:32,836 - gameManager - INFO - only player2 as cards
2024-11-14 01:30:32,844 - gameManager - INFO - broadcast -- LAST
2024-11-14 01:30:32,855 - gameManager - INFO - only player2 as cards
2024-11-14 01:30:32,863 - gameManager - INFO - broadcast -- LAST
2024-11-14 01:30:32,872 - gameManager - INFO - only player2 as cards
2024-11-14 01:30:32,879 - gameManager - INFO - broadcast -- LAST
2024-11-14 01:30:32,888 - gameManager - INFO - only player2 as cards
2024-11-14 01:30:32,896 - gameManager - INFO - broadcast -- LAST
2024-11-14 01:30:32,905 - gameManager - INFO - only player2 as cards
2024-11-14 01:30:32,912 - gameManager - INFO - broadcast -- LAST
2024-11-14 01:30:32,921 - gameManager - INFO - only player2 as cards
2024-11-14 01:30:32,928 - gameManager - INFO - broadcast -- LAST
2024-11-14 01:30:32,938 - gameManager - INFO - only player2 as cards
2024-11-14 01:30:32,945 - gameManager - INFO - broadcast -- LAST
2024-11-14 01:30:32,953 - gameManager - INFO - only player2 as cards
2024-11-14 01:30:32,961 - gameManager - INFO - broadcast -- LAST
2024-11-14 01:30:32,969 - gameManager - INFO - only player2 as cards
2024-11-14 01:30:32,977 - gameManager - INFO - broadcast -- LAST
2024-11-14 01:30:32,987 - gameManager - INFO - only player2 as cards
2024-11-14 01:30:32,993 - gameManager - INFO - broadcast -- LAST
2024-11-14 01:30:33,002 - gameManager - INFO - only player2 as cards
2024-11-14 01:30:33,010 - gameManager - INFO - broadcast -- LAST
2024-11-14 01:30:33,019 - gameManager - INFO - only player2 as cards
2024-11-14 01:30:33,027 - gameManager - INFO - broadcast -- LAST
2024-11-14 01:30:33,037 - gameManager - INFO - only player2 as cards
2024-11-14 01:30:33,045 - gameManager - INFO - broadcast -- LAST
2024-11-14 01:30:33,054 - gameManager - INFO - only player2 as cards
2024-11-14 01:30:33,062 - gameManager - INFO - broadcast -- LAST
2024-11-14 01:30:33,071 - gameManager - INFO - only player2 as cards
2024-11-14 01:30:33,078 - gameManager - INFO - broadcast -- LAST
2024-11-14 01:30:33,086 - gameManager - INFO - only player2 as cards
2024-11-14 01:30:33,094 - gameManager - INFO - broadcast -- LAST
2024-11-14 01:30:33,103 - gameManager - INFO - only player2 as cards
2024-11-14 01:30:33,110 - gameManager - INFO - broadcast -- LAST
2024-11-14 01:30:33,120 - gameManager - INFO - only player2 as cards
2024-11-14 01:30:33,128 - gameManager - INFO - broadcast -- LAST
2024-11-14 01:30:33,137 - gameManager - INFO - only player2 as cards
2024-11-14 01:30:33,144 - gameManager - INFO - broadcast -- LAST
2024-11-14 01:30:33,153 - gameManager - INFO - only player2 as cards
2024-11-14 01:30:33,160 - gameManager - INFO - broadcast -- LAST
2024-11-14 01:30:33,170 - gameManager - INFO - only player2 as cards
2024-11-14 01:30:33,178 - gameManager - INFO - broadcast -- LAST
2024-11-14 01:30:33,187 - gameManager - INFO - only player2 as cards
2024-11-14 01:30:33,195 - gameManager - INFO - broadcast -- LAST
2024-11-14 01:30:33,204 - gameManager - INFO - only player2 as cards
2024-11-14 01:30:33,212 - gameManager - INFO - broadcast -- LAST
2024-11-14 01:30:33,222 - gameManager - INFO - only player2 as cards
2024-11-14 01:30:33,230 - gameManager - INFO - broadcast -- LAST
2024-11-14 01:30:33,238 - gameManager - INFO - only player2 as cards
2024-11-14 01:30:33,245 - gameManager - INFO - broadcast -- LAST
2024-11-14 01:30:33,254 - gameManager - INFO - only player2 as cards
2024-11-14 01:30:33,262 - gameManager - INFO - broadcast -- LAST
2024-11-14 01:30:33,271 - gameManager - INFO - only player2 as cards
2024-11-14 01:30:33,279 - gameManager - INFO - broadcast -- LAST
2024-11-14 01:30:33,287 - gameManager - INFO - only player2 as cards
2024-11-14 01:30:33,295 - gameManager - INFO - broadcast -- LAST
2024-11-14 01:30:33,303 - gameManager - INFO - only player2 as cards
2024-11-14 01:30:33,311 - gameManager - INFO - broadcast -- LAST
2024-11-14 01:30:33,323 - gameManager - INFO - only player2 as cards
2024-11-14 01:30:33,331 - gameManager - INFO - broadcast -- LAST
2024-11-14 01:30:33,341 - gameManager - INFO - only player2 as cards
2024-11-14 01:30:33,348 - gameManager - INFO - broadcast -- LAST
2024-11-14 01:30:33,358 - gameManager - INFO - only player2 as cards
2024-11-14 01:30:33,365 - gameManager - INFO - broadcast -- LAST
2024-11-14 01:30:33,378 - gameManager - INFO - only player2 as cards
2024-11-14 01:30:33,386 - gameManager - INFO - broadcast -- LAST
2024-11-14 01:30:33,396 - gameManager - INFO - only player2 as cards
2024-11-14 01:30:33,404 - gameManager - INFO - broadcast -- LAST
2024-11-14 01:30:33,414 - gameManager - INFO - only player2 as cards
2024-11-14 01:30:33,422 - gameManager - INFO - broadcast -- LAST
2024-11-14 01:30:33,433 - gameManager - INFO - only player2 as cards
2024-11-14 01:30:33,440 - gameManager - INFO - broadcast -- LAST
2024-11-14 01:30:33,450 - gameManager - INFO - only player2 as cards
2024-11-14 01:30:33,458 - gameManager - INFO - broadcast -- LAST
2024-11-14 01:30:33,469 - gameManager - INFO - only player2 as cards
2024-11-14 01:30:33,478 - gameManager - INFO - broadcast -- LAST
2024-11-14 01:30:33,489 - gameManager - INFO - only player2 as cards
2024-11-14 01:30:33,496 - gameManager - INFO - broadcast -- LAST
2024-11-14 01:30:33,507 - gameManager - INFO - only player2 as cards
2024-11-14 01:30:33,515 - gameManager - INFO - broadcast -- LAST
2024-11-14 01:30:33,526 - gameManager - INFO - only player2 as cards
2024-11-14 01:30:33,533 - gameManager - INFO - broadcast -- LAST
2024-11-14 01:30:33,545 - gameManager - INFO - only player2 as cards
2024-11-14 01:30:33,553 - gameManager - INFO - broadcast -- LAST
2024-11-14 01:30:33,563 - gameManager - INFO - only player2 as cards
2024-11-14 01:30:33,570 - gameManager - INFO - broadcast -- LAST
2024-11-14 01:30:33,583 - gameManager - INFO - only player2 as cards
2024-11-14 01:30:33,591 - gameManager - INFO - broadcast -- LAST
2024-11-14 01:30:33,601 - gameManager - INFO - only player2 as cards
2024-11-14 01:30:33,609 - gameManager - INFO - broadcast -- LAST
2024-11-14 01:30:33,619 - gameManager - INFO - only player2 as cards
2024-11-14 01:30:33,628 - gameManager - INFO - broadcast -- LAST
2024-11-14 01:30:33,639 - gameManager - INFO - only player2 as cards
2024-11-14 01:30:33,646 - gameManager - INFO - broadcast -- LAST
2024-11-14 01:30:33,657 - gameManager - INFO - only player2 as cards
2024-11-14 01:30:33,665 - gameManager - INFO - broadcast -- LAST
2024-11-14 01:30:33,675 - gameManager - INFO - only player2 as cards
2024-11-14 01:30:33,682 - gameManager - INFO - broadcast -- LAST
2024-11-14 01:30:33,695 - gameManager - INFO - only player2 as cards
2024-11-14 01:30:33,701 - gameManager - INFO - broadcast -- LAST
2024-11-14 01:30:33,712 - gameManager - INFO - only player2 as cards
2024-11-14 01:30:33,721 - gameManager - INFO - broadcast -- LAST
2024-11-14 01:30:33,732 - gameManager - INFO - only player2 as cards
2024-11-14 01:30:33,739 - gameManager - INFO - broadcast -- LAST
2024-11-14 01:30:33,750 - gameManager - INFO - only player2 as cards
2024-11-14 01:30:33,757 - gameManager - INFO - broadcast -- LAST
2024-11-14 01:30:33,767 - gameManager - INFO - only player2 as cards
2024-11-14 01:30:33,776 - gameManager - INFO - broadcast -- LAST
2024-11-14 01:30:33,788 - gameManager - INFO - only player2 as cards
2024-11-14 01:30:33,796 - gameManager - INFO - broadcast -- LAST
2024-11-14 01:30:33,806 - gameManager - INFO - only player2 as cards
2024-11-14 01:30:33,813 - gameManager - INFO - broadcast -- LAST
2024-11-14 01:30:33,823 - gameManager - INFO - only player2 as cards
2024-11-14 01:30:33,831 - gameManager - INFO - broadcast -- LAST
2024-11-14 01:30:33,842 - gameManager - INFO - only player2 as cards
2024-11-14 01:30:33,849 - gameManager - INFO - broadcast -- LAST
2024-11-14 01:30:33,859 - gameManager - INFO - only player2 as cards
2024-11-14 01:30:33,865 - gameManager - INFO - broadcast -- LAST
2024-11-14 01:30:33,878 - gameManager - INFO - only player2 as cards
2024-11-14 01:30:33,886 - gameManager - INFO - broadcast -- LAST
2024-11-14 01:30:33,897 - gameManager - INFO - only player2 as cards
2024-11-14 01:30:33,903 - gameManager - INFO - broadcast -- LAST
2024-11-14 01:30:33,914 - gameManager - INFO - only player2 as cards
2024-11-14 01:30:33,922 - gameManager - INFO - broadcast -- LAST
2024-11-14 01:30:33,939 - gameManager - INFO - level: 11
2024-11-14 01:30:35,942 - gameManager - INFO - GAMEOVER
2024-11-14 01:30:35,950 - gameManager - INFO - broadcast -- GAMEOVER
2024-11-14 01:30:35,964 - gameManager - INFO - level: 12
2024-11-14 01:30:37,969 - gameManager - INFO - WELCOME
2024-11-14 01:30:37,970 - gameManager - INFO - cards: [[23, 25, 30, 44, 46, 51, 71, 75, 77, 81], [1, 21, 26, 34, 41, 56, 63, 80, 83, 88], [6, 9, 20, 37, 59, 70, 84, 86, 87, 93]]
2024-11-14 01:30:37,978 - gameManager - INFO - broadcast -- WELCOME [[23, 25, 30, 44, 46, 51, 71, 75, 77, 81], [1, 21, 26, 34, 41, 56, 63, 80, 83, 88], [6, 9, 20, 37, 59, 70, 84, 86, 87, 93]]
2024-11-14 01:30:46,506 - gameManager - INFO - NEXTLEVEL
2024-11-14 01:30:46,515 - gameManager - INFO - broadcast -- NEXTLEVEL
2024-11-14 01:30:58,078 - gameManager - INFO - GAME
2024-11-14 01:30:58,084 - gameManager - INFO - broadcast -- GAME
2024-11-14 01:31:08,814 - gameManager - INFO - GAMEOVER
2024-11-14 01:31:08,824 - gameManager - INFO - broadcast -- WELCOME
