2024-11-14 06:26:52,961 - 1 - INFO - Connected to Player 1
2024-11-14 06:26:52,975 - 1 - INFO - add client
2024-11-14 06:26:54,918 - 1 - INFO - 1 -- message -- WELCOME
2024-11-14 06:26:54,938 - 1 - INFO - 1 -- NEXTLEVEL
2024-11-14 06:27:03,930 - 1 - INFO - 1 -- message -- READYTOPLAY
2024-11-14 06:27:03,933 - 1 - INFO - 1 -- GAME
2024-11-14 06:27:07,204 - 1 - INFO - 1 -- message -- PLAY 56
2024-11-14 06:27:07,207 - 1 - INFO - 1 -- PLAY -- 56
2024-11-14 06:27:07,210 - 1 - INFO - 1 -- shared_data["lives"]
2024-11-14 06:27:07,214 - 1 - INFO - 1 -- MISTAKE
2024-11-14 06:27:07,223 - 1 - INFO - 1 -- broadcast -- MISTAKE 56
2024-11-14 06:27:13,464 - 1 - INFO - 1 -- message -- WELCOME
2024-11-14 06:27:13,469 - 1 - INFO - 1 -- NEXTLEVEL
2024-11-14 06:27:15,175 - 1 - INFO - 1 -- message -- READYTOPLAY
2024-11-14 06:27:15,177 - 1 - INFO - 1 -- GAME
2024-11-14 06:27:18,775 - 1 - INFO - 1 -- message -- MISTAKE
2024-11-14 06:27:18,778 - 1 - INFO - 1 -- MISTAKE
2024-11-14 06:27:29,846 - 1 - INFO - 1 -- message -- WELCOME
2024-11-14 06:27:29,849 - 1 - INFO - 1 -- NEXTLEVEL
2024-11-14 06:27:31,373 - 1 - INFO - 1 -- message -- READYTOPLAY
2024-11-14 06:27:31,376 - 1 - INFO - 1 -- GAME
2024-11-14 06:27:35,468 - 1 - INFO - 1 -- message -- PLAY 21
2024-11-14 06:27:35,469 - 1 - INFO - 1 -- PLAY -- 21
2024-11-14 06:27:35,472 - 1 - INFO - 1 -- shared_data["lives"]
2024-11-14 06:27:35,473 - 1 - INFO - 1 -- GAMEOVER
2024-11-14 06:27:35,481 - 1 - INFO - 1 -- broadcast -- GAMEOVER
2024-11-14 06:27:36,902 - 1 - INFO - 1 -- message -- GAMEOVER
2024-11-14 06:27:36,908 - 1 - INFO - 1 -- GAMEOVER
