2024-11-14 06:26:41,528 - 2 - INFO - Connected to Player 2
2024-11-14 06:26:41,540 - 2 - INFO - add client
2024-11-14 06:26:41,540 - 2 - INFO - 2 -- message -- WELCOME
2024-11-14 06:26:41,541 - 2 - INFO - 2 -- NEXTLEVEL
2024-11-14 06:26:55,971 - 2 - INFO - 2 -- message -- READYTOPLAY
2024-11-14 06:26:55,972 - 2 - INFO - 2 -- GAME
2024-11-14 06:27:07,229 - 2 - INFO - 2 -- message -- MISTAKE
2024-11-14 06:27:07,234 - 2 - INFO - 2 -- MISTAKE
2024-11-14 06:27:10,482 - 2 - INFO - 2 -- message -- PLAY 97
2024-11-14 06:27:10,485 - 2 - INFO - 2 -- PLAY -- 97
2024-11-14 06:27:10,498 - 2 - INFO - 2 -- broadcast -- CARD 2,97
2024-11-14 06:27:12,512 - 2 - INFO - 2 -- message -- WELCOME
2024-11-14 06:27:12,515 - 2 - INFO - 2 -- NEXTLEVEL
2024-11-14 06:27:13,496 - 2 - INFO - 2 -- message -- READYTOPLAY
2024-11-14 06:27:13,498 - 2 - INFO - 2 -- GAME
2024-11-14 06:27:17,467 - 2 - INFO - 2 -- message -- MISTAKE
2024-11-14 06:27:17,472 - 2 - INFO - 2 -- MISTAKE
2024-11-14 06:27:24,797 - 2 - INFO - 2 -- message -- PLAY 80
2024-11-14 06:27:24,799 - 2 - INFO - 2 -- PLAY -- 80
2024-11-14 06:27:24,804 - 2 - INFO - 2 -- broadcast -- CARD 2,80
2024-11-14 06:27:27,898 - 2 - INFO - 2 -- message -- WELCOME
2024-11-14 06:27:27,900 - 2 - INFO - 2 -- NEXTLEVEL
2024-11-14 06:27:29,890 - 2 - INFO - 2 -- message -- READYTOPLAY
2024-11-14 06:27:29,895 - 2 - INFO - 2 -- GAME
2024-11-14 06:27:36,488 - 2 - INFO - 2 -- message -- GAMEOVER
2024-11-14 06:27:36,492 - 2 - INFO - 2 -- GAMEOVER
