2024-11-14 06:13:29,094 - 2 - INFO - Connected to Player 2
2024-11-14 06:13:29,101 - 2 - INFO - add client
2024-11-14 06:13:29,101 - 2 - INFO - 2 -- message -- WELCOME
2024-11-14 06:13:29,102 - 2 - INFO - 2 -- NEXTLEVEL
2024-11-14 06:13:43,834 - 2 - INFO - 2 -- message -- READYTOPLAY
2024-11-14 06:13:43,835 - 2 - INFO - 2 -- GAME
2024-11-14 06:13:51,889 - 2 - INFO - 2 -- message -- PLAY 99
2024-11-14 06:13:51,890 - 2 - INFO - 2 -- PLAY -- 99
2024-11-14 06:13:51,893 - 2 - INFO - 2 -- broadcast -- CARD 2,99
2024-11-14 06:13:53,899 - 2 - INFO - 2 -- message -- WELCOME
2024-11-14 06:13:53,900 - 2 - INFO - 2 -- NEXTLEVEL
2024-11-14 06:13:55,749 - 2 - INFO - 2 -- message -- READYTOPLAY
2024-11-14 06:13:55,750 - 2 - INFO - 2 -- GAME
2024-11-14 06:14:06,481 - 2 - INFO - 2 -- message -- MISTAKE
2024-11-14 06:14:06,482 - 2 - INFO - 2 -- MISTAKE
2024-11-14 06:14:13,918 - 2 - INFO - 2 -- message -- PLAY 86
2024-11-14 06:14:13,918 - 2 - INFO - 2 -- PLAY -- 86
2024-11-14 06:14:13,922 - 2 - INFO - 2 -- broadcast -- CARD 2,86
2024-11-14 06:14:18,632 - 2 - INFO - 2 -- message -- PLAY 94
2024-11-14 06:14:18,633 - 2 - INFO - 2 -- PLAY -- 94
2024-11-14 06:14:18,636 - 2 - INFO - 2 -- broadcast -- CARD 2,94
2024-11-14 06:14:20,640 - 2 - INFO - 2 -- message -- WELCOME
2024-11-14 06:14:20,641 - 2 - INFO - 2 -- NEXTLEVEL
2024-11-14 06:14:25,861 - 2 - INFO - 2 -- message -- READYTOPLAY
2024-11-14 06:14:25,863 - 2 - INFO - 2 -- GAME
2024-11-14 06:14:54,448 - 2 - INFO - 2 -- message -- PLAY 59
2024-11-14 06:14:54,449 - 2 - INFO - 2 -- PLAY -- 59
2024-11-14 06:14:54,452 - 2 - INFO - 2 -- broadcast -- CARD 2,59
2024-11-14 06:14:59,288 - 2 - INFO - 2 -- message -- PLAY 73
2024-11-14 06:14:59,288 - 2 - INFO - 2 -- PLAY -- 73
2024-11-14 06:14:59,291 - 2 - INFO - 2 -- broadcast -- CARD 2,73
2024-11-14 06:15:12,293 - 2 - INFO - 2 -- message -- PLAY 86
2024-11-14 06:15:12,295 - 2 - INFO - 2 -- PLAY -- 86
2024-11-14 06:15:12,298 - 2 - INFO - 2 -- broadcast -- CARD 2,86
2024-11-14 06:15:19,558 - 2 - INFO - 2 -- message -- WELCOME
2024-11-14 06:15:19,558 - 2 - INFO - 2 -- NEXTLEVEL
2024-11-14 06:15:21,692 - 2 - INFO - 2 -- message -- READYTOPLAY
2024-11-14 06:15:21,693 - 2 - INFO - 2 -- GAME
2024-11-14 06:15:27,052 - 2 - INFO - 2 -- message -- MISTAKE
2024-11-14 06:15:27,054 - 2 - INFO - 2 -- MISTAKE
2024-11-14 06:15:56,917 - 2 - INFO - 2 -- message -- PLAY 70
2024-11-14 06:15:56,918 - 2 - INFO - 2 -- PLAY -- 70
2024-11-14 06:15:56,921 - 2 - INFO - 2 -- broadcast -- CARD 2,70
2024-11-14 06:15:59,706 - 2 - INFO - 2 -- message -- PLAY 77
2024-11-14 06:15:59,707 - 2 - INFO - 2 -- PLAY -- 77
2024-11-14 06:15:59,711 - 2 - INFO - 2 -- broadcast -- CARD 2,77
2024-11-14 06:16:10,434 - 2 - INFO - 2 -- message -- PLAY 100
2024-11-14 06:16:10,434 - 2 - INFO - 2 -- PLAY -- 100
2024-11-14 06:16:10,437 - 2 - INFO - 2 -- broadcast -- CARD 2,100
2024-11-14 06:16:14,449 - 2 - INFO - 2 -- message -- GAMEOVER
2024-11-14 06:16:14,450 - 2 - INFO - 2 -- GAMEOVER
