2024-11-22 12:29:13,558 - 2 - INFO - Connected to Player 2
2024-11-22 12:29:13,566 - 2 - INFO - add client
2024-11-22 12:29:13,567 - 2 - INFO - 2 -- message -- WELCOME
2024-11-22 12:29:55,184 - 2 - INFO - 2 -- message -- 2024-11-22 12:29:55,266 - 2 - INFO - 2 -- message -- 
2024-11-22 12:29:55,269 - 2 - INFO - 2 -- message -- 
2024-11-22 12:29:55,272 - 2 - INFO - 2 -- message -- 
2024-11-22 12:29:55,275 - 2 - INFO - 2 -- message -- 
2024-11-22 12:29:55,278 - 2 - INFO - 2 -- message -- 
2024-11-22 12:29:55,281 - 2 - INFO - 2 -- message -- 
2024-11-22 12:29:55,284 - 2 - INFO - 2 -- message -- 
2024-11-22 12:29:55,287 - 2 - INFO - 2 -- message -- 
2024-11-22 12:29:55,289 - 2 - INFO - 2 -- message -- 
2024-11-22 12:29:55,292 - 2 - INFO - 2 -- message -- 
2024-11-22 12:29:55,295 - 2 - INFO - 2 -- message -- 
2024-11-22 12:29:55,299 - 2 - INFO - 2 -- message -- 
2024-11-22 12:29:55,301 - 2 - INFO - 2 -- message -- 
2024-11-22 12:29:55,304 - 2 - INFO - 2 -- message -- 
2024-11-22 12:29:55,307 - 2 - INFO - 2 -- message -- 
2024-11-22 12:29:55,309 - 2 - INFO - 2 -- message -- 
2024-11-22 12:29:55,313 - 2 - INFO - 2 -- message -- 
2024-11-22 12:29:55,316 - 2 - INFO - 2 -- message -- 
2024-11-22 12:29:55,318 - 2 - INFO - 2 -- message -- 
2024-11-22 12:29:55,321 - 2 - INFO - 2 -- message -- 
2024-11-22 12:29:55,324 - 2 - INFO - 2 -- message -- 
2024-11-22 12:29:55,327 - 2 - INFO - 2 -- message -- 
2024-11-22 12:29:55,329 - 2 - INFO - 2 -- message -- 
2024-11-22 12:29:55,332 - 2 - INFO - 2 -- message -- 
2024-11-22 12:29:55,334 - 2 - INFO - 2 -- message -- 
2024-11-22 12:29:55,337 - 2 - INFO - 2 -- message -- 
2024-11-22 12:29:55,340 - 2 - INFO - 2 -- message -- 
2024-11-22 12:29:55,343 - 2 - INFO - 2 -- message -- 
2024-11-22 12:29:55,347 - 2 - INFO - 2 -- message -- 
2024-11-22 12:29:55,349 - 2 - INFO - 2 -- message -- 
2024-11-22 12:29:55,352 - 2 - INFO - 2 -- message -- 
2024-11-22 12:29:55,354 - 2 - INFO - 2 -- message -- 
2024-11-22 12:29:55,357 - 2 - INFO - 2 -- message -- 
2024-11-22 12:29:55,360 - 2 - INFO - 2 -- message -- 
2024-11-22 12:29:55,363 - 2 - INFO - 2 -- message -- 
2024-11-22 12:29:55,365 - 2 - INFO - 2 -- message -- 
2024-11-22 12:29:55,367 - 2 - INFO - 2 -- message -- 
2024-11-22 12:29:55,370 - 2 - INFO - 2 -- message -- 
2024-11-22 12:29:55,372 - 2 - INFO - 2 -- message -- 
2024-11-22 12:29:55,376 - 2 - INFO - 2 -- message -- 
2024-11-22 12:29:55,378 - 2 - INFO - 2 -- message -- 
2024-11-22 12:29:55,380 - 2 - INFO - 2 -- message -- 
2024-11-22 12:29:55,383 - 2 - INFO - 2 -- message -- 
2024-11-22 12:29:55,385 - 2 - INFO - 2 -- message -- 
2024-11-22 12:29:55,387 - 2 - INFO - 2 -- message -- 
2024-11-22 12:29:55,390 - 2 - INFO - 2 -- message -- 
2024-11-22 12:29:55,393 - 2 - INFO - 2 -- message -- 
2024-11-22 12:29:55,396 - 2 - INFO - 2 -- message -- 
2024-11-22 12:29:55,398 - 2 - INFO - 2 -- message -- 
2024-11-22 12:29:55,401 - 2 - INFO - 2 -- message -- 
2024-11-22 12:29:55,403 - 2 - INFO - 2 -- message -- 
2024-11-22 12:29:55,406 - 2 - INFO - 2 -- message -- 
2024-11-22 12:29:55,409 - 2 - INFO - 2 -- message -- 
2024-11-22 12:29:55,411 - 2 - INFO - 2 -- message -- 
2024-11-22 12:29:55,414 - 2 - INFO - 2 -- message -- 
2024-11-22 12:29:55,416 - 2 - INFO - 2 -- message -- 
2024-11-22 12:29:55,419 - 2 - INFO - 2 -- message -- 
2024-11-22 12:29:55,421 - 2 - INFO - 2 -- message -- 
2024-11-22 12:29:55,424 - 2 - INFO - 2 -- message -- 
2024-11-22 12:29:55,427 - 2 - INFO - 2 -- message -- 
2024-11-22 12:29:55,429 - 2 - INFO - 2 -- message -- 
2024-11-22 12:29:55,432 - 2 - INFO - 2 -- message -- 
2024-11-22 12:29:55,434 - 2 - INFO - 2 -- message -- 
2024-11-22 12:29:55,437 - 2 - INFO - 2 -- message -- 
2024-11-22 12:29:55,440 - 2 - INFO - 2 -- message -- 
2024-11-22 12:29:55,443 - 2 - INFO - 2 -- message -- 
2024-11-22 12:29:55,445 - 2 - INFO - 2 -- message -- 
2024-11-22 12:29:55,448 - 2 - INFO - 2 -- message -- 
2024-11-22 12:29:55,450 - 2 - INFO - 2 -- message -- 
2024-11-22 12:29:55,453 - 2 - INFO - 2 -- message -- 
2024-11-22 12:29:55,456 - 2 - INFO - 2 -- message -- 
2024-11-22 12:29:55,458 - 2 - INFO - 2 -- message -- 
2024-11-22 12:29:55,461 - 2 - INFO - 2 -- message -- 
2024-11-22 12:29:55,463 - 2 - INFO - 2 -- message -- 
2024-11-22 12:29:55,465 - 2 - INFO - 2 -- message -- 
2024-11-22 12:29:55,468 - 2 - INFO - 2 -- message -- 
2024-11-22 12:29:55,471 - 2 - INFO - 2 -- message -- 
2024-11-22 12:29:55,474 - 2 - INFO - 2 -- message -- 
2024-11-22 12:29:55,477 - 2 - INFO - 2 -- message -- 
2024-11-22 12:29:55,479 - 2 - INFO - 2 -- message -- 
2024-11-22 12:29:55,482 - 2 - INFO - 2 -- message -- 
2024-11-22 12:29:55,484 - 2 - INFO - 2 -- message -- 
2024-11-22 12:29:55,488 - 2 - INFO - 2 -- message -- 
2024-11-22 12:29:55,491 - 2 - INFO - 2 -- message -- 
2024-11-22 12:29:55,493 - 2 - INFO - 2 -- message -- 
2024-11-22 12:29:55,496 - 2 - INFO - 2 -- message -- 
2024-11-22 12:29:55,499 - 2 - INFO - 2 -- message -- 
2024-11-22 12:29:55,502 - 2 - INFO - 2 -- message -- 
2024-11-22 12:29:55,504 - 2 - INFO - 2 -- message -- 
2024-11-22 12:29:55,507 - 2 - INFO - 2 -- message -- 
2024-11-22 12:29:55,510 - 2 - INFO - 2 -- message -- 
2024-11-22 12:29:55,512 - 2 - INFO - 2 -- message -- 
2024-11-22 12:29:55,515 - 2 - INFO - 2 -- message -- 
2024-11-22 12:29:55,518 - 2 - INFO - 2 -- message -- 
2024-11-22 12:29:55,520 - 2 - INFO - 2 -- message -- 
2024-11-22 12:29:55,523 - 2 - INFO - 2 -- message -- 
2024-11-22 12:29:55,525 - 2 - INFO - 2 -- message -- 
2024-11-22 12:29:55,527 - 2 - INFO - 2 -- message -- 
2024-11-22 12:29:55,530 - 2 - INFO - 2 -- message -- 
2024-11-22 12:29:55,533 - 2 - INFO - 2 -- message -- 
2024-11-22 12:29:55,535 - 2 - INFO - 2 -- message -- 
2024-11-22 12:29:55,538 - 2 - INFO - 2 -- message -- 
2024-11-22 12:29:55,541 - 2 - INFO - 2 -- message -- 
2024-11-22 12:29:55,544 - 2 - INFO - 2 -- message -- 
2024-11-22 12:29:55,546 - 2 - INFO - 2 -- message -- 
2024-11-22 12:29:55,549 - 2 - INFO - 2 -- message -- 
2024-11-22 12:29:55,552 - 2 - INFO - 2 -- message -- 
2024-11-22 12:29:55,554 - 2 - INFO - 2 -- message -- 
2024-11-22 12:29:55,557 - 2 - INFO - 2 -- message -- 
2024-11-22 12:29:55,560 - 2 - INFO - 2 -- message -- 
2024-11-22 12:29:55,562 - 2 - INFO - 2 -- message -- 
2024-11-22 12:29:55,566 - 2 - INFO - 2 -- message -- 
2024-11-22 12:29:55,568 - 2 - INFO - 2 -- message -- 
2024-11-22 12:29:55,571 - 2 - INFO - 2 -- message -- 
2024-11-22 12:29:55,574 - 2 - INFO - 2 -- message -- 
2024-11-22 12:29:55,577 - 2 - INFO - 2 -- message -- 
2024-11-22 12:29:55,580 - 2 - INFO - 2 -- message -- 
2024-11-22 12:29:55,582 - 2 - INFO - 2 -- message -- 
2024-11-22 12:29:55,585 - 2 - INFO - 2 -- message -- 
2024-11-22 12:29:55,588 - 2 - INFO - 2 -- message -- 
2024-11-22 12:29:55,590 - 2 - INFO - 2 -- message -- 
2024-11-22 12:29:55,593 - 2 - INFO - 2 -- message -- 
2024-11-22 12:29:55,596 - 2 - INFO - 2 -- message -- 
2024-11-22 12:29:55,599 - 2 - INFO - 2 -- message -- 
2024-11-22 12:29:55,601 - 2 - INFO - 2 -- message -- 
2024-11-22 12:29:55,603 - 2 - INFO - 2 -- message -- 
2024-11-22 12:29:55,606 - 2 - INFO - 2 -- message -- 
2024-11-22 12:29:55,608 - 2 - INFO - 2 -- message -- 
2024-11-22 12:29:55,611 - 2 - INFO - 2 -- message -- 
2024-11-22 12:29:55,614 - 2 - INFO - 2 -- message -- 
2024-11-22 12:29:55,617 - 2 - INFO - 2 -- message -- 
2024-11-22 12:29:55,619 - 2 - INFO - 2 -- message -- 
2024-11-22 12:29:55,621 - 2 - INFO - 2 -- message -- 
2024-11-22 12:29:55,624 - 2 - INFO - 2 -- message -- 
2024-11-22 12:29:55,627 - 2 - INFO - 2 -- message -- 
2024-11-22 12:29:55,630 - 2 - INFO - 2 -- message -- 
2024-11-22 12:29:55,632 - 2 - INFO - 2 -- message -- 
2024-11-22 12:29:55,635 - 2 - INFO - 2 -- message -- 
2024-11-22 12:29:55,637 - 2 - INFO - 2 -- message -- 
2024-11-22 12:29:55,640 - 2 - INFO - 2 -- message -- 
2024-11-22 12:29:55,643 - 2 - INFO - 2 -- message -- 
2024-11-22 12:29:55,646 - 2 - INFO - 2 -- message -- 
2024-11-22 12:29:55,649 - 2 - INFO - 2 -- message -- 
2024-11-22 12:29:55,651 - 2 - INFO - 2 -- message -- 
2024-11-22 12:29:55,653 - 2 - INFO - 2 -- message -- 
2024-11-22 12:29:55,656 - 2 - INFO - 2 -- message -- 
2024-11-22 12:29:55,659 - 2 - INFO - 2 -- message -- 
2024-11-22 12:29:55,661 - 2 - INFO - 2 -- message -- 
2024-11-22 12:29:55,664 - 2 - INFO - 2 -- message -- 
2024-11-22 12:29:55,666 - 2 - INFO - 2 -- message -- 
2024-11-22 12:29:55,669 - 2 - INFO - 2 -- message -- 
2024-11-22 12:29:55,671 - 2 - INFO - 2 -- message -- 
2024-11-22 12:29:55,674 - 2 - INFO - 2 -- message -- 
2024-11-22 12:29:55,677 - 2 - INFO - 2 -- message -- 
2024-11-22 12:29:55,680 - 2 - INFO - 2 -- message -- 
2024-11-22 12:29:55,682 - 2 - INFO - 2 -- message -- 
2024-11-22 12:29:55,685 - 2 - INFO - 2 -- message -- 
2024-11-22 12:29:55,687 - 2 - INFO - 2 -- message -- 
2024-11-22 12:29:55,690 - 2 - INFO - 2 -- message -- 
2024-11-22 12:29:55,693 - 2 - INFO - 2 -- message -- 
2024-11-22 12:29:55,696 - 2 - INFO - 2 -- message -- 
2024-11-22 12:29:55,698 - 2 - INFO - 2 -- message -- 
2024-11-22 12:29:55,700 - 2 - INFO - 2 -- message -- 
2024-11-22 12:29:55,703 - 2 - INFO - 2 -- message -- 
2024-11-22 12:29:55,705 - 2 - INFO - 2 -- message -- 
2024-11-22 12:29:55,709 - 2 - INFO - 2 -- message -- 
2024-11-22 12:29:55,712 - 2 - INFO - 2 -- message -- 
2024-11-22 12:29:55,714 - 2 - INFO - 2 -- message -- 
2024-11-22 12:29:55,717 - 2 - INFO - 2 -- message -- 
2024-11-22 12:29:55,719 - 2 - INFO - 2 -- message -- 
2024-11-22 12:29:55,722 - 2 - INFO - 2 -- message -- 
2024-11-22 12:29:55,725 - 2 - INFO - 2 -- message -- 
2024-11-22 12:29:55,728 - 2 - INFO - 2 -- message -- 
2024-11-22 12:29:55,731 - 2 - INFO - 2 -- message -- 
2024-11-22 12:29:55,734 - 2 - INFO - 2 -- message -- 
2024-11-22 12:29:55,736 - 2 - INFO - 2 -- message -- 
2024-11-22 12:29:55,740 - 2 - INFO - 2 -- message -- 
2024-11-22 12:29:55,742 - 2 - INFO - 2 -- message -- 
2024-11-22 12:29:55,746 - 2 - INFO - 2 -- message -- 
2024-11-22 12:29:55,748 - 2 - INFO - 2 -- message -- 
2024-11-22 12:29:55,751 - 2 - INFO - 2 -- message -- 
2024-11-22 12:29:55,753 - 2 - INFO - 2 -- message -- 
2024-11-22 12:29:55,756 - 2 - INFO - 2 -- message -- 
2024-11-22 12:29:55,760 - 2 - INFO - 2 -- message -- 
2024-11-22 12:29:55,762 - 2 - INFO - 2 -- message -- 
2024-11-22 12:29:55,765 - 2 - INFO - 2 -- message -- 
2024-11-22 12:29:55,767 - 2 - INFO - 2 -- message -- 
2024-11-22 12:29:55,769 - 2 - INFO - 2 -- message -- 
2024-11-22 12:29:55,773 - 2 - INFO - 2 -- message -- 
2024-11-22 12:29:55,775 - 2 - INFO - 2 -- message -- 
2024-11-22 12:29:55,778 - 2 - INFO - 2 -- message -- 
2024-11-22 12:29:55,780 - 2 - INFO - 2 -- message -- 
2024-11-22 12:29:55,782 - 2 - INFO - 2 -- message -- 
2024-11-22 12:29:55,785 - 2 - INFO - 2 -- message -- 
2024-11-22 12:29:55,788 - 2 - INFO - 2 -- message -- 
2024-11-22 12:29:55,791 - 2 - INFO - 2 -- message -- 
2024-11-22 12:29:55,794 - 2 - INFO - 2 -- message -- 
2024-11-22 12:29:55,797 - 2 - INFO - 2 -- message -- 
2024-11-22 12:29:55,799 - 2 - INFO - 2 -- message -- 
2024-11-22 12:29:55,802 - 2 - INFO - 2 -- message -- 
2024-11-22 12:29:55,805 - 2 - INFO - 2 -- message -- 
2024-11-22 12:29:55,807 - 2 - INFO - 2 -- message -- 
2024-11-22 12:29:55,810 - 2 - INFO - 2 -- message -- 
2024-11-22 12:29:55,812 - 2 - INFO - 2 -- message -- 
2024-11-22 12:29:55,815 - 2 - INFO - 2 -- message -- 
2024-11-22 12:29:55,818 - 2 - INFO - 2 -- message -- 
2024-11-22 12:29:55,820 - 2 - INFO - 2 -- message -- 
2024-11-22 12:29:55,823 - 2 - INFO - 2 -- message -- 
2024-11-22 12:29:55,825 - 2 - INFO - 2 -- message -- 
2024-11-22 12:29:55,828 - 2 - INFO - 2 -- message -- 
2024-11-22 12:29:55,830 - 2 - INFO - 2 -- message -- 
2024-11-22 12:29:55,833 - 2 - INFO - 2 -- message -- 
2024-11-22 12:29:55,835 - 2 - INFO - 2 -- message -- 
2024-11-22 12:29:55,838 - 2 - INFO - 2 -- message -- 
2024-11-22 12:29:55,840 - 2 - INFO - 2 -- message -- 
2024-11-22 12:29:55,843 - 2 - INFO - 2 -- message -- 
2024-11-22 12:29:55,845 - 2 - INFO - 2 -- message -- 
2024-11-22 12:29:55,848 - 2 - INFO - 2 -- message -- 
2024-11-22 12:29:55,851 - 2 - INFO - 2 -- message -- 
2024-11-22 12:29:55,854 - 2 - INFO - 2 -- message -- 
2024-11-22 12:29:55,857 - 2 - INFO - 2 -- message -- 
2024-11-22 12:29:55,860 - 2 - INFO - 2 -- message -- 
2024-11-22 12:29:55,863 - 2 - INFO - 2 -- message -- 
2024-11-22 12:29:55,866 - 2 - INFO - 2 -- message -- 
2024-11-22 12:29:55,869 - 2 - INFO - 2 -- message -- 
2024-11-22 12:29:55,872 - 2 - INFO - 2 -- message -- 
2024-11-22 12:29:55,875 - 2 - INFO - 2 -- message -- 
2024-11-22 12:29:55,877 - 2 - INFO - 2 -- message -- 
2024-11-22 12:29:55,881 - 2 - INFO - 2 -- message -- 
2024-11-22 12:29:55,884 - 2 - INFO - 2 -- message -- 
2024-11-22 12:29:55,886 - 2 - INFO - 2 -- message -- 
2024-11-22 12:29:55,889 - 2 - INFO - 2 -- message -- 
2024-11-22 12:29:55,892 - 2 - INFO - 2 -- message -- 
2024-11-22 12:29:55,894 - 2 - INFO - 2 -- message -- 
2024-11-22 12:29:55,897 - 2 - INFO - 2 -- message -- 
2024-11-22 12:29:55,900 - 2 - INFO - 2 -- message -- 
2024-11-22 12:29:55,903 - 2 - INFO - 2 -- message -- 
2024-11-22 12:29:55,905 - 2 - INFO - 2 -- message -- 
2024-11-22 12:29:55,908 - 2 - INFO - 2 -- message -- 
2024-11-22 12:29:55,911 - 2 - INFO - 2 -- message -- 
2024-11-22 12:29:55,914 - 2 - INFO - 2 -- message -- 
2024-11-22 12:29:55,917 - 2 - INFO - 2 -- message -- 
2024-11-22 12:29:55,919 - 2 - INFO - 2 -- message -- 
2024-11-22 12:29:55,923 - 2 - INFO - 2 -- message -- 
2024-11-22 12:29:55,925 - 2 - INFO - 2 -- message -- 
2024-11-22 12:29:55,928 - 2 - INFO - 2 -- message -- 
2024-11-22 12:29:55,931 - 2 - INFO - 2 -- message -- 
2024-11-22 12:29:55,934 - 2 - INFO - 2 -- message -- 
2024-11-22 12:29:55,936 - 2 - INFO - 2 -- message -- 
2024-11-22 12:29:55,939 - 2 - INFO - 2 -- message -- 
2024-11-22 12:29:55,942 - 2 - INFO - 2 -- message -- 
2024-11-22 12:29:55,944 - 2 - INFO - 2 -- message -- 
2024-11-22 12:29:55,948 - 2 - INFO - 2 -- message -- 
2024-11-22 12:29:55,950 - 2 - INFO - 2 -- message -- 
2024-11-22 12:29:55,953 - 2 - INFO - 2 -- message -- 
2024-11-22 12:29:55,956 - 2 - INFO - 2 -- message -- 
2024-11-22 12:29:55,959 - 2 - INFO - 2 -- message -- 
2024-11-22 12:29:55,962 - 2 - INFO - 2 -- message -- 
2024-11-22 12:29:55,964 - 2 - INFO - 2 -- message -- 
2024-11-22 12:29:55,967 - 2 - INFO - 2 -- message -- 
2024-11-22 12:29:55,969 - 2 - INFO - 2 -- message -- 
2024-11-22 12:29:55,972 - 2 - INFO - 2 -- message -- 
2024-11-22 12:29:55,975 - 2 - INFO - 2 -- message -- 
2024-11-22 12:29:55,977 - 2 - INFO - 2 -- message -- 
2024-11-22 12:29:55,980 - 2 - INFO - 2 -- message -- 
2024-11-22 12:29:55,982 - 2 - INFO - 2 -- message -- 
2024-11-22 12:29:55,984 - 2 - INFO - 2 -- message -- 
2024-11-22 12:29:55,987 - 2 - INFO - 2 -- message -- 
2024-11-22 12:29:55,990 - 2 - INFO - 2 -- message -- 
2024-11-22 12:29:55,993 - 2 - INFO - 2 -- message -- 
2024-11-22 12:29:55,995 - 2 - INFO - 2 -- message -- 
2024-11-22 12:29:55,997 - 2 - INFO - 2 -- message -- 
2024-11-22 12:29:56,000 - 2 - INFO - 2 -- message -- 
2024-11-22 12:29:56,002 - 2 - INFO - 2 -- message -- 
2024-11-22 12:29:56,005 - 2 - INFO - 2 -- message -- 
2024-11-22 12:29:56,008 - 2 - INFO - 2 -- message -- 
2024-11-22 12:29:56,010 - 2 - INFO - 2 -- message -- 
2024-11-22 12:29:56,013 - 2 - INFO - 2 -- message -- 
2024-11-22 12:29:56,015 - 2 - INFO - 2 -- message -- 
2024-11-22 12:29:56,018 - 2 - INFO - 2 -- message -- 
2024-11-22 12:29:56,021 - 2 - INFO - 2 -- message -- 
2024-11-22 12:29:56,024 - 2 - INFO - 2 -- message -- 
2024-11-22 12:29:56,026 - 2 - INFO - 2 -- message -- 
2024-11-22 12:29:56,029 - 2 - INFO - 2 -- message -- 
2024-11-22 12:29:56,031 - 2 - INFO - 2 -- message -- 
2024-11-22 12:29:56,033 - 2 - INFO - 2 -- message -- 
2024-11-22 12:29:56,036 - 2 - INFO - 2 -- message -- 
2024-11-22 12:29:56,039 - 2 - INFO - 2 -- message -- 
2024-11-22 12:29:56,042 - 2 - INFO - 2 -- message -- 
2024-11-22 12:29:56,044 - 2 - INFO - 2 -- message -- 
2024-11-22 12:29:56,047 - 2 - INFO - 2 -- message -- 
2024-11-22 12:29:56,049 - 2 - INFO - 2 -- message -- 
2024-11-22 12:29:56,052 - 2 - INFO - 2 -- message -- 
2024-11-22 12:29:56,055 - 2 - INFO - 2 -- message -- 
2024-11-22 12:29:56,058 - 2 - INFO - 2 -- message -- 
2024-11-22 12:29:56,061 - 2 - INFO - 2 -- message -- 
2024-11-22 12:29:56,063 - 2 - INFO - 2 -- message -- 
2024-11-22 12:29:56,066 - 2 - INFO - 2 -- message -- 
2024-11-22 12:29:56,068 - 2 - INFO - 2 -- message -- 
2024-11-22 12:29:56,072 - 2 - INFO - 2 -- message -- 
2024-11-22 12:29:56,074 - 2 - INFO - 2 -- message -- 
2024-11-22 12:29:56,077 - 2 - INFO - 2 -- message -- 
2024-11-22 12:29:56,079 - 2 - INFO - 2 -- message -- 
2024-11-22 12:29:56,082 - 2 - INFO - 2 -- message -- 
2024-11-22 12:29:56,085 - 2 - INFO - 2 -- message -- 
2024-11-22 12:29:56,087 - 2 - INFO - 2 -- message -- 
2024-11-22 12:29:56,090 - 2 - INFO - 2 -- message -- 
2024-11-22 12:29:56,093 - 2 - INFO - 2 -- message -- 
2024-11-22 12:29:56,096 - 2 - INFO - 2 -- message -- 
2024-11-22 12:29:56,099 - 2 - INFO - 2 -- message -- 
2024-11-22 12:29:56,102 - 2 - INFO - 2 -- message -- 
2024-11-22 12:29:56,104 - 2 - INFO - 2 -- message -- 
2024-11-22 12:29:56,107 - 2 - INFO - 2 -- message -- 
2024-11-22 12:29:56,109 - 2 - INFO - 2 -- message -- 
2024-11-22 12:29:56,112 - 2 - INFO - 2 -- message -- 
2024-11-22 12:29:56,114 - 2 - INFO - 2 -- message -- 
2024-11-22 12:29:56,117 - 2 - INFO - 2 -- message -- 
2024-11-22 12:29:56,119 - 2 - INFO - 2 -- message -- 
2024-11-22 12:29:56,122 - 2 - INFO - 2 -- message -- 
2024-11-22 12:29:56,125 - 2 - INFO - 2 -- message -- 
2024-11-22 12:29:56,127 - 2 - INFO - 2 -- message -- 
2024-11-22 12:29:56,129 - 2 - INFO - 2 -- message -- 
2024-11-22 12:29:56,132 - 2 - INFO - 2 -- message -- 
2024-11-22 12:29:56,134 - 2 - INFO - 2 -- message -- 
2024-11-22 12:29:56,137 - 2 - INFO - 2 -- message -- 
2024-11-22 12:29:56,139 - 2 - INFO - 2 -- message -- 
2024-11-22 12:29:56,142 - 2 - INFO - 2 -- message -- 
2024-11-22 12:29:56,144 - 2 - INFO - 2 -- message -- 
2024-11-22 12:29:56,147 - 2 - INFO - 2 -- message -- 
2024-11-22 12:29:56,150 - 2 - INFO - 2 -- message -- 
2024-11-22 12:29:56,152 - 2 - INFO - 2 -- message -- 
2024-11-22 12:29:56,155 - 2 - INFO - 2 -- message -- 
2024-11-22 12:29:56,158 - 2 - INFO - 2 -- message -- 
2024-11-22 12:29:56,161 - 2 - INFO - 2 -- message -- 
2024-11-22 12:29:56,164 - 2 - INFO - 2 -- message -- 
2024-11-22 12:29:56,166 - 2 - INFO - 2 -- message -- 
2024-11-22 12:29:56,168 - 2 - INFO - 2 -- message -- 
2024-11-22 12:29:56,171 - 2 - INFO - 2 -- message -- 
2024-11-22 12:29:56,174 - 2 - INFO - 2 -- message -- 
2024-11-22 12:29:56,176 - 2 - INFO - 2 -- message -- 
2024-11-22 12:29:56,180 - 2 - INFO - 2 -- message -- 
2024-11-22 12:29:56,182 - 2 - INFO - 2 -- message -- 
2024-11-22 12:29:56,185 - 2 - INFO - 2 -- message -- 
2024-11-22 12:29:56,187 - 2 - INFO - 2 -- message -- 
2024-11-22 12:29:56,190 - 2 - INFO - 2 -- message -- 
2024-11-22 12:29:56,194 - 2 - INFO - 2 -- message -- 
2024-11-22 12:29:56,198 - 2 - INFO - 2 -- message -- 
2024-11-22 12:29:56,201 - 2 - INFO - 2 -- message -- 
2024-11-22 12:29:56,203 - 2 - INFO - 2 -- message -- 
2024-11-22 12:29:56,206 - 2 - INFO - 2 -- message -- 
2024-11-22 12:29:56,209 - 2 - INFO - 2 -- message -- 
2024-11-22 12:29:56,212 - 2 - INFO - 2 -- message -- 
2024-11-22 12:29:56,214 - 2 - INFO - 2 -- message -- 
2024-11-22 12:29:56,216 - 2 - INFO - 2 -- message -- 
2024-11-22 12:29:56,219 - 2 - INFO - 2 -- message -- 
2024-11-22 12:29:56,221 - 2 - INFO - 2 -- message -- 
2024-11-22 12:29:56,224 - 2 - INFO - 2 -- message -- 
2024-11-22 12:29:56,227 - 2 - INFO - 2 -- message -- 
2024-11-22 12:29:56,230 - 2 - INFO - 2 -- message -- 
2024-11-22 12:29:56,232 - 2 - INFO - 2 -- message -- 
2024-11-22 12:29:56,234 - 2 - INFO - 2 -- message -- 
2024-11-22 12:29:56,237 - 2 - INFO - 2 -- message -- 
2024-11-22 12:29:56,239 - 2 - INFO - 2 -- message -- 
2024-11-22 12:29:56,242 - 2 - INFO - 2 -- message -- 
2024-11-22 12:29:56,245 - 2 - INFO - 2 -- message -- 
2024-11-22 12:29:56,248 - 2 - INFO - 2 -- message -- 
2024-11-22 12:29:56,251 - 2 - INFO - 2 -- message -- 
2024-11-22 12:29:56,254 - 2 - INFO - 2 -- message -- 
2024-11-22 12:29:56,256 - 2 - INFO - 2 -- message -- 
2024-11-22 12:29:56,260 - 2 - INFO - 2 -- message -- 
2024-11-22 12:29:56,262 - 2 - INFO - 2 -- message -- 
2024-11-22 12:29:56,265 - 2 - INFO - 2 -- message -- 
2024-11-22 12:29:56,267 - 2 - INFO - 2 -- message -- 
2024-11-22 12:29:56,270 - 2 - INFO - 2 -- message -- 
2024-11-22 12:29:56,273 - 2 - INFO - 2 -- message -- 
2024-11-22 12:29:56,276 - 2 - INFO - 2 -- message -- 
2024-11-22 12:29:56,279 - 2 - INFO - 2 -- message -- 
2024-11-22 12:29:56,281 - 2 - INFO - 2 -- message -- 
2024-11-22 12:29:56,283 - 2 - INFO - 2 -- message -- 
2024-11-22 12:29:56,286 - 2 - INFO - 2 -- message -- 
2024-11-22 12:29:56,289 - 2 - INFO - 2 -- message -- 
2024-11-22 12:29:56,292 - 2 - INFO - 2 -- message -- 
2024-11-22 12:29:56,295 - 2 - INFO - 2 -- message -- 
2024-11-22 12:29:56,297 - 2 - INFO - 2 -- message -- 
2024-11-22 12:29:56,300 - 2 - INFO - 2 -- message -- 
2024-11-22 12:29:56,302 - 2 - INFO - 2 -- message -- 
2024-11-22 12:29:56,305 - 2 - INFO - 2 -- message -- 
2024-11-22 12:29:56,308 - 2 - INFO - 2 -- message -- 
2024-11-22 12:29:56,310 - 2 - INFO - 2 -- message -- 
2024-11-22 12:29:56,313 - 2 - INFO - 2 -- message -- 
2024-11-22 12:29:56,315 - 2 - INFO - 2 -- message -- 
2024-11-22 12:29:56,317 - 2 - INFO - 2 -- message -- 
2024-11-22 12:29:56,320 - 2 - INFO - 2 -- message -- 
2024-11-22 12:29:56,323 - 2 - INFO - 2 -- message -- 
2024-11-22 12:29:56,325 - 2 - INFO - 2 -- message -- 
2024-11-22 12:29:56,328 - 2 - INFO - 2 -- message -- 
2024-11-22 12:29:56,331 - 2 - INFO - 2 -- message -- 
2024-11-22 12:29:56,333 - 2 - INFO - 2 -- message -- 
2024-11-22 12:29:56,335 - 2 - INFO - 2 -- message -- 
2024-11-22 12:29:56,338 - 2 - INFO - 2 -- message -- 
2024-11-22 12:29:56,341 - 2 - INFO - 2 -- message -- 
2024-11-22 12:29:56,344 - 2 - INFO - 2 -- message -- 
2024-11-22 12:29:56,346 - 2 - INFO - 2 -- message -- 
2024-11-22 12:29:56,349 - 2 - INFO - 2 -- message -- 
2024-11-22 12:29:56,351 - 2 - INFO - 2 -- message -- 
2024-11-22 12:29:56,354 - 2 - INFO - 2 -- message -- 
2024-11-22 12:29:56,357 - 2 - INFO - 2 -- message -- 
2024-11-22 12:29:56,360 - 2 - INFO - 2 -- message -- 
2024-11-22 12:29:56,362 - 2 - INFO - 2 -- message -- 
2024-11-22 12:29:56,364 - 2 - INFO - 2 -- message -- 
2024-11-22 12:29:56,366 - 2 - INFO - 2 -- message -- 
2024-11-22 12:29:56,369 - 2 - INFO - 2 -- message -- 
2024-11-22 12:29:56,372 - 2 - INFO - 2 -- message -- 
2024-11-22 12:29:56,375 - 2 - INFO - 2 -- message -- 
2024-11-22 12:29:56,378 - 2 - INFO - 2 -- message -- 
2024-11-22 12:29:56,380 - 2 - INFO - 2 -- message -- 
2024-11-22 12:29:56,382 - 2 - INFO - 2 -- message -- 
2024-11-22 12:29:56,385 - 2 - INFO - 2 -- message -- 
2024-11-22 12:29:56,388 - 2 - INFO - 2 -- message -- 
2024-11-22 12:29:56,391 - 2 - INFO - 2 -- message -- 
2024-11-22 12:29:56,394 - 2 - INFO - 2 -- message -- 
2024-11-22 12:29:56,397 - 2 - INFO - 2 -- message -- 
2024-11-22 12:29:56,400 - 2 - INFO - 2 -- message -- 
2024-11-22 12:29:56,402 - 2 - INFO - 2 -- message -- 
2024-11-22 12:29:56,405 - 2 - INFO - 2 -- message -- 
2024-11-22 12:29:56,408 - 2 - INFO - 2 -- message -- 
2024-11-22 12:29:56,410 - 2 - INFO - 2 -- message -- 
2024-11-22 12:29:56,413 - 2 - INFO - 2 -- message -- 
2024-11-22 12:29:56,415 - 2 - INFO - 2 -- message -- 
2024-11-22 12:29:56,419 - 2 - INFO - 2 -- message -- 
2024-11-22 12:29:56,421 - 2 - INFO - 2 -- message -- 
2024-11-22 12:29:56,424 - 2 - INFO - 2 -- message -- 
2024-11-22 12:29:56,426 - 2 - INFO - 2 -- message -- 
2024-11-22 12:29:56,428 - 2 - INFO - 2 -- message -- 
2024-11-22 12:29:56,431 - 2 - INFO - 2 -- message -- 
2024-11-22 12:29:56,434 - 2 - INFO - 2 -- message -- 
2024-11-22 12:29:56,436 - 2 - INFO - 2 -- message -- 
2024-11-22 12:29:56,439 - 2 - INFO - 2 -- message -- 
2024-11-22 12:29:56,441 - 2 - INFO - 2 -- message -- 
2024-11-22 12:29:56,444 - 2 - INFO - 2 -- message -- 
2024-11-22 12:29:56,447 - 2 - INFO - 2 -- message -- 
2024-11-22 12:29:56,449 - 2 - INFO - 2 -- message -- 
2024-11-22 12:29:56,452 - 2 - INFO - 2 -- message -- 
2024-11-22 12:29:56,454 - 2 - INFO - 2 -- message -- 
2024-11-22 12:29:56,457 - 2 - INFO - 2 -- message -- 
2024-11-22 12:29:56,459 - 2 - INFO - 2 -- message -- 
2024-11-22 12:29:56,462 - 2 - INFO - 2 -- message -- 
2024-11-22 12:29:56,465 - 2 - INFO - 2 -- message -- 
2024-11-22 12:29:56,468 - 2 - INFO - 2 -- message -- 
2024-11-22 12:29:56,470 - 2 - INFO - 2 -- message -- 
2024-11-22 12:29:56,473 - 2 - INFO - 2 -- message -- 
2024-11-22 12:29:56,476 - 2 - INFO - 2 -- message -- 
2024-11-22 12:29:56,479 - 2 - INFO - 2 -- message -- 
2024-11-22 12:29:56,482 - 2 - INFO - 2 -- message -- 
2024-11-22 12:29:56,484 - 2 - INFO - 2 -- message -- 
2024-11-22 12:29:56,487 - 2 - INFO - 2 -- message -- 
2024-11-22 12:29:56,491 - 2 - INFO - 2 -- message -- 
2024-11-22 12:29:56,493 - 2 - INFO - 2 -- message -- 
2024-11-22 12:29:56,496 - 2 - INFO - 2 -- message -- 
2024-11-22 12:29:56,499 - 2 - INFO - 2 -- message -- 
2024-11-22 12:29:56,501 - 2 - INFO - 2 -- message -- 
2024-11-22 12:29:56,503 - 2 - INFO - 2 -- message -- 
2024-11-22 12:29:56,506 - 2 - INFO - 2 -- message -- 
2024-11-22 12:29:56,509 - 2 - INFO - 2 -- message -- 
2024-11-22 12:29:56,511 - 2 - INFO - 2 -- message -- 
2024-11-22 12:29:56,514 - 2 - INFO - 2 -- message -- 
2024-11-22 12:29:56,516 - 2 - INFO - 2 -- message -- 
2024-11-22 12:29:56,519 - 2 - INFO - 2 -- message -- 
2024-11-22 12:29:56,521 - 2 - INFO - 2 -- message -- 
2024-11-22 12:29:56,524 - 2 - INFO - 2 -- message -- 
2024-11-22 12:29:56,526 - 2 - INFO - 2 -- message -- 
2024-11-22 12:29:56,529 - 2 - INFO - 2 -- message -- 
2024-11-22 12:29:56,532 - 2 - INFO - 2 -- message -- 
2024-11-22 12:29:56,534 - 2 - INFO - 2 -- message -- 
2024-11-22 12:29:56,536 - 2 - INFO - 2 -- message -- 
2024-11-22 12:29:56,539 - 2 - INFO - 2 -- message -- 
2024-11-22 12:29:56,542 - 2 - INFO - 2 -- message -- 
2024-11-22 12:29:56,545 - 2 - INFO - 2 -- message -- 
2024-11-22 12:29:56,548 - 2 - INFO - 2 -- message -- 
2024-11-22 12:29:56,550 - 2 - INFO - 2 -- message -- 
2024-11-22 12:29:56,553 - 2 - INFO - 2 -- message -- 
2024-11-22 12:29:56,555 - 2 - INFO - 2 -- message -- 
2024-11-22 12:29:56,558 - 2 - INFO - 2 -- message -- 
2024-11-22 12:29:56,561 - 2 - INFO - 2 -- message -- 
2024-11-22 12:29:56,563 - 2 - INFO - 2 -- message -- 
2024-11-22 12:29:56,566 - 2 - INFO - 2 -- message -- 
2024-11-22 12:29:56,568 - 2 - INFO - 2 -- message -- 
2024-11-22 12:29:56,570 - 2 - INFO - 2 -- message -- 
2024-11-22 12:29:56,573 - 2 - INFO - 2 -- message -- 
2024-11-22 12:29:56,576 - 2 - INFO - 2 -- message -- 
2024-11-22 12:29:56,579 - 2 - INFO - 2 -- message -- 
2024-11-22 12:29:56,582 - 2 - INFO - 2 -- message -- 
2024-11-22 12:29:56,584 - 2 - INFO - 2 -- message -- 
2024-11-22 12:29:56,586 - 2 - INFO - 2 -- message -- 
2024-11-22 12:29:56,589 - 2 - INFO - 2 -- message -- 
2024-11-22 12:29:56,592 - 2 - INFO - 2 -- message -- 
2024-11-22 12:29:56,595 - 2 - INFO - 2 -- message -- 
2024-11-22 12:29:56,598 - 2 - INFO - 2 -- message -- 
2024-11-22 12:29:56,600 - 2 - INFO - 2 -- message -- 
2024-11-22 12:29:56,602 - 2 - INFO - 2 -- message -- 
2024-11-22 12:29:56,605 - 2 - INFO - 2 -- message -- 
2024-11-22 12:29:56,608 - 2 - INFO - 2 -- message -- 
2024-11-22 12:29:56,611 - 2 - INFO - 2 -- message -- 
2024-11-22 12:29:56,613 - 2 - INFO - 2 -- message -- 
2024-11-22 12:29:56,616 - 2 - INFO - 2 -- message -- 
2024-11-22 12:29:56,618 - 2 - INFO - 2 -- message -- 
2024-11-22 12:29:56,620 - 2 - INFO - 2 -- message -- 
2024-11-22 12:29:56,623 - 2 - INFO - 2 -- message -- 
2024-11-22 12:29:56,626 - 2 - INFO - 2 -- message -- 
2024-11-22 12:29:56,629 - 2 - INFO - 2 -- message -- 
2024-11-22 12:29:56,631 - 2 - INFO - 2 -- message -- 
2024-11-22 12:29:56,633 - 2 - INFO - 2 -- message -- 
2024-11-22 12:29:56,635 - 2 - INFO - 2 -- message -- 
2024-11-22 12:29:56,638 - 2 - INFO - 2 -- message -- 
2024-11-22 12:29:56,641 - 2 - INFO - 2 -- message -- 
2024-11-22 12:29:56,644 - 2 - INFO - 2 -- message -- 
2024-11-22 12:29:56,646 - 2 - INFO - 2 -- message -- 
2024-11-22 12:29:56,649 - 2 - INFO - 2 -- message -- 
2024-11-22 12:29:56,651 - 2 - INFO - 2 -- message -- 
2024-11-22 12:29:56,654 - 2 - INFO - 2 -- message -- 
2024-11-22 12:29:56,657 - 2 - INFO - 2 -- message -- 
2024-11-22 12:29:56,659 - 2 - INFO - 2 -- message -- 
2024-11-22 12:29:56,663 - 2 - INFO - 2 -- message -- 
2024-11-22 12:29:56,665 - 2 - INFO - 2 -- message -- 
2024-11-22 12:29:56,667 - 2 - INFO - 2 -- message -- 
2024-11-22 12:29:56,670 - 2 - INFO - 2 -- message -- 
2024-11-22 12:29:56,673 - 2 - INFO - 2 -- message -- 
2024-11-22 12:29:56,676 - 2 - INFO - 2 -- message -- 
2024-11-22 12:29:56,678 - 2 - INFO - 2 -- message -- 
2024-11-22 12:29:56,681 - 2 - INFO - 2 -- message -- 
2024-11-22 12:29:56,683 - 2 - INFO - 2 -- message -- 
2024-11-22 12:29:56,686 - 2 - INFO - 2 -- message -- 
2024-11-22 12:29:56,689 - 2 - INFO - 2 -- message -- 
2024-11-22 12:29:56,692 - 2 - INFO - 2 -- message -- 
2024-11-22 12:29:56,695 - 2 - INFO - 2 -- message -- 
2024-11-22 12:29:56,698 - 2 - INFO - 2 -- message -- 
2024-11-22 12:29:56,700 - 2 - INFO - 2 -- message -- 
2024-11-22 12:29:56,703 - 2 - INFO - 2 -- message -- 
2024-11-22 12:29:56,706 - 2 - INFO - 2 -- message -- 
2024-11-22 12:29:56,709 - 2 - INFO - 2 -- message -- 
2024-11-22 12:29:56,712 - 2 - INFO - 2 -- message -- 
2024-11-22 12:29:56,714 - 2 - INFO - 2 -- message -- 
2024-11-22 12:29:56,717 - 2 - INFO - 2 -- message -- 
2024-11-22 12:29:56,720 - 2 - INFO - 2 -- message -- 
2024-11-22 12:29:56,722 - 2 - INFO - 2 -- message -- 
2024-11-22 12:29:56,725 - 2 - INFO - 2 -- message -- 
2024-11-22 12:29:56,727 - 2 - INFO - 2 -- message -- 
2024-11-22 12:29:56,729 - 2 - INFO - 2 -- message -- 
2024-11-22 12:29:56,732 - 2 - INFO - 2 -- message -- 
2024-11-22 12:29:56,734 - 2 - INFO - 2 -- message -- 
2024-11-22 12:29:56,737 - 2 - INFO - 2 -- message -- 
2024-11-22 12:29:56,740 - 2 - INFO - 2 -- message -- 
2024-11-22 12:29:56,742 - 2 - INFO - 2 -- message -- 
2024-11-22 12:29:56,746 - 2 - INFO - 2 -- message -- 
2024-11-22 12:29:56,748 - 2 - INFO - 2 -- message -- 
2024-11-22 12:29:56,751 - 2 - INFO - 2 -- message -- 
2024-11-22 12:29:56,753 - 2 - INFO - 2 -- message -- 
2024-11-22 12:29:56,755 - 2 - INFO - 2 -- message -- 
2024-11-22 12:29:56,758 - 2 - INFO - 2 -- message -- 
2024-11-22 12:29:56,760 - 2 - INFO - 2 -- message -- 
2024-11-22 12:29:56,763 - 2 - INFO - 2 -- message -- 
2024-11-22 12:29:56,766 - 2 - INFO - 2 -- message -- 
2024-11-22 12:29:56,769 - 2 - INFO - 2 -- message -- 
2024-11-22 12:29:56,771 - 2 - INFO - 2 -- message -- 
2024-11-22 12:29:56,774 - 2 - INFO - 2 -- message -- 
2024-11-22 12:29:56,777 - 2 - INFO - 2 -- message -- 
2024-11-22 12:29:56,779 - 2 - INFO - 2 -- message -- 
2024-11-22 12:29:56,782 - 2 - INFO - 2 -- message -- 
2024-11-22 12:29:56,784 - 2 - INFO - 2 -- message -- 
2024-11-22 12:29:56,787 - 2 - INFO - 2 -- message -- 
2024-11-22 12:29:56,789 - 2 - INFO - 2 -- message -- 
2024-11-22 12:29:56,792 - 2 - INFO - 2 -- message -- 
2024-11-22 12:29:56,795 - 2 - INFO - 2 -- message -- 
2024-11-22 12:29:56,798 - 2 - INFO - 2 -- message -- 
2024-11-22 12:29:56,800 - 2 - INFO - 2 -- message -- 
2024-11-22 12:29:56,802 - 2 - INFO - 2 -- message -- 
2024-11-22 12:29:56,805 - 2 - INFO - 2 -- message -- 
2024-11-22 12:29:56,808 - 2 - INFO - 2 -- message -- 
2024-11-22 12:29:56,810 - 2 - INFO - 2 -- message -- 
2024-11-22 12:29:56,813 - 2 - INFO - 2 -- message -- 
2024-11-22 12:29:56,816 - 2 - INFO - 2 -- message -- 
2024-11-22 12:29:56,818 - 2 - INFO - 2 -- message -- 
2024-11-22 12:29:56,821 - 2 - INFO - 2 -- message -- 
2024-11-22 12:29:56,823 - 2 - INFO - 2 -- message -- 
2024-11-22 12:29:56,826 - 2 - INFO - 2 -- message -- 
2024-11-22 12:29:56,829 - 2 - INFO - 2 -- message -- 
2024-11-22 12:29:56,831 - 2 - INFO - 2 -- message -- 
2024-11-22 12:29:56,834 - 2 - INFO - 2 -- message -- 
2024-11-22 12:29:56,836 - 2 - INFO - 2 -- message -- 
2024-11-22 12:29:56,839 - 2 - INFO - 2 -- message -- 
2024-11-22 12:29:56,842 - 2 - INFO - 2 -- message -- 
2024-11-22 12:29:56,845 - 2 - INFO - 2 -- message -- 
2024-11-22 12:29:56,848 - 2 - INFO - 2 -- message -- 
2024-11-22 12:29:56,850 - 2 - INFO - 2 -- message -- 
2024-11-22 12:29:56,852 - 2 - INFO - 2 -- message -- 
2024-11-22 12:29:56,855 - 2 - INFO - 2 -- message -- 
2024-11-22 12:29:56,857 - 2 - INFO - 2 -- message -- 
2024-11-22 12:29:56,861 - 2 - INFO - 2 -- message -- 
2024-11-22 12:29:56,863 - 2 - INFO - 2 -- message -- 
2024-11-22 12:29:56,866 - 2 - INFO - 2 -- message -- 
2024-11-22 12:29:56,868 - 2 - INFO - 2 -- message -- 
2024-11-22 12:29:56,870 - 2 - INFO - 2 -- message -- 
2024-11-22 12:29:56,873 - 2 - INFO - 2 -- message -- 
2024-11-22 12:29:56,876 - 2 - INFO - 2 -- message -- 
2024-11-22 12:29:56,878 - 2 - INFO - 2 -- message -- 
2024-11-22 12:29:56,881 - 2 - INFO - 2 -- message -- 
2024-11-22 12:29:56,883 - 2 - INFO - 2 -- message -- 
2024-11-22 12:29:56,885 - 2 - INFO - 2 -- message -- 
2024-11-22 12:29:56,888 - 2 - INFO - 2 -- message -- 
2024-11-22 12:29:56,891 - 2 - INFO - 2 -- message -- 
2024-11-22 12:29:56,894 - 2 - INFO - 2 -- message -- 
2024-11-22 12:29:56,896 - 2 - INFO - 2 -- message -- 
2024-11-22 12:29:56,898 - 2 - INFO - 2 -- message -- 
2024-11-22 12:29:56,901 - 2 - INFO - 2 -- message -- 
2024-11-22 12:29:56,903 - 2 - INFO - 2 -- message -- 
2024-11-22 12:29:56,906 - 2 - INFO - 2 -- message -- 
2024-11-22 12:29:56,909 - 2 - INFO - 2 -- message -- 
2024-11-22 12:29:56,912 - 2 - INFO - 2 -- message -- 
2024-11-22 12:29:56,915 - 2 - INFO - 2 -- message -- 
2024-11-22 12:29:56,917 - 2 - INFO - 2 -- message -- 
2024-11-22 12:29:56,920 - 2 - INFO - 2 -- message -- 
2024-11-22 12:29:56,923 - 2 - INFO - 2 -- message -- 
2024-11-22 12:29:56,926 - 2 - INFO - 2 -- message -- 
2024-11-22 12:29:56,928 - 2 - INFO - 2 -- message -- 
2024-11-22 12:29:56,931 - 2 - INFO - 2 -- message -- 
2024-11-22 12:29:56,933 - 2 - INFO - 2 -- message -- 
2024-11-22 12:29:56,935 - 2 - INFO - 2 -- message -- 
2024-11-22 12:29:56,938 - 2 - INFO - 2 -- message -- 
2024-11-22 12:29:56,941 - 2 - INFO - 2 -- message -- 
2024-11-22 12:29:56,943 - 2 - INFO - 2 -- message -- 
2024-11-22 12:29:56,946 - 2 - INFO - 2 -- message -- 
2024-11-22 12:29:56,948 - 2 - INFO - 2 -- message -- 
2024-11-22 12:29:56,951 - 2 - INFO - 2 -- message -- 
2024-11-22 12:29:56,954 - 2 - INFO - 2 -- message -- 
2024-11-22 12:29:56,957 - 2 - INFO - 2 -- message -- 
2024-11-22 12:29:56,960 - 2 - INFO - 2 -- message -- 
2024-11-22 12:29:56,963 - 2 - INFO - 2 -- message -- 
2024-11-22 12:29:56,965 - 2 - INFO - 2 -- message -- 
2024-11-22 12:29:56,967 - 2 - INFO - 2 -- message -- 
2024-11-22 12:29:56,970 - 2 - INFO - 2 -- message -- 
2024-11-22 12:29:56,973 - 2 - INFO - 2 -- message -- 
2024-11-22 12:29:56,976 - 2 - INFO - 2 -- message -- 
2024-11-22 12:29:56,979 - 2 - INFO - 2 -- message -- 
2024-11-22 12:29:56,981 - 2 - INFO - 2 -- message -- 
2024-11-22 12:29:56,984 - 2 - INFO - 2 -- message -- 
2024-11-22 12:29:56,986 - 2 - INFO - 2 -- message -- 
2024-11-22 12:29:56,989 - 2 - INFO - 2 -- message -- 
2024-11-22 12:29:56,992 - 2 - INFO - 2 -- message -- 
2024-11-22 12:29:56,995 - 2 - INFO - 2 -- message -- 
2024-11-22 12:29:56,998 - 2 - INFO - 2 -- message -- 
2024-11-22 12:29:57,000 - 2 - INFO - 2 -- message -- 
2024-11-22 12:29:57,003 - 2 - INFO - 2 -- message -- 
2024-11-22 12:29:57,006 - 2 - INFO - 2 -- message -- 
2024-11-22 12:29:57,010 - 2 - INFO - 2 -- message -- 
2024-11-22 12:29:57,012 - 2 - INFO - 2 -- message -- 
2024-11-22 12:29:57,015 - 2 - INFO - 2 -- message -- 
2024-11-22 12:29:57,017 - 2 - INFO - 2 -- message -- 
2024-11-22 12:29:57,020 - 2 - INFO - 2 -- message -- 
2024-11-22 12:29:57,023 - 2 - INFO - 2 -- message -- 
2024-11-22 12:29:57,025 - 2 - INFO - 2 -- message -- 
2024-11-22 12:29:57,028 - 2 - INFO - 2 -- message -- 
2024-11-22 12:29:57,030 - 2 - INFO - 2 -- message -- 
2024-11-22 12:29:57,033 - 2 - INFO - 2 -- message -- 
2024-11-22 12:29:57,035 - 2 - INFO - 2 -- message -- 
2024-11-22 12:29:57,038 - 2 - INFO - 2 -- message -- 
2024-11-22 12:29:57,041 - 2 - INFO - 2 -- message -- 
2024-11-22 12:29:57,043 - 2 - INFO - 2 -- message -- 
2024-11-22 12:29:57,046 - 2 - INFO - 2 -- message -- 
2024-11-22 12:29:57,048 - 2 - INFO - 2 -- message -- 
2024-11-22 12:29:57,051 - 2 - INFO - 2 -- message -- 
2024-11-22 12:29:57,054 - 2 - INFO - 2 -- message -- 
2024-11-22 12:29:57,057 - 2 - INFO - 2 -- message -- 
2024-11-22 12:29:57,059 - 2 - INFO - 2 -- message -- 
2024-11-22 12:29:57,062 - 2 - INFO - 2 -- message -- 
2024-11-22 12:29:57,064 - 2 - INFO - 2 -- message -- 
2024-11-22 12:29:57,067 - 2 - INFO - 2 -- message -- 
2024-11-22 12:29:57,070 - 2 - INFO - 2 -- message -- 
2024-11-22 12:29:57,073 - 2 - INFO - 2 -- message -- 
2024-11-22 12:29:57,075 - 2 - INFO - 2 -- message -- 
2024-11-22 12:29:57,078 - 2 - INFO - 2 -- message -- 
2024-11-22 12:29:57,080 - 2 - INFO - 2 -- message -- 
2024-11-22 12:29:57,083 - 2 - INFO - 2 -- message -- 
2024-11-22 12:29:57,085 - 2 - INFO - 2 -- message -- 
2024-11-22 12:29:57,088 - 2 - INFO - 2 -- message -- 
2024-11-22 12:29:57,091 - 2 - INFO - 2 -- message -- 
2024-11-22 12:29:57,094 - 2 - INFO - 2 -- message -- 
2024-11-22 12:29:57,097 - 2 - INFO - 2 -- message -- 
2024-11-22 12:29:57,100 - 2 - INFO - 2 -- message -- 
2024-11-22 12:29:57,102 - 2 - INFO - 2 -- message -- 
2024-11-22 12:29:57,105 - 2 - INFO - 2 -- message -- 
2024-11-22 12:29:57,108 - 2 - INFO - 2 -- message -- 
2024-11-22 12:29:57,110 - 2 - INFO - 2 -- message -- 
2024-11-22 12:29:57,114 - 2 - INFO - 2 -- message -- 
2024-11-22 12:29:57,116 - 2 - INFO - 2 -- message -- 
2024-11-22 12:29:57,118 - 2 - INFO - 2 -- message -- 
2024-11-22 12:29:57,121 - 2 - INFO - 2 -- message -- 
2024-11-22 12:29:57,124 - 2 - INFO - 2 -- message -- 
2024-11-22 12:29:57,126 - 2 - INFO - 2 -- message -- 
2024-11-22 12:29:57,129 - 2 - INFO - 2 -- message -- 
2024-11-22 12:29:57,132 - 2 - INFO - 2 -- message -- 
2024-11-22 12:29:57,134 - 2 - INFO - 2 -- message -- 
2024-11-22 12:29:57,137 - 2 - INFO - 2 -- message -- 
2024-11-22 12:29:57,139 - 2 - INFO - 2 -- message -- 
2024-11-22 12:29:57,142 - 2 - INFO - 2 -- message -- 
2024-11-22 12:29:57,146 - 2 - INFO - 2 -- message -- 
2024-11-22 12:29:57,149 - 2 - INFO - 2 -- message -- 
2024-11-22 12:29:57,152 - 2 - INFO - 2 -- message -- 
2024-11-22 12:29:57,155 - 2 - INFO - 2 -- message -- 
2024-11-22 12:29:57,158 - 2 - INFO - 2 -- message -- 
2024-11-22 12:29:57,161 - 2 - INFO - 2 -- message -- 
2024-11-22 12:29:57,164 - 2 - INFO - 2 -- message -- 
2024-11-22 12:29:57,167 - 2 - INFO - 2 -- message -- 
2024-11-22 12:29:57,169 - 2 - INFO - 2 -- message -- 
2024-11-22 12:29:57,172 - 2 - INFO - 2 -- message -- 
2024-11-22 12:29:57,175 - 2 - INFO - 2 -- message -- 
2024-11-22 12:29:57,178 - 2 - INFO - 2 -- message -- 
2024-11-22 12:29:57,180 - 2 - INFO - 2 -- message -- 
2024-11-22 12:29:57,183 - 2 - INFO - 2 -- message -- 
2024-11-22 12:29:57,185 - 2 - INFO - 2 -- message -- 
2024-11-22 12:29:57,189 - 2 - INFO - 2 -- message -- 
2024-11-22 12:29:57,191 - 2 - INFO - 2 -- message -- 
2024-11-22 12:29:57,194 - 2 - INFO - 2 -- message -- 
2024-11-22 12:29:57,197 - 2 - INFO - 2 -- message -- 
2024-11-22 12:29:57,200 - 2 - INFO - 2 -- message -- 
2024-11-22 12:29:57,203 - 2 - INFO - 2 -- message -- 
2024-11-22 12:29:57,205 - 2 - INFO - 2 -- message -- 
2024-11-22 12:29:57,209 - 2 - INFO - 2 -- message -- 
2024-11-22 12:29:57,211 - 2 - INFO - 2 -- message -- 
2024-11-22 12:29:57,214 - 2 - INFO - 2 -- message -- 
2024-11-22 12:29:57,217 - 2 - INFO - 2 -- message -- 
2024-11-22 12:29:57,219 - 2 - INFO - 2 -- message -- 
2024-11-22 12:29:57,221 - 2 - INFO - 2 -- message -- 
2024-11-22 12:29:57,224 - 2 - INFO - 2 -- message -- 
2024-11-22 12:29:57,227 - 2 - INFO - 2 -- message -- 
2024-11-22 12:29:57,230 - 2 - INFO - 2 -- message -- 
2024-11-22 12:29:57,233 - 2 - INFO - 2 -- message -- 
2024-11-22 12:29:57,235 - 2 - INFO - 2 -- message -- 
2024-11-22 12:29:57,239 - 2 - INFO - 2 -- message -- 
2024-11-22 12:29:57,242 - 2 - INFO - 2 -- message -- 
2024-11-22 12:29:57,245 - 2 - INFO - 2 -- message -- 
2024-11-22 12:29:57,247 - 2 - INFO - 2 -- message -- 
2024-11-22 12:29:57,250 - 2 - INFO - 2 -- message -- 
2024-11-22 12:29:57,253 - 2 - INFO - 2 -- message -- 
2024-11-22 12:29:57,255 - 2 - INFO - 2 -- message -- 
2024-11-22 12:29:57,258 - 2 - INFO - 2 -- message -- 
2024-11-22 12:29:57,260 - 2 - INFO - 2 -- message -- 
2024-11-22 12:29:57,263 - 2 - INFO - 2 -- message -- 
2024-11-22 12:29:57,265 - 2 - INFO - 2 -- message -- 
2024-11-22 12:29:57,268 - 2 - INFO - 2 -- message -- 
2024-11-22 12:29:57,271 - 2 - INFO - 2 -- message -- 
2024-11-22 12:29:57,274 - 2 - INFO - 2 -- message -- 
2024-11-22 12:29:57,277 - 2 - INFO - 2 -- message -- 
2024-11-22 12:29:57,279 - 2 - INFO - 2 -- message -- 
2024-11-22 12:29:57,282 - 2 - INFO - 2 -- message -- 
2024-11-22 12:29:57,284 - 2 - INFO - 2 -- message -- 
2024-11-22 12:29:57,287 - 2 - INFO - 2 -- message -- 
2024-11-22 12:29:57,290 - 2 - INFO - 2 -- message -- 
2024-11-22 12:29:57,293 - 2 - INFO - 2 -- message -- 
2024-11-22 12:29:57,296 - 2 - INFO - 2 -- message -- 
2024-11-22 12:29:57,298 - 2 - INFO - 2 -- message -- 
2024-11-22 12:29:57,301 - 2 - INFO - 2 -- message -- 
2024-11-22 12:29:57,304 - 2 - INFO - 2 -- message -- 
2024-11-22 12:29:57,307 - 2 - INFO - 2 -- message -- 
2024-11-22 12:29:57,310 - 2 - INFO - 2 -- message -- 
2024-11-22 12:29:57,312 - 2 - INFO - 2 -- message -- 
2024-11-22 12:29:57,314 - 2 - INFO - 2 -- message -- 
2024-11-22 12:29:57,317 - 2 - INFO - 2 -- message -- 
2024-11-22 12:29:57,320 - 2 - INFO - 2 -- message -- 
2024-11-22 12:29:57,322 - 2 - INFO - 2 -- message -- 
2024-11-22 12:29:57,325 - 2 - INFO - 2 -- message -- 
2024-11-22 12:29:57,328 - 2 - INFO - 2 -- message -- 
2024-11-22 12:29:57,330 - 2 - INFO - 2 -- message -- 
2024-11-22 12:29:57,333 - 2 - INFO - 2 -- message -- 
2024-11-22 12:29:57,335 - 2 - INFO - 2 -- message -- 
2024-11-22 12:29:57,338 - 2 - INFO - 2 -- message -- 
2024-11-22 12:29:57,341 - 2 - INFO - 2 -- message -- 
2024-11-22 12:29:57,344 - 2 - INFO - 2 -- message -- 
2024-11-22 12:29:57,346 - 2 - INFO - 2 -- message -- 
2024-11-22 12:29:57,349 - 2 - INFO - 2 -- message -- 
2024-11-22 12:29:57,351 - 2 - INFO - 2 -- message -- 
2024-11-22 12:29:57,353 - 2 - INFO - 2 -- message -- 
2024-11-22 12:29:57,356 - 2 - INFO - 2 -- message -- 
2024-11-22 12:29:57,359 - 2 - INFO - 2 -- message -- 
2024-11-22 12:29:57,361 - 2 - INFO - 2 -- message -- 
2024-11-22 12:29:57,364 - 2 - INFO - 2 -- message -- 
2024-11-22 12:29:57,367 - 2 - INFO - 2 -- message -- 
2024-11-22 12:29:57,369 - 2 - INFO - 2 -- message -- 
2024-11-22 12:29:57,371 - 2 - INFO - 2 -- message -- 
2024-11-22 12:29:57,374 - 2 - INFO - 2 -- message -- 
2024-11-22 12:29:57,377 - 2 - INFO - 2 -- message -- 
2024-11-22 12:29:57,380 - 2 - INFO - 2 -- message -- 
2024-11-22 12:29:57,383 - 2 - INFO - 2 -- message -- 
2024-11-22 12:29:57,386 - 2 - INFO - 2 -- message -- 
2024-11-22 12:29:57,389 - 2 - INFO - 2 -- message -- 
2024-11-22 12:29:57,392 - 2 - INFO - 2 -- message -- 
2024-11-22 12:29:57,395 - 2 - INFO - 2 -- message -- 
2024-11-22 12:29:57,397 - 2 - INFO - 2 -- message -- 
2024-11-22 12:29:57,400 - 2 - INFO - 2 -- message -- 
2024-11-22 12:29:57,402 - 2 - INFO - 2 -- message -- 
2024-11-22 12:29:57,405 - 2 - INFO - 2 -- message -- 
2024-11-22 12:29:57,408 - 2 - INFO - 2 -- message -- 
2024-11-22 12:29:57,411 - 2 - INFO - 2 -- message -- 
2024-11-22 12:29:57,414 - 2 - INFO - 2 -- message -- 
2024-11-22 12:29:57,416 - 2 - INFO - 2 -- message -- 
2024-11-22 12:29:57,419 - 2 - INFO - 2 -- message -- 
2024-11-22 12:29:57,421 - 2 - INFO - 2 -- message -- 
2024-11-22 12:29:57,424 - 2 - INFO - 2 -- message -- 
2024-11-22 12:29:57,427 - 2 - INFO - 2 -- message -- 
2024-11-22 12:29:57,430 - 2 - INFO - 2 -- message -- 
2024-11-22 12:29:57,433 - 2 - INFO - 2 -- message -- 
2024-11-22 12:29:57,435 - 2 - INFO - 2 -- message -- 
2024-11-22 12:29:57,438 - 2 - INFO - 2 -- message -- 
2024-11-22 12:29:57,440 - 2 - INFO - 2 -- message -- 
2024-11-22 12:29:57,443 - 2 - INFO - 2 -- message -- 
2024-11-22 12:29:57,446 - 2 - INFO - 2 -- message -- 
2024-11-22 12:29:57,449 - 2 - INFO - 2 -- message -- 
2024-11-22 12:29:57,451 - 2 - INFO - 2 -- message -- 
2024-11-22 12:29:57,454 - 2 - INFO - 2 -- message -- 
2024-11-22 12:29:57,456 - 2 - INFO - 2 -- message -- 
2024-11-22 12:29:57,459 - 2 - INFO - 2 -- message -- 
2024-11-22 12:29:57,462 - 2 - INFO - 2 -- message -- 
2024-11-22 12:29:57,464 - 2 - INFO - 2 -- message -- 
2024-11-22 12:29:57,467 - 2 - INFO - 2 -- message -- 
2024-11-22 12:29:57,469 - 2 - INFO - 2 -- message -- 
2024-11-22 12:29:57,471 - 2 - INFO - 2 -- message -- 
2024-11-22 12:29:57,474 - 2 - INFO - 2 -- message -- 
2024-11-22 12:29:57,478 - 2 - INFO - 2 -- message -- 
2024-11-22 12:29:57,480 - 2 - INFO - 2 -- message -- 
2024-11-22 12:29:57,482 - 2 - INFO - 2 -- message -- 
2024-11-22 12:29:57,485 - 2 - INFO - 2 -- message -- 
2024-11-22 12:29:57,487 - 2 - INFO - 2 -- message -- 
2024-11-22 12:29:57,490 - 2 - INFO - 2 -- message -- 
2024-11-22 12:29:57,492 - 2 - INFO - 2 -- message -- 
2024-11-22 12:29:57,495 - 2 - INFO - 2 -- message -- 
2024-11-22 12:29:57,497 - 2 - INFO - 2 -- message -- 
2024-11-22 12:29:57,500 - 2 - INFO - 2 -- message -- 
2024-11-22 12:29:57,502 - 2 - INFO - 2 -- message -- 
2024-11-22 12:29:57,505 - 2 - INFO - 2 -- message -- 
2024-11-22 12:29:57,508 - 2 - INFO - 2 -- message -- 
2024-11-22 12:29:57,511 - 2 - INFO - 2 -- message -- 
2024-11-22 12:29:57,514 - 2 - INFO - 2 -- message -- 
2024-11-22 12:29:57,516 - 2 - INFO - 2 -- message -- 
2024-11-22 12:29:57,518 - 2 - INFO - 2 -- message -- 
2024-11-22 12:29:57,521 - 2 - INFO - 2 -- message -- 
2024-11-22 12:29:57,524 - 2 - INFO - 2 -- message -- 
2024-11-22 12:29:57,527 - 2 - INFO - 2 -- message -- 
2024-11-22 12:29:57,529 - 2 - INFO - 2 -- message -- 
2024-11-22 12:29:57,531 - 2 - INFO - 2 -- message -- 
2024-11-22 12:29:57,533 - 2 - INFO - 2 -- message -- 
2024-11-22 12:29:57,536 - 2 - INFO - 2 -- message -- 
2024-11-22 12:29:57,539 - 2 - INFO - 2 -- message -- 
2024-11-22 12:29:57,541 - 2 - INFO - 2 -- message -- 
2024-11-22 12:29:57,543 - 2 - INFO - 2 -- message -- 
2024-11-22 12:29:57,545 - 2 - INFO - 2 -- message -- 
2024-11-22 12:29:57,547 - 2 - INFO - 2 -- message -- 
2024-11-22 12:29:57,551 - 2 - INFO - 2 -- message -- 
2024-11-22 12:29:57,553 - 2 - INFO - 2 -- message -- 
2024-11-22 12:29:57,556 - 2 - INFO - 2 -- message -- 
2024-11-22 12:29:57,559 - 2 - INFO - 2 -- message -- 
2024-11-22 12:29:57,561 - 2 - INFO - 2 -- message -- 
2024-11-22 12:29:57,564 - 2 - INFO - 2 -- message -- 
2024-11-22 12:29:57,566 - 2 - INFO - 2 -- message -- 
2024-11-22 12:29:57,569 - 2 - INFO - 2 -- message -- 
2024-11-22 12:29:57,572 - 2 - INFO - 2 -- message -- 
2024-11-22 12:29:57,575 - 2 - INFO - 2 -- message -- 
2024-11-22 12:29:57,578 - 2 - INFO - 2 -- message -- 
2024-11-22 12:29:57,580 - 2 - INFO - 2 -- message -- 
2024-11-22 12:29:57,583 - 2 - INFO - 2 -- message -- 
2024-11-22 12:29:57,586 - 2 - INFO - 2 -- message -- 
2024-11-22 12:29:57,589 - 2 - INFO - 2 -- message -- 
2024-11-22 12:29:57,591 - 2 - INFO - 2 -- message -- 
2024-11-22 12:29:57,594 - 2 - INFO - 2 -- message -- 
2024-11-22 12:29:57,596 - 2 - INFO - 2 -- message -- 
2024-11-22 12:29:57,600 - 2 - INFO - 2 -- message -- 
2024-11-22 12:29:57,602 - 2 - INFO - 2 -- message -- 
2024-11-22 12:29:57,604 - 2 - INFO - 2 -- message -- 
2024-11-22 12:29:57,607 - 2 - INFO - 2 -- message -- 
2024-11-22 12:29:57,610 - 2 - INFO - 2 -- message -- 
2024-11-22 12:29:57,613 - 2 - INFO - 2 -- message -- 
2024-11-22 12:29:57,615 - 2 - INFO - 2 -- message -- 
2024-11-22 12:29:57,618 - 2 - INFO - 2 -- message -- 
2024-11-22 12:29:57,620 - 2 - INFO - 2 -- message -- 
2024-11-22 12:29:57,623 - 2 - INFO - 2 -- message -- 
2024-11-22 12:29:57,626 - 2 - INFO - 2 -- message -- 
2024-11-22 12:29:57,628 - 2 - INFO - 2 -- message -- 
2024-11-22 12:29:57,631 - 2 - INFO - 2 -- message -- 
2024-11-22 12:29:57,634 - 2 - INFO - 2 -- message -- 
2024-11-22 12:29:57,636 - 2 - INFO - 2 -- message -- 
2024-11-22 12:29:57,639 - 2 - INFO - 2 -- message -- 
2024-11-22 12:29:57,641 - 2 - INFO - 2 -- message -- 
2024-11-22 12:29:57,643 - 2 - INFO - 2 -- message -- 
2024-11-22 12:29:57,647 - 2 - INFO - 2 -- message -- 
2024-11-22 12:29:57,650 - 2 - INFO - 2 -- message -- 
2024-11-22 12:29:57,652 - 2 - INFO - 2 -- message -- 
2024-11-22 12:29:57,654 - 2 - INFO - 2 -- message -- 
2024-11-22 12:29:57,657 - 2 - INFO - 2 -- message -- 
2024-11-22 12:29:57,660 - 2 - INFO - 2 -- message -- 
2024-11-22 12:29:57,662 - 2 - INFO - 2 -- message -- 
2024-11-22 12:29:57,665 - 2 - INFO - 2 -- message -- 
2024-11-22 12:29:57,668 - 2 - INFO - 2 -- message -- 
2024-11-22 12:29:57,670 - 2 - INFO - 2 -- message -- 
2024-11-22 12:29:57,673 - 2 - INFO - 2 -- message -- 
2024-11-22 12:29:57,676 - 2 - INFO - 2 -- message -- 
2024-11-22 12:29:57,678 - 2 - INFO - 2 -- message -- 
2024-11-22 12:29:57,680 - 2 - INFO - 2 -- message -- 
2024-11-22 12:29:57,683 - 2 - INFO - 2 -- message -- 
2024-11-22 12:29:57,685 - 2 - INFO - 2 -- message -- 
2024-11-22 12:29:57,688 - 2 - INFO - 2 -- message -- 
2024-11-22 12:29:57,690 - 2 - INFO - 2 -- message -- 
2024-11-22 12:29:57,693 - 2 - INFO - 2 -- message -- 
2024-11-22 12:29:57,696 - 2 - INFO - 2 -- message -- 
2024-11-22 12:29:57,698 - 2 - INFO - 2 -- message -- 
2024-11-22 12:29:57,701 - 2 - INFO - 2 -- message -- 
2024-11-22 12:29:57,703 - 2 - INFO - 2 -- message -- 
2024-11-22 12:29:57,706 - 2 - INFO - 2 -- message -- 
2024-11-22 12:29:57,709 - 2 - INFO - 2 -- message -- 
2024-11-22 12:29:57,712 - 2 - INFO - 2 -- message -- 
2024-11-22 12:29:57,714 - 2 - INFO - 2 -- message -- 
2024-11-22 12:29:57,717 - 2 - INFO - 2 -- message -- 
2024-11-22 12:29:57,719 - 2 - INFO - 2 -- message -- 
2024-11-22 12:29:57,722 - 2 - INFO - 2 -- message -- 
2024-11-22 12:29:57,725 - 2 - INFO - 2 -- message -- 
2024-11-22 12:29:57,728 - 2 - INFO - 2 -- message -- 
2024-11-22 12:29:57,730 - 2 - INFO - 2 -- message -- 
2024-11-22 12:29:57,732 - 2 - INFO - 2 -- message -- 
2024-11-22 12:29:57,734 - 2 - INFO - 2 -- message -- 
2024-11-22 12:29:57,737 - 2 - INFO - 2 -- message -- 
2024-11-22 12:29:57,740 - 2 - INFO - 2 -- message -- 
2024-11-22 12:29:57,743 - 2 - INFO - 2 -- message -- 
2024-11-22 12:29:57,745 - 2 - INFO - 2 -- message -- 
2024-11-22 12:29:57,748 - 2 - INFO - 2 -- message -- 
2024-11-22 12:29:57,750 - 2 - INFO - 2 -- message -- 
2024-11-22 12:29:57,753 - 2 - INFO - 2 -- message -- 
2024-11-22 12:29:57,755 - 2 - INFO - 2 -- message -- 
2024-11-22 12:29:57,759 - 2 - INFO - 2 -- message -- 
2024-11-22 12:29:57,761 - 2 - INFO - 2 -- message -- 
2024-11-22 12:29:57,764 - 2 - INFO - 2 -- message -- 
2024-11-22 12:29:57,766 - 2 - INFO - 2 -- message -- 
2024-11-22 12:29:57,768 - 2 - INFO - 2 -- message -- 
2024-11-22 12:29:57,772 - 2 - INFO - 2 -- message -- 
2024-11-22 12:29:57,775 - 2 - INFO - 2 -- message -- 
2024-11-22 12:29:57,778 - 2 - INFO - 2 -- message -- 
2024-11-22 12:29:57,780 - 2 - INFO - 2 -- message -- 
2024-11-22 12:29:57,783 - 2 - INFO - 2 -- message -- 
2024-11-22 12:29:57,785 - 2 - INFO - 2 -- message -- 
2024-11-22 12:29:57,788 - 2 - INFO - 2 -- message -- 
2024-11-22 12:29:57,791 - 2 - INFO - 2 -- message -- 
2024-11-22 12:29:57,793 - 2 - INFO - 2 -- message -- 
2024-11-22 12:29:57,796 - 2 - INFO - 2 -- message -- 
2024-11-22 12:29:57,798 - 2 - INFO - 2 -- message -- 
2024-11-22 12:29:57,801 - 2 - INFO - 2 -- message -- 
2024-11-22 12:29:57,804 - 2 - INFO - 2 -- message -- 
2024-11-22 12:29:57,807 - 2 - INFO - 2 -- message -- 
2024-11-22 12:29:57,810 - 2 - INFO - 2 -- message -- 
2024-11-22 12:29:57,812 - 2 - INFO - 2 -- message -- 
2024-11-22 12:29:57,814 - 2 - INFO - 2 -- message -- 
2024-11-22 12:29:57,817 - 2 - INFO - 2 -- message -- 
2024-11-22 12:29:57,819 - 2 - INFO - 2 -- message -- 
2024-11-22 12:29:57,822 - 2 - INFO - 2 -- message -- 
2024-11-22 12:29:57,825 - 2 - INFO - 2 -- message -- 
2024-11-22 12:29:57,827 - 2 - INFO - 2 -- message -- 
2024-11-22 12:29:57,830 - 2 - INFO - 2 -- message -- 
2024-11-22 12:29:57,832 - 2 - INFO - 2 -- message -- 
2024-11-22 12:29:57,835 - 2 - INFO - 2 -- message -- 
2024-11-22 12:29:57,838 - 2 - INFO - 2 -- message -- 
2024-11-22 12:29:57,840 - 2 - INFO - 2 -- message -- 
2024-11-22 12:29:57,843 - 2 - INFO - 2 -- message -- 
2024-11-22 12:29:57,845 - 2 - INFO - 2 -- message -- 
2024-11-22 12:29:57,848 - 2 - INFO - 2 -- message -- 
2024-11-22 12:29:57,850 - 2 - INFO - 2 -- message -- 
2024-11-22 12:29:57,854 - 2 - INFO - 2 -- message -- 
2024-11-22 12:29:57,856 - 2 - INFO - 2 -- message -- 
2024-11-22 12:29:57,859 - 2 - INFO - 2 -- message -- 
2024-11-22 12:29:57,862 - 2 - INFO - 2 -- message -- 
2024-11-22 12:29:57,864 - 2 - INFO - 2 -- message -- 
2024-11-22 12:29:57,868 - 2 - INFO - 2 -- message -- 
2024-11-22 12:29:57,870 - 2 - INFO - 2 -- message -- 
2024-11-22 12:29:57,873 - 2 - INFO - 2 -- message -- 
2024-11-22 12:29:57,875 - 2 - INFO - 2 -- message -- 
2024-11-22 12:29:57,878 - 2 - INFO - 2 -- message -- 
2024-11-22 12:29:57,880 - 2 - INFO - 2 -- message -- 
2024-11-22 12:29:57,882 - 2 - INFO - 2 -- message -- 
2024-11-22 12:29:57,885 - 2 - INFO - 2 -- message -- 
2024-11-22 12:29:57,887 - 2 - INFO - 2 -- message -- 
2024-11-22 12:29:57,890 - 2 - INFO - 2 -- message -- 
2024-11-22 12:29:57,892 - 2 - INFO - 2 -- message -- 
2024-11-22 12:29:57,895 - 2 - INFO - 2 -- message -- 
2024-11-22 12:29:57,898 - 2 - INFO - 2 -- message -- 
2024-11-22 12:29:57,901 - 2 - INFO - 2 -- message -- 
2024-11-22 12:29:57,903 - 2 - INFO - 2 -- message -- 
2024-11-22 12:29:57,906 - 2 - INFO - 2 -- message -- 
2024-11-22 12:29:57,909 - 2 - INFO - 2 -- message -- 
2024-11-22 12:29:57,912 - 2 - INFO - 2 -- message -- 
2024-11-22 12:29:57,915 - 2 - INFO - 2 -- message -- 
2024-11-22 12:29:57,917 - 2 - INFO - 2 -- message -- 
2024-11-22 12:29:57,920 - 2 - INFO - 2 -- message -- 
2024-11-22 12:29:57,922 - 2 - INFO - 2 -- message -- 
2024-11-22 12:29:57,925 - 2 - INFO - 2 -- message -- 
2024-11-22 12:29:57,928 - 2 - INFO - 2 -- message -- 
2024-11-22 12:29:57,931 - 2 - INFO - 2 -- message -- 
2024-11-22 12:29:57,933 - 2 - INFO - 2 -- message -- 
2024-11-22 12:29:57,936 - 2 - INFO - 2 -- message -- 
2024-11-22 12:29:57,938 - 2 - INFO - 2 -- message -- 
2024-11-22 12:29:57,940 - 2 - INFO - 2 -- message -- 
2024-11-22 12:29:57,944 - 2 - INFO - 2 -- message -- 
2024-11-22 12:29:57,946 - 2 - INFO - 2 -- message -- 
2024-11-22 12:29:57,949 - 2 - INFO - 2 -- message -- 
2024-11-22 12:29:57,951 - 2 - INFO - 2 -- message -- 
2024-11-22 12:29:57,954 - 2 - INFO - 2 -- message -- 
2024-11-22 12:29:57,956 - 2 - INFO - 2 -- message -- 
2024-11-22 12:29:57,960 - 2 - INFO - 2 -- message -- 
2024-11-22 12:29:57,962 - 2 - INFO - 2 -- message -- 
2024-11-22 12:29:57,965 - 2 - INFO - 2 -- message -- 
2024-11-22 12:29:57,967 - 2 - INFO - 2 -- message -- 
2024-11-22 12:29:57,969 - 2 - INFO - 2 -- message -- 
2024-11-22 12:29:57,972 - 2 - INFO - 2 -- message -- 
2024-11-22 12:29:57,975 - 2 - INFO - 2 -- message -- 
2024-11-22 12:29:57,978 - 2 - INFO - 2 -- message -- 
2024-11-22 12:29:57,980 - 2 - INFO - 2 -- message -- 
2024-11-22 12:29:57,983 - 2 - INFO - 2 -- message -- 
2024-11-22 12:29:57,985 - 2 - INFO - 2 -- message -- 
2024-11-22 12:29:57,988 - 2 - INFO - 2 -- message -- 
2024-11-22 12:29:57,991 - 2 - INFO - 2 -- message -- 
2024-11-22 12:29:57,994 - 2 - INFO - 2 -- message -- 
2024-11-22 12:29:57,997 - 2 - INFO - 2 -- message -- 
2024-11-22 12:29:57,999 - 2 - INFO - 2 -- message -- 
2024-11-22 12:29:58,002 - 2 - INFO - 2 -- message -- 
2024-11-22 12:29:58,005 - 2 - INFO - 2 -- message -- 
2024-11-22 12:29:58,008 - 2 - INFO - 2 -- message -- 
2024-11-22 12:29:58,010 - 2 - INFO - 2 -- message -- 
2024-11-22 12:29:58,013 - 2 - INFO - 2 -- message -- 
2024-11-22 12:29:58,015 - 2 - INFO - 2 -- message -- 
2024-11-22 12:29:58,018 - 2 - INFO - 2 -- message -- 
2024-11-22 12:29:58,021 - 2 - INFO - 2 -- message -- 
2024-11-22 12:29:58,024 - 2 - INFO - 2 -- message -- 
2024-11-22 12:29:58,027 - 2 - INFO - 2 -- message -- 
2024-11-22 12:29:58,030 - 2 - INFO - 2 -- message -- 
2024-11-22 12:29:58,032 - 2 - INFO - 2 -- message -- 
2024-11-22 12:29:58,034 - 2 - INFO - 2 -- message -- 
2024-11-22 12:29:58,037 - 2 - INFO - 2 -- message -- 
2024-11-22 12:29:58,040 - 2 - INFO - 2 -- message -- 
2024-11-22 12:29:58,043 - 2 - INFO - 2 -- message -- 
2024-11-22 12:29:58,045 - 2 - INFO - 2 -- message -- 
2024-11-22 12:29:58,047 - 2 - INFO - 2 -- message -- 
2024-11-22 12:29:58,050 - 2 - INFO - 2 -- message -- 
2024-11-22 12:29:58,053 - 2 - INFO - 2 -- message -- 
2024-11-22 12:29:58,055 - 2 - INFO - 2 -- message -- 
2024-11-22 12:29:58,058 - 2 - INFO - 2 -- message -- 
2024-11-22 12:29:58,060 - 2 - INFO - 2 -- message -- 
2024-11-22 12:29:58,063 - 2 - INFO - 2 -- message -- 
2024-11-22 12:29:58,066 - 2 - INFO - 2 -- message -- 
2024-11-22 12:29:58,068 - 2 - INFO - 2 -- message -- 
2024-11-22 12:29:58,071 - 2 - INFO - 2 -- message -- 
2024-11-22 12:29:58,073 - 2 - INFO - 2 -- message -- 
2024-11-22 12:29:58,076 - 2 - INFO - 2 -- message -- 
2024-11-22 12:29:58,078 - 2 - INFO - 2 -- message -- 
2024-11-22 12:29:58,081 - 2 - INFO - 2 -- message -- 
2024-11-22 12:29:58,084 - 2 - INFO - 2 -- message -- 
2024-11-22 12:29:58,087 - 2 - INFO - 2 -- message -- 
2024-11-22 12:29:58,089 - 2 - INFO - 2 -- message -- 
2024-11-22 12:29:58,092 - 2 - INFO - 2 -- message -- 
2024-11-22 12:29:58,095 - 2 - INFO - 2 -- message -- 
2024-11-22 12:29:58,098 - 2 - INFO - 2 -- message -- 
2024-11-22 12:29:58,100 - 2 - INFO - 2 -- message -- 
2024-11-22 12:29:58,103 - 2 - INFO - 2 -- message -- 
2024-11-22 12:29:58,105 - 2 - INFO - 2 -- message -- 
2024-11-22 12:29:58,108 - 2 - INFO - 2 -- message -- 
2024-11-22 12:29:58,111 - 2 - INFO - 2 -- message -- 
2024-11-22 12:29:58,113 - 2 - INFO - 2 -- message -- 
2024-11-22 12:29:58,116 - 2 - INFO - 2 -- message -- 
2024-11-22 12:29:58,118 - 2 - INFO - 2 -- message -- 
2024-11-22 12:29:58,121 - 2 - INFO - 2 -- message -- 
2024-11-22 12:29:58,123 - 2 - INFO - 2 -- message -- 
2024-11-22 12:29:58,126 - 2 - INFO - 2 -- message -- 
2024-11-22 12:29:58,128 - 2 - INFO - 2 -- message -- 
2024-11-22 12:29:58,131 - 2 - INFO - 2 -- message -- 
2024-11-22 12:29:58,134 - 2 - INFO - 2 -- message -- 
2024-11-22 12:29:58,136 - 2 - INFO - 2 -- message -- 
2024-11-22 12:29:58,139 - 2 - INFO - 2 -- message -- 
2024-11-22 12:29:58,142 - 2 - INFO - 2 -- message -- 
2024-11-22 12:29:58,144 - 2 - INFO - 2 -- message -- 
2024-11-22 12:29:58,147 - 2 - INFO - 2 -- message -- 
2024-11-22 12:29:58,149 - 2 - INFO - 2 -- message -- 
2024-11-22 12:29:58,152 - 2 - INFO - 2 -- message -- 
2024-11-22 12:29:58,154 - 2 - INFO - 2 -- message -- 
2024-11-22 12:29:58,156 - 2 - INFO - 2 -- message -- 
2024-11-22 12:29:58,159 - 2 - INFO - 2 -- message -- 
2024-11-22 12:29:58,162 - 2 - INFO - 2 -- message -- 
2024-11-22 12:29:58,165 - 2 - INFO - 2 -- message -- 
2024-11-22 12:29:58,167 - 2 - INFO - 2 -- message -- 
2024-11-22 12:29:58,170 - 2 - INFO - 2 -- message -- 
2024-11-22 12:29:58,172 - 2 - INFO - 2 -- message -- 
2024-11-22 12:29:58,175 - 2 - INFO - 2 -- message -- 
2024-11-22 12:29:58,177 - 2 - INFO - 2 -- message -- 
2024-11-22 12:29:58,181 - 2 - INFO - 2 -- message -- 
2024-11-22 12:29:58,183 - 2 - INFO - 2 -- message -- 
2024-11-22 12:29:58,186 - 2 - INFO - 2 -- message -- 
2024-11-22 12:29:58,188 - 2 - INFO - 2 -- message -- 
2024-11-22 12:29:58,191 - 2 - INFO - 2 -- message -- 
2024-11-22 12:29:58,194 - 2 - INFO - 2 -- message -- 
2024-11-22 12:29:58,196 - 2 - INFO - 2 -- message -- 
2024-11-22 12:29:58,199 - 2 - INFO - 2 -- message -- 
2024-11-22 12:29:58,201 - 2 - INFO - 2 -- message -- 
2024-11-22 12:29:58,204 - 2 - INFO - 2 -- message -- 
2024-11-22 12:29:58,206 - 2 - INFO - 2 -- message -- 
2024-11-22 12:29:58,209 - 2 - INFO - 2 -- message -- 
2024-11-22 12:29:58,212 - 2 - INFO - 2 -- message -- 
2024-11-22 12:29:58,215 - 2 - INFO - 2 -- message -- 
2024-11-22 12:29:58,218 - 2 - INFO - 2 -- message -- 
2024-11-22 12:29:58,220 - 2 - INFO - 2 -- message -- 
2024-11-22 12:29:58,223 - 2 - INFO - 2 -- message -- 
2024-11-22 12:29:58,226 - 2 - INFO - 2 -- message -- 
2024-11-22 12:29:58,229 - 2 - INFO - 2 -- message -- 
2024-11-22 12:29:58,232 - 2 - INFO - 2 -- message -- 
2024-11-22 12:29:58,234 - 2 - INFO - 2 -- message -- 
2024-11-22 12:29:58,236 - 2 - INFO - 2 -- message -- 
2024-11-22 12:29:58,239 - 2 - INFO - 2 -- message -- 
2024-11-22 12:29:58,242 - 2 - INFO - 2 -- message -- 
2024-11-22 12:29:58,245 - 2 - INFO - 2 -- message -- 
2024-11-22 12:29:58,247 - 2 - INFO - 2 -- message -- 
2024-11-22 12:29:58,249 - 2 - INFO - 2 -- message -- 
2024-11-22 12:29:58,252 - 2 - INFO - 2 -- message -- 
2024-11-22 12:29:58,254 - 2 - INFO - 2 -- message -- 
2024-11-22 12:29:58,257 - 2 - INFO - 2 -- message -- 
2024-11-22 12:29:58,260 - 2 - INFO - 2 -- message -- 
2024-11-22 12:29:58,262 - 2 - INFO - 2 -- message -- 
2024-11-22 12:29:58,264 - 2 - INFO - 2 -- message -- 
2024-11-22 12:29:58,267 - 2 - INFO - 2 -- message -- 
2024-11-22 12:29:58,269 - 2 - INFO - 2 -- message -- 
2024-11-22 12:29:58,272 - 2 - INFO - 2 -- message -- 
2024-11-22 12:29:58,275 - 2 - INFO - 2 -- message -- 
2024-11-22 12:29:58,278 - 2 - INFO - 2 -- message -- 
2024-11-22 12:29:58,281 - 2 - INFO - 2 -- message -- 
2024-11-22 12:29:58,283 - 2 - INFO - 2 -- message -- 
2024-11-22 12:29:58,285 - 2 - INFO - 2 -- message -- 
2024-11-22 12:29:58,289 - 2 - INFO - 2 -- message -- 
2024-11-22 12:29:58,291 - 2 - INFO - 2 -- message -- 
2024-11-22 12:29:58,294 - 2 - INFO - 2 -- message -- 
2024-11-22 12:29:58,297 - 2 - INFO - 2 -- message -- 
2024-11-22 12:29:58,299 - 2 - INFO - 2 -- message -- 
2024-11-22 12:29:58,301 - 2 - INFO - 2 -- message -- 
2024-11-22 12:29:58,304 - 2 - INFO - 2 -- message -- 
2024-11-22 12:29:58,307 - 2 - INFO - 2 -- message -- 
2024-11-22 12:29:58,310 - 2 - INFO - 2 -- message -- 
2024-11-22 12:29:58,313 - 2 - INFO - 2 -- message -- 
2024-11-22 12:29:58,315 - 2 - INFO - 2 -- message -- 
2024-11-22 12:29:58,317 - 2 - INFO - 2 -- message -- 
2024-11-22 12:29:58,321 - 2 - INFO - 2 -- message -- 
2024-11-22 12:29:58,324 - 2 - INFO - 2 -- message -- 
2024-11-22 12:29:58,327 - 2 - INFO - 2 -- message -- 
2024-11-22 12:29:58,329 - 2 - INFO - 2 -- message -- 
2024-11-22 12:29:58,332 - 2 - INFO - 2 -- message -- 
2024-11-22 12:29:58,334 - 2 - INFO - 2 -- message -- 
2024-11-22 12:29:58,337 - 2 - INFO - 2 -- message -- 
2024-11-22 12:29:58,339 - 2 - INFO - 2 -- message -- 
2024-11-22 12:29:58,341 - 2 - INFO - 2 -- message -- 
2024-11-22 12:29:58,344 - 2 - INFO - 2 -- message -- 
2024-11-22 12:29:58,346 - 2 - INFO - 2 -- message -- 
2024-11-22 12:29:58,349 - 2 - INFO - 2 -- message -- 
2024-11-22 12:29:58,352 - 2 - INFO - 2 -- message -- 
2024-11-22 12:29:58,355 - 2 - INFO - 2 -- message -- 
2024-11-22 12:29:58,357 - 2 - INFO - 2 -- message -- 
2024-11-22 12:29:58,360 - 2 - INFO - 2 -- message -- 
2024-11-22 12:29:58,362 - 2 - INFO - 2 -- message -- 
2024-11-22 12:29:58,364 - 2 - INFO - 2 -- message -- 
2024-11-22 12:29:58,367 - 2 - INFO - 2 -- message -- 
2024-11-22 12:29:58,370 - 2 - INFO - 2 -- message -- 
2024-11-22 12:29:58,373 - 2 - INFO - 2 -- message -- 
2024-11-22 12:29:58,376 - 2 - INFO - 2 -- message -- 
2024-11-22 12:29:58,378 - 2 - INFO - 2 -- message -- 
2024-11-22 12:29:58,381 - 2 - INFO - 2 -- message -- 
2024-11-22 12:29:58,383 - 2 - INFO - 2 -- message -- 
2024-11-22 12:29:58,386 - 2 - INFO - 2 -- message -- 
2024-11-22 12:29:58,389 - 2 - INFO - 2 -- message -- 
2024-11-22 12:29:58,392 - 2 - INFO - 2 -- message -- 
2024-11-22 12:29:58,394 - 2 - INFO - 2 -- message -- 
2024-11-22 12:29:58,397 - 2 - INFO - 2 -- message -- 
2024-11-22 12:29:58,400 - 2 - INFO - 2 -- message -- 
2024-11-22 12:29:58,402 - 2 - INFO - 2 -- message -- 
2024-11-22 12:29:58,405 - 2 - INFO - 2 -- message -- 
2024-11-22 12:29:58,408 - 2 - INFO - 2 -- message -- 
2024-11-22 12:29:58,410 - 2 - INFO - 2 -- message -- 
2024-11-22 12:29:58,413 - 2 - INFO - 2 -- message -- 
2024-11-22 12:29:58,416 - 2 - INFO - 2 -- message -- 
2024-11-22 12:29:58,419 - 2 - INFO - 2 -- message -- 
2024-11-22 12:29:58,422 - 2 - INFO - 2 -- message -- 
2024-11-22 12:29:58,425 - 2 - INFO - 2 -- message -- 
2024-11-22 12:29:58,427 - 2 - INFO - 2 -- message -- 
2024-11-22 12:29:58,430 - 2 - INFO - 2 -- message -- 
2024-11-22 12:29:58,433 - 2 - INFO - 2 -- message -- 
2024-11-22 12:29:58,435 - 2 - INFO - 2 -- message -- 
2024-11-22 12:29:58,437 - 2 - INFO - 2 -- message -- 
2024-11-22 12:29:58,440 - 2 - INFO - 2 -- message -- 
2024-11-22 12:29:58,443 - 2 - INFO - 2 -- message -- 
2024-11-22 12:29:58,445 - 2 - INFO - 2 -- message -- 
2024-11-22 12:29:58,448 - 2 - INFO - 2 -- message -- 
2024-11-22 12:29:58,451 - 2 - INFO - 2 -- message -- 
2024-11-22 12:29:58,454 - 2 - INFO - 2 -- message -- 
2024-11-22 12:29:58,457 - 2 - INFO - 2 -- message -- 
2024-11-22 12:29:58,460 - 2 - INFO - 2 -- message -- 
2024-11-22 12:29:58,463 - 2 - INFO - 2 -- message -- 
2024-11-22 12:29:58,466 - 2 - INFO - 2 -- message -- 
2024-11-22 12:29:58,469 - 2 - INFO - 2 -- message -- 
2024-11-22 12:29:58,471 - 2 - INFO - 2 -- message -- 
2024-11-22 12:29:58,475 - 2 - INFO - 2 -- message -- 
2024-11-22 12:29:58,477 - 2 - INFO - 2 -- message -- 
2024-11-22 12:29:58,480 - 2 - INFO - 2 -- message -- 
2024-11-22 12:29:58,484 - 2 - INFO - 2 -- message -- 
2024-11-22 12:29:58,487 - 2 - INFO - 2 -- message -- 
2024-11-22 12:29:58,490 - 2 - INFO - 2 -- message -- 
2024-11-22 12:29:58,493 - 2 - INFO - 2 -- message -- 
2024-11-22 12:29:58,497 - 2 - INFO - 2 -- message -- 
2024-11-22 12:29:58,499 - 2 - INFO - 2 -- message -- 
2024-11-22 12:29:58,502 - 2 - INFO - 2 -- message -- 
2024-11-22 12:29:58,504 - 2 - INFO - 2 -- message -- 
2024-11-22 12:29:58,507 - 2 - INFO - 2 -- message -- 
2024-11-22 12:29:58,510 - 2 - INFO - 2 -- message -- 
2024-11-22 12:29:58,512 - 2 - INFO - 2 -- message -- 
2024-11-22 12:29:58,515 - 2 - INFO - 2 -- message -- 
2024-11-22 12:29:58,518 - 2 - INFO - 2 -- message -- 
2024-11-22 12:29:58,520 - 2 - INFO - 2 -- message -- 
2024-11-22 12:29:58,523 - 2 - INFO - 2 -- message -- 
2024-11-22 12:29:58,525 - 2 - INFO - 2 -- message -- 
2024-11-22 12:29:58,527 - 2 - INFO - 2 -- message -- 
2024-11-22 12:29:58,530 - 2 - INFO - 2 -- message -- 
2024-11-22 12:29:58,533 - 2 - INFO - 2 -- message -- 
2024-11-22 12:29:58,536 - 2 - INFO - 2 -- message -- 
2024-11-22 12:29:58,540 - 2 - INFO - 2 -- message -- 
2024-11-22 12:29:58,543 - 2 - INFO - 2 -- message -- 
2024-11-22 12:29:58,545 - 2 - INFO - 2 -- message -- 
2024-11-22 12:29:58,548 - 2 - INFO - 2 -- message -- 
2024-11-22 12:29:58,550 - 2 - INFO - 2 -- message -- 
2024-11-22 12:29:58,553 - 2 - INFO - 2 -- message -- 
2024-11-22 12:29:58,557 - 2 - INFO - 2 -- message -- 
2024-11-22 12:29:58,559 - 2 - INFO - 2 -- message -- 
2024-11-22 12:29:58,562 - 2 - INFO - 2 -- message -- 
2024-11-22 12:29:58,564 - 2 - INFO - 2 -- message -- 
2024-11-22 12:29:58,567 - 2 - INFO - 2 -- message -- 
2024-11-22 12:29:58,569 - 2 - INFO - 2 -- message -- 
2024-11-22 12:29:58,572 - 2 - INFO - 2 -- message -- 
2024-11-22 12:29:58,575 - 2 - INFO - 2 -- message -- 
2024-11-22 12:29:58,577 - 2 - INFO - 2 -- message -- 
2024-11-22 12:29:58,580 - 2 - INFO - 2 -- message -- 
2024-11-22 12:29:58,582 - 2 - INFO - 2 -- message -- 
2024-11-22 12:29:58,584 - 2 - INFO - 2 -- message -- 
2024-11-22 12:29:58,587 - 2 - INFO - 2 -- message -- 
2024-11-22 12:29:58,590 - 2 - INFO - 2 -- message -- 
2024-11-22 12:29:58,593 - 2 - INFO - 2 -- message -- 
2024-11-22 12:29:58,595 - 2 - INFO - 2 -- message -- 
2024-11-22 12:29:58,597 - 2 - INFO - 2 -- message -- 
2024-11-22 12:29:58,600 - 2 - INFO - 2 -- message -- 
2024-11-22 12:29:58,603 - 2 - INFO - 2 -- message -- 
2024-11-22 12:29:58,606 - 2 - INFO - 2 -- message -- 
2024-11-22 12:29:58,609 - 2 - INFO - 2 -- message -- 
2024-11-22 12:29:58,612 - 2 - INFO - 2 -- message -- 
2024-11-22 12:29:58,614 - 2 - INFO - 2 -- message -- 
2024-11-22 12:29:58,616 - 2 - INFO - 2 -- message -- 
2024-11-22 12:29:58,620 - 2 - INFO - 2 -- message -- 
2024-11-22 12:29:58,623 - 2 - INFO - 2 -- message -- 
2024-11-22 12:29:58,625 - 2 - INFO - 2 -- message -- 
2024-11-22 12:29:58,628 - 2 - INFO - 2 -- message -- 
2024-11-22 12:29:58,630 - 2 - INFO - 2 -- message -- 
2024-11-22 12:29:58,633 - 2 - INFO - 2 -- message -- 
2024-11-22 12:29:58,636 - 2 - INFO - 2 -- message -- 
2024-11-22 12:29:58,638 - 2 - INFO - 2 -- message -- 
2024-11-22 12:29:58,641 - 2 - INFO - 2 -- message -- 
2024-11-22 12:29:58,643 - 2 - INFO - 2 -- message -- 
2024-11-22 12:29:58,646 - 2 - INFO - 2 -- message -- 
2024-11-22 12:29:58,649 - 2 - INFO - 2 -- message -- 
2024-11-22 12:29:58,651 - 2 - INFO - 2 -- message -- 
2024-11-22 12:29:58,654 - 2 - INFO - 2 -- message -- 
2024-11-22 12:29:58,657 - 2 - INFO - 2 -- message -- 
2024-11-22 12:29:58,659 - 2 - INFO - 2 -- message -- 
2024-11-22 12:29:58,662 - 2 - INFO - 2 -- message -- 
2024-11-22 12:29:58,665 - 2 - INFO - 2 -- message -- 
2024-11-22 12:29:58,667 - 2 - INFO - 2 -- message -- 
2024-11-22 12:29:58,669 - 2 - INFO - 2 -- message -- 
2024-11-22 12:29:58,672 - 2 - INFO - 2 -- message -- 
2024-11-22 12:29:58,675 - 2 - INFO - 2 -- message -- 
2024-11-22 12:29:58,677 - 2 - INFO - 2 -- message -- 
2024-11-22 12:29:58,680 - 2 - INFO - 2 -- message -- 
2024-11-22 12:29:58,683 - 2 - INFO - 2 -- message -- 
2024-11-22 12:29:58,685 - 2 - INFO - 2 -- message -- 
2024-11-22 12:29:58,688 - 2 - INFO - 2 -- message -- 
2024-11-22 12:29:58,690 - 2 - INFO - 2 -- message -- 
2024-11-22 12:29:58,693 - 2 - INFO - 2 -- message -- 
2024-11-22 12:29:58,695 - 2 - INFO - 2 -- message -- 
2024-11-22 12:29:58,698 - 2 - INFO - 2 -- message -- 
2024-11-22 12:29:58,700 - 2 - INFO - 2 -- message -- 
2024-11-22 12:29:58,703 - 2 - INFO - 2 -- message -- 
2024-11-22 12:29:58,706 - 2 - INFO - 2 -- message -- 
2024-11-22 12:29:58,708 - 2 - INFO - 2 -- message -- 
2024-11-22 12:29:58,711 - 2 - INFO - 2 -- message -- 
2024-11-22 12:29:58,714 - 2 - INFO - 2 -- message -- 
2024-11-22 12:29:58,716 - 2 - INFO - 2 -- message -- 
2024-11-22 12:29:58,718 - 2 - INFO - 2 -- message -- 
2024-11-22 12:29:58,721 - 2 - INFO - 2 -- message -- 
2024-11-22 12:29:58,723 - 2 - INFO - 2 -- message -- 
2024-11-22 12:29:58,726 - 2 - INFO - 2 -- message -- 
2024-11-22 12:29:58,729 - 2 - INFO - 2 -- message -- 
2024-11-22 12:29:58,731 - 2 - INFO - 2 -- message -- 
2024-11-22 12:29:58,734 - 2 - INFO - 2 -- message -- 
2024-11-22 12:29:58,736 - 2 - INFO - 2 -- message -- 
2024-11-22 12:29:58,739 - 2 - INFO - 2 -- message -- 
2024-11-22 12:29:58,742 - 2 - INFO - 2 -- message -- 
2024-11-22 12:29:58,745 - 2 - INFO - 2 -- message -- 
2024-11-22 12:29:58,747 - 2 - INFO - 2 -- message -- 
2024-11-22 12:29:58,750 - 2 - INFO - 2 -- message -- 
2024-11-22 12:29:58,752 - 2 - INFO - 2 -- message -- 
2024-11-22 12:29:58,755 - 2 - INFO - 2 -- message -- 
2024-11-22 12:29:58,757 - 2 - INFO - 2 -- message -- 
2024-11-22 12:29:58,760 - 2 - INFO - 2 -- message -- 
2024-11-22 12:29:58,763 - 2 - INFO - 2 -- message -- 
2024-11-22 12:29:58,765 - 2 - INFO - 2 -- message -- 
2024-11-22 12:29:58,767 - 2 - INFO - 2 -- message -- 
2024-11-22 12:29:58,770 - 2 - INFO - 2 -- message -- 
2024-11-22 12:29:58,772 - 2 - INFO - 2 -- message -- 
2024-11-22 12:29:58,775 - 2 - INFO - 2 -- message -- 
2024-11-22 12:29:58,778 - 2 - INFO - 2 -- message -- 
2024-11-22 12:29:58,781 - 2 - INFO - 2 -- message -- 
2024-11-22 12:29:58,784 - 2 - INFO - 2 -- message -- 
2024-11-22 12:29:58,786 - 2 - INFO - 2 -- message -- 
2024-11-22 12:29:58,788 - 2 - INFO - 2 -- message -- 
2024-11-22 12:29:58,792 - 2 - INFO - 2 -- message -- 
2024-11-22 12:29:58,795 - 2 - INFO - 2 -- message -- 
2024-11-22 12:29:58,798 - 2 - INFO - 2 -- message -- 
2024-11-22 12:29:58,800 - 2 - INFO - 2 -- message -- 
2024-11-22 12:29:58,803 - 2 - INFO - 2 -- message -- 
2024-11-22 12:29:58,806 - 2 - INFO - 2 -- message -- 
2024-11-22 12:29:58,809 - 2 - INFO - 2 -- message -- 
2024-11-22 12:29:58,811 - 2 - INFO - 2 -- message -- 
2024-11-22 12:29:58,814 - 2 - INFO - 2 -- message -- 
2024-11-22 12:29:58,816 - 2 - INFO - 2 -- message -- 
2024-11-22 12:29:58,819 - 2 - INFO - 2 -- message -- 
2024-11-22 12:29:58,821 - 2 - INFO - 2 -- message -- 
2024-11-22 12:29:58,824 - 2 - INFO - 2 -- message -- 
2024-11-22 12:29:58,827 - 2 - INFO - 2 -- message -- 
2024-11-22 12:29:58,829 - 2 - INFO - 2 -- message -- 
2024-11-22 12:29:58,831 - 2 - INFO - 2 -- message -- 
2024-11-22 12:29:58,833 - 2 - INFO - 2 -- message -- 
2024-11-22 12:29:58,836 - 2 - INFO - 2 -- message -- 
2024-11-22 12:29:58,838 - 2 - INFO - 2 -- message -- 
2024-11-22 12:29:58,842 - 2 - INFO - 2 -- message -- 
2024-11-22 12:29:58,844 - 2 - INFO - 2 -- message -- 
2024-11-22 12:29:58,847 - 2 - INFO - 2 -- message -- 
2024-11-22 12:29:58,849 - 2 - INFO - 2 -- message -- 
2024-11-22 12:29:58,851 - 2 - INFO - 2 -- message -- 
2024-11-22 12:29:58,854 - 2 - INFO - 2 -- message -- 
2024-11-22 12:29:58,857 - 2 - INFO - 2 -- message -- 
2024-11-22 12:29:58,860 - 2 - INFO - 2 -- message -- 
2024-11-22 12:29:58,862 - 2 - INFO - 2 -- message -- 
2024-11-22 12:29:58,865 - 2 - INFO - 2 -- message -- 
2024-11-22 12:29:58,867 - 2 - INFO - 2 -- message -- 
2024-11-22 12:29:58,869 - 2 - INFO - 2 -- message -- 
2024-11-22 12:29:58,872 - 2 - INFO - 2 -- message -- 
2024-11-22 12:29:58,875 - 2 - INFO - 2 -- message -- 
2024-11-22 12:29:58,877 - 2 - INFO - 2 -- message -- 
2024-11-22 12:29:58,880 - 2 - INFO - 2 -- message -- 
2024-11-22 12:29:58,882 - 2 - INFO - 2 -- message -- 
2024-11-22 12:29:58,884 - 2 - INFO - 2 -- message -- 
2024-11-22 12:29:58,888 - 2 - INFO - 2 -- message -- 
2024-11-22 12:29:58,890 - 2 - INFO - 2 -- message -- 
2024-11-22 12:29:58,893 - 2 - INFO - 2 -- message -- 
2024-11-22 12:29:58,896 - 2 - INFO - 2 -- message -- 
2024-11-22 12:29:58,898 - 2 - INFO - 2 -- message -- 
2024-11-22 12:29:58,901 - 2 - INFO - 2 -- message -- 
2024-11-22 12:29:58,903 - 2 - INFO - 2 -- message -- 
2024-11-22 12:29:58,906 - 2 - INFO - 2 -- message -- 
2024-11-22 12:29:58,908 - 2 - INFO - 2 -- message -- 
2024-11-22 12:29:58,912 - 2 - INFO - 2 -- message -- 
2024-11-22 12:29:58,914 - 2 - INFO - 2 -- message -- 
2024-11-22 12:29:58,917 - 2 - INFO - 2 -- message -- 
2024-11-22 12:29:58,920 - 2 - INFO - 2 -- message -- 
2024-11-22 12:29:58,923 - 2 - INFO - 2 -- message -- 
2024-11-22 12:29:58,926 - 2 - INFO - 2 -- message -- 
2024-11-22 12:29:58,928 - 2 - INFO - 2 -- message -- 
2024-11-22 12:29:58,931 - 2 - INFO - 2 -- message -- 
2024-11-22 12:29:58,934 - 2 - INFO - 2 -- message -- 
2024-11-22 12:29:58,937 - 2 - INFO - 2 -- message -- 
2024-11-22 12:29:58,940 - 2 - INFO - 2 -- message -- 
2024-11-22 12:29:58,943 - 2 - INFO - 2 -- message -- 
2024-11-22 12:29:58,945 - 2 - INFO - 2 -- message -- 
2024-11-22 12:29:58,948 - 2 - INFO - 2 -- message -- 
2024-11-22 12:29:58,951 - 2 - INFO - 2 -- message -- 
2024-11-22 12:29:58,953 - 2 - INFO - 2 -- message -- 
2024-11-22 12:29:58,956 - 2 - INFO - 2 -- message -- 
2024-11-22 12:29:58,959 - 2 - INFO - 2 -- message -- 
2024-11-22 12:29:58,961 - 2 - INFO - 2 -- message -- 
2024-11-22 12:29:58,964 - 2 - INFO - 2 -- message -- 
2024-11-22 12:29:58,967 - 2 - INFO - 2 -- message -- 
2024-11-22 12:29:58,969 - 2 - INFO - 2 -- message -- 
2024-11-22 12:29:58,972 - 2 - INFO - 2 -- message -- 
2024-11-22 12:29:58,974 - 2 - INFO - 2 -- message -- 
2024-11-22 12:29:58,977 - 2 - INFO - 2 -- message -- 
2024-11-22 12:29:58,979 - 2 - INFO - 2 -- message -- 
2024-11-22 12:29:58,982 - 2 - INFO - 2 -- message -- 
2024-11-22 12:29:58,985 - 2 - INFO - 2 -- message -- 
2024-11-22 12:29:58,987 - 2 - INFO - 2 -- message -- 
2024-11-22 12:29:58,990 - 2 - INFO - 2 -- message -- 
2024-11-22 12:29:58,993 - 2 - INFO - 2 -- message -- 
2024-11-22 12:29:58,996 - 2 - INFO - 2 -- message -- 
2024-11-22 12:29:58,998 - 2 - INFO - 2 -- message -- 
2024-11-22 12:29:59,001 - 2 - INFO - 2 -- message -- 
2024-11-22 12:29:59,003 - 2 - INFO - 2 -- message -- 
2024-11-22 12:29:59,006 - 2 - INFO - 2 -- message -- 
2024-11-22 12:29:59,009 - 2 - INFO - 2 -- message -- 
2024-11-22 12:29:59,012 - 2 - INFO - 2 -- message -- 
2024-11-22 12:29:59,014 - 2 - INFO - 2 -- message -- 
2024-11-22 12:29:59,016 - 2 - INFO - 2 -- message -- 
2024-11-22 12:29:59,019 - 2 - INFO - 2 -- message -- 
2024-11-22 12:29:59,021 - 2 - INFO - 2 -- message -- 
2024-11-22 12:29:59,024 - 2 - INFO - 2 -- message -- 
2024-11-22 12:29:59,027 - 2 - INFO - 2 -- message -- 
2024-11-22 12:29:59,030 - 2 - INFO - 2 -- message -- 
2024-11-22 12:29:59,032 - 2 - INFO - 2 -- message -- 
2024-11-22 12:29:59,035 - 2 - INFO - 2 -- message -- 
2024-11-22 12:29:59,037 - 2 - INFO - 2 -- message -- 
2024-11-22 12:29:59,040 - 2 - INFO - 2 -- message -- 
2024-11-22 12:29:59,043 - 2 - INFO - 2 -- message -- 
2024-11-22 12:29:59,045 - 2 - INFO - 2 -- message -- 
2024-11-22 12:29:59,048 - 2 - INFO - 2 -- message -- 
2024-11-22 12:29:59,050 - 2 - INFO - 2 -- message -- 
2024-11-22 12:29:59,053 - 2 - INFO - 2 -- message -- 
2024-11-22 12:29:59,056 - 2 - INFO - 2 -- message -- 
2024-11-22 12:29:59,059 - 2 - INFO - 2 -- message -- 
2024-11-22 12:29:59,062 - 2 - INFO - 2 -- message -- 
2024-11-22 12:29:59,064 - 2 - INFO - 2 -- message -- 
2024-11-22 12:29:59,067 - 2 - INFO - 2 -- message -- 
2024-11-22 12:29:59,069 - 2 - INFO - 2 -- message -- 
2024-11-22 12:29:59,072 - 2 - INFO - 2 -- message -- 
2024-11-22 12:29:59,074 - 2 - INFO - 2 -- message -- 
2024-11-22 12:29:59,077 - 2 - INFO - 2 -- message -- 
2024-11-22 12:29:59,080 - 2 - INFO - 2 -- message -- 
2024-11-22 12:29:59,082 - 2 - INFO - 2 -- message -- 
2024-11-22 12:29:59,085 - 2 - INFO - 2 -- message -- 
2024-11-22 12:29:59,087 - 2 - INFO - 2 -- message -- 
2024-11-22 12:29:59,090 - 2 - INFO - 2 -- message -- 
2024-11-22 12:29:59,092 - 2 - INFO - 2 -- message -- 
2024-11-22 12:29:59,096 - 2 - INFO - 2 -- message -- 
2024-11-22 12:29:59,098 - 2 - INFO - 2 -- message -- 
2024-11-22 12:29:59,101 - 2 - INFO - 2 -- message -- 
2024-11-22 12:29:59,103 - 2 - INFO - 2 -- message -- 
2024-11-22 12:29:59,106 - 2 - INFO - 2 -- message -- 
2024-11-22 12:29:59,109 - 2 - INFO - 2 -- message -- 
2024-11-22 12:29:59,112 - 2 - INFO - 2 -- message -- 
2024-11-22 12:29:59,114 - 2 - INFO - 2 -- message -- 
2024-11-22 12:29:59,116 - 2 - INFO - 2 -- message -- 
2024-11-22 12:29:59,119 - 2 - INFO - 2 -- message -- 
2024-11-22 12:29:59,121 - 2 - INFO - 2 -- message -- 
2024-11-22 12:29:59,124 - 2 - INFO - 2 -- message -- 
2024-11-22 12:29:59,127 - 2 - INFO - 2 -- message -- 
2024-11-22 12:29:59,130 - 2 - INFO - 2 -- message -- 
2024-11-22 12:29:59,133 - 2 - INFO - 2 -- message -- 
2024-11-22 12:29:59,135 - 2 - INFO - 2 -- message -- 
2024-11-22 12:29:59,138 - 2 - INFO - 2 -- message -- 
2024-11-22 12:29:59,140 - 2 - INFO - 2 -- message -- 
2024-11-22 12:29:59,143 - 2 - INFO - 2 -- message -- 
2024-11-22 12:29:59,146 - 2 - INFO - 2 -- message -- 
2024-11-22 12:29:59,148 - 2 - INFO - 2 -- message -- 
2024-11-22 12:29:59,150 - 2 - INFO - 2 -- message -- 
2024-11-22 12:29:59,153 - 2 - INFO - 2 -- message -- 
2024-11-22 12:29:59,156 - 2 - INFO - 2 -- message -- 
2024-11-22 12:29:59,158 - 2 - INFO - 2 -- message -- 
2024-11-22 12:29:59,161 - 2 - INFO - 2 -- message -- 
2024-11-22 12:29:59,164 - 2 - INFO - 2 -- message -- 
2024-11-22 12:29:59,166 - 2 - INFO - 2 -- message -- 
2024-11-22 12:29:59,169 - 2 - INFO - 2 -- message -- 
2024-11-22 12:29:59,171 - 2 - INFO - 2 -- message -- 
2024-11-22 12:29:59,175 - 2 - INFO - 2 -- message -- 
2024-11-22 12:29:59,177 - 2 - INFO - 2 -- message -- 
2024-11-22 12:29:59,180 - 2 - INFO - 2 -- message -- 
2024-11-22 12:29:59,182 - 2 - INFO - 2 -- message -- 
2024-11-22 12:29:59,185 - 2 - INFO - 2 -- message -- 
2024-11-22 12:29:59,187 - 2 - INFO - 2 -- message -- 
2024-11-22 12:29:59,190 - 2 - INFO - 2 -- message -- 
2024-11-22 12:29:59,193 - 2 - INFO - 2 -- message -- 
2024-11-22 12:29:59,195 - 2 - INFO - 2 -- message -- 
2024-11-22 12:29:59,198 - 2 - INFO - 2 -- message -- 
2024-11-22 12:29:59,200 - 2 - INFO - 2 -- message -- 
2024-11-22 12:29:59,203 - 2 - INFO - 2 -- message -- 
2024-11-22 12:29:59,206 - 2 - INFO - 2 -- message -- 
2024-11-22 12:29:59,208 - 2 - INFO - 2 -- message -- 
2024-11-22 12:29:59,211 - 2 - INFO - 2 -- message -- 
2024-11-22 12:29:59,213 - 2 - INFO - 2 -- message -- 
2024-11-22 12:29:59,215 - 2 - INFO - 2 -- message -- 
2024-11-22 12:29:59,218 - 2 - INFO - 2 -- message -- 
2024-11-22 12:29:59,221 - 2 - INFO - 2 -- message -- 
2024-11-22 12:29:59,224 - 2 - INFO - 2 -- message -- 
2024-11-22 12:29:59,227 - 2 - INFO - 2 -- message -- 
2024-11-22 12:29:59,229 - 2 - INFO - 2 -- message -- 
2024-11-22 12:29:59,232 - 2 - INFO - 2 -- message -- 
2024-11-22 12:29:59,234 - 2 - INFO - 2 -- message -- 
2024-11-22 12:29:59,237 - 2 - INFO - 2 -- message -- 
2024-11-22 12:29:59,240 - 2 - INFO - 2 -- message -- 
2024-11-22 12:29:59,242 - 2 - INFO - 2 -- message -- 
2024-11-22 12:29:59,245 - 2 - INFO - 2 -- message -- 
2024-11-22 12:29:59,248 - 2 - INFO - 2 -- message -- 
2024-11-22 12:29:59,251 - 2 - INFO - 2 -- message -- 
2024-11-22 12:29:59,253 - 2 - INFO - 2 -- message -- 
2024-11-22 12:29:59,256 - 2 - INFO - 2 -- message -- 
2024-11-22 12:29:59,258 - 2 - INFO - 2 -- message -- 
2024-11-22 12:29:59,261 - 2 - INFO - 2 -- message -- 
2024-11-22 12:29:59,263 - 2 - INFO - 2 -- message -- 
2024-11-22 12:29:59,266 - 2 - INFO - 2 -- message -- 
2024-11-22 12:29:59,269 - 2 - INFO - 2 -- message -- 
2024-11-22 12:29:59,272 - 2 - INFO - 2 -- message -- 
