2024-11-14 01:18:54,145 - 0 - INFO - Connected to Player 0
2024-11-14 01:18:54,166 - 0 - INFO - add client
2024-11-14 01:18:59,737 - 0 - INFO - 0 -- message -- WELCOME
2024-11-14 01:18:59,739 - 0 - INFO - 0 -- NEXTLEVEL
2024-11-14 01:19:02,772 - 0 - INFO - 0 -- message -- READYTOPLAY
2024-11-14 01:19:02,774 - 0 - INFO - 0 -- GAME
2024-11-14 01:19:05,778 - 0 - INFO - 0 -- message -- PLAY 46
2024-11-14 01:19:05,781 - 0 - INFO - 0 -- PLAY -- 46
2024-11-14 01:19:05,795 - 0 - INFO - 0 -- broadcast -- CARD 0,46
2024-11-14 01:19:12,868 - 0 - INFO - 0 -- message -- WELCOME
2024-11-14 01:19:12,870 - 0 - INFO - 0 -- NEXTLEVEL
2024-11-14 01:19:16,018 - 0 - INFO - 0 -- message -- READYTOPLAY
2024-11-14 01:19:16,020 - 0 - INFO - 0 -- GAME
2024-11-14 01:19:24,955 - 0 - INFO - 0 -- message -- MISTAKE
2024-11-14 01:19:24,959 - 0 - INFO - 0 -- MISTAKE
2024-11-14 01:19:30,966 - 0 - INFO - 0 -- message -- PLAY 51
2024-11-14 01:19:30,967 - 0 - INFO - 0 -- PLAY -- 51
2024-11-14 01:19:30,977 - 0 - INFO - 0 -- broadcast -- CARD 0,51
2024-11-14 01:19:53,599 - 0 - INFO - 0 -- message -- WELCOME
2024-11-14 01:19:53,600 - 0 - INFO - 0 -- NEXTLEVEL
2024-11-14 01:19:55,359 - 0 - INFO - 0 -- message -- READYTOPLAY
2024-11-14 01:19:55,362 - 0 - INFO - 0 -- GAME
2024-11-14 01:20:01,475 - 0 - INFO - 0 -- message -- PLAY 29
2024-11-14 01:20:01,477 - 0 - INFO - 0 -- PLAY -- 29
2024-11-14 01:20:01,490 - 0 - INFO - 0 -- broadcast -- CARD 0,29
2024-11-14 01:20:05,474 - 0 - INFO - 0 -- message -- MISTAKE
2024-11-14 01:20:05,477 - 0 - INFO - 0 -- MISTAKE
2024-11-14 01:20:13,194 - 0 - INFO - 0 -- message -- PLAY 61
2024-11-14 01:20:13,196 - 0 - INFO - 0 -- PLAY -- 61
2024-11-14 01:20:13,201 - 0 - INFO - 0 -- broadcast -- CARD 0,61
2024-11-14 01:20:15,819 - 0 - INFO - 0 -- message -- PLAY 94
2024-11-14 01:20:15,821 - 0 - INFO - 0 -- PLAY -- 94
2024-11-14 01:20:15,833 - 0 - INFO - 0 -- broadcast -- CARD 0,94
2024-11-14 01:20:20,806 - 0 - INFO - 0 -- message -- WELCOME
2024-11-14 01:20:20,808 - 0 - INFO - 0 -- NEXTLEVEL
2024-11-14 01:20:22,679 - 0 - INFO - 0 -- message -- READYTOPLAY
2024-11-14 01:20:22,682 - 0 - INFO - 0 -- GAME
2024-11-14 01:20:26,571 - 0 - INFO - 0 -- message -- PLAY 13
2024-11-14 01:20:26,573 - 0 - INFO - 0 -- PLAY -- 13
2024-11-14 01:20:26,583 - 0 - INFO - 0 -- broadcast -- CARD 0,13
2024-11-14 01:20:28,746 - 0 - INFO - 0 -- message -- PLAY 20
2024-11-14 01:20:28,748 - 0 - INFO - 0 -- PLAY -- 20
2024-11-14 01:20:28,761 - 0 - INFO - 0 -- broadcast -- CARD 0,20
2024-11-14 01:20:42,750 - 0 - INFO - 0 -- message -- PLAY 53
2024-11-14 01:20:42,751 - 0 - INFO - 0 -- PLAY -- 53
2024-11-14 01:20:42,765 - 0 - INFO - 0 -- broadcast -- CARD 0,53
2024-11-14 01:20:52,591 - 0 - INFO - 0 -- message -- WELCOME
2024-11-14 01:20:52,593 - 0 - INFO - 0 -- NEXTLEVEL
2024-11-14 01:20:58,417 - 0 - INFO - 0 -- message -- READYTOPLAY
2024-11-14 01:20:58,419 - 0 - INFO - 0 -- GAME
2024-11-14 01:21:01,517 - 0 - INFO - 0 -- message -- PLAY 64
2024-11-14 01:21:01,521 - 0 - INFO - 0 -- PLAY -- 64
2024-11-14 01:21:01,537 - 0 - INFO - 0 -- broadcast -- CARD 0,64
2024-11-14 01:21:29,342 - 0 - INFO - 0 -- message -- WELCOME
2024-11-14 01:21:29,344 - 0 - INFO - 0 -- NEXTLEVEL
2024-11-14 01:21:31,192 - 0 - INFO - 0 -- message -- READYTOPLAY
2024-11-14 01:21:31,194 - 0 - INFO - 0 -- GAME
2024-11-14 01:21:33,342 - 0 - INFO - 0 -- message -- PLAY 7
2024-11-14 01:21:33,343 - 0 - INFO - 0 -- PLAY -- 7
2024-11-14 01:21:33,357 - 0 - INFO - 0 -- broadcast -- CARD 0,7
2024-11-14 01:21:36,312 - 0 - INFO - 0 -- message -- MISTAKE
2024-11-14 01:21:36,313 - 0 - INFO - 0 -- MISTAKE
2024-11-14 01:21:39,377 - 0 - INFO - 0 -- message -- PLAY 82
2024-11-14 01:21:39,379 - 0 - INFO - 0 -- PLAY -- 82
2024-11-14 01:21:39,395 - 0 - INFO - 0 -- broadcast -- CARD 0,82
2024-11-14 01:21:49,119 - 0 - INFO - 0 -- message -- WELCOME
2024-11-14 01:21:49,121 - 0 - INFO - 0 -- NEXTLEVEL
2024-11-14 01:21:51,773 - 0 - INFO - 0 -- message -- READYTOPLAY
2024-11-14 01:21:51,775 - 0 - INFO - 0 -- GAME
2024-11-14 01:21:54,738 - 0 - INFO - 0 -- message -- PLAY 23
2024-11-14 01:21:54,739 - 0 - INFO - 0 -- PLAY -- 23
2024-11-14 01:21:54,752 - 0 - INFO - 0 -- broadcast -- CARD 0,23
2024-11-14 01:21:56,167 - 0 - INFO - 0 -- message -- PLAY 27
2024-11-14 01:21:56,169 - 0 - INFO - 0 -- PLAY -- 27
2024-11-14 01:21:56,179 - 0 - INFO - 0 -- broadcast -- CARD 0,27
2024-11-14 01:22:00,273 - 0 - INFO - 0 -- message -- PLAY 46
2024-11-14 01:22:00,275 - 0 - INFO - 0 -- PLAY -- 46
2024-11-14 01:22:00,288 - 0 - INFO - 0 -- broadcast -- CARD 0,46
2024-11-14 01:22:09,407 - 0 - INFO - 0 -- message -- WELCOME
2024-11-14 01:22:09,409 - 0 - INFO - 0 -- NEXTLEVEL
2024-11-14 01:22:12,905 - 0 - INFO - 0 -- message -- READYTOPLAY
2024-11-14 01:22:12,905 - 0 - INFO - 0 -- GAME
