2024-11-14 01:18:57,641 - 1 - INFO - Connected to Player 1
2024-11-14 01:18:57,659 - 1 - INFO - add client
2024-11-14 01:18:59,326 - 1 - INFO - 1 -- message -- WELCOME
2024-11-14 01:18:59,328 - 1 - INFO - 1 -- NEXTLEVEL
2024-11-14 01:19:03,124 - 1 - INFO - 1 -- message -- READYTOPLAY
2024-11-14 01:19:03,127 - 1 - INFO - 1 -- GAME
2024-11-14 01:19:08,849 - 1 - INFO - 1 -- message -- PLAY 79
2024-11-14 01:19:08,851 - 1 - INFO - 1 -- PLAY -- 79
2024-11-14 01:19:08,863 - 1 - INFO - 1 -- broadcast -- CARD 1,79
2024-11-14 01:19:13,421 - 1 - INFO - 1 -- message -- WELCOME
2024-11-14 01:19:13,422 - 1 - INFO - 1 -- NEXTLEVEL
2024-11-14 01:19:16,734 - 1 - INFO - 1 -- message -- READYTOPLAY
2024-11-14 01:19:16,736 - 1 - INFO - 1 -- GAME
2024-11-14 01:19:18,936 - 1 - INFO - 1 -- message -- PLAY 37
2024-11-14 01:19:18,939 - 1 - INFO - 1 -- PLAY -- 37
2024-11-14 01:19:18,944 - 1 - INFO - 1 -- MISTAKE
2024-11-14 01:19:18,949 - 1 - INFO - 1 -- broadcast -- MISTAKE 37
2024-11-14 01:19:25,173 - 1 - INFO - 1 -- message -- MISTAKE
2024-11-14 01:19:31,478 - 1 - INFO - 1 -- message -- PLAY 73
2024-11-14 01:19:31,480 - 1 - INFO - 1 -- PLAY -- 73
2024-11-14 01:19:31,493 - 1 - INFO - 1 -- broadcast -- CARD 1,73
2024-11-14 01:19:52,984 - 1 - INFO - 1 -- message -- WELCOME
2024-11-14 01:19:52,985 - 1 - INFO - 1 -- NEXTLEVEL
2024-11-14 01:19:54,827 - 1 - INFO - 1 -- message -- READYTOPLAY
2024-11-14 01:19:54,829 - 1 - INFO - 1 -- GAME
2024-11-14 01:20:04,758 - 1 - INFO - 1 -- message -- MISTAKE
2024-11-14 01:20:04,762 - 1 - INFO - 1 -- MISTAKE
2024-11-14 01:20:09,880 - 1 - INFO - 1 -- message -- PLAY 38
2024-11-14 01:20:09,881 - 1 - INFO - 1 -- PLAY -- 38
2024-11-14 01:20:09,893 - 1 - INFO - 1 -- broadcast -- CARD 1,38
2024-11-14 01:20:12,382 - 1 - INFO - 1 -- message -- PLAY 60
2024-11-14 01:20:12,384 - 1 - INFO - 1 -- PLAY -- 60
2024-11-14 01:20:12,396 - 1 - INFO - 1 -- broadcast -- CARD 1,60
2024-11-14 01:20:20,325 - 1 - INFO - 1 -- message -- WELCOME
2024-11-14 01:20:20,327 - 1 - INFO - 1 -- NEXTLEVEL
2024-11-14 01:20:22,167 - 1 - INFO - 1 -- message -- READYTOPLAY
2024-11-14 01:20:22,170 - 1 - INFO - 1 -- GAME
2024-11-14 01:20:23,918 - 1 - INFO - 1 -- message -- PLAY 8
2024-11-14 01:20:23,921 - 1 - INFO - 1 -- PLAY -- 8
2024-11-14 01:20:23,936 - 1 - INFO - 1 -- broadcast -- CARD 1,8
2024-11-14 01:20:28,949 - 1 - INFO - 1 -- message -- PLAY 24
2024-11-14 01:20:28,950 - 1 - INFO - 1 -- PLAY -- 24
2024-11-14 01:20:28,966 - 1 - INFO - 1 -- broadcast -- CARD 1,24
2024-11-14 01:20:30,460 - 1 - INFO - 1 -- message -- PLAY 28
2024-11-14 01:20:30,462 - 1 - INFO - 1 -- PLAY -- 28
2024-11-14 01:20:30,480 - 1 - INFO - 1 -- broadcast -- CARD 1,28
2024-11-14 01:20:46,027 - 1 - INFO - 1 -- message -- PLAY 89
2024-11-14 01:20:46,030 - 1 - INFO - 1 -- PLAY -- 89
2024-11-14 01:20:46,035 - 1 - INFO - 1 -- GAMEOVER
2024-11-14 01:20:46,043 - 1 - INFO - 1 -- broadcast -- GAMEOVER
2024-11-14 01:20:52,092 - 1 - INFO - 1 -- message -- WELCOME
2024-11-14 01:20:52,094 - 1 - INFO - 1 -- NEXTLEVEL
2024-11-14 01:20:57,378 - 1 - INFO - 1 -- message -- READYTOPLAY
2024-11-14 01:20:57,381 - 1 - INFO - 1 -- GAME
2024-11-14 01:21:02,923 - 1 - INFO - 1 -- message -- PLAY 99
2024-11-14 01:21:02,925 - 1 - INFO - 1 -- PLAY -- 99
2024-11-14 01:21:02,940 - 1 - INFO - 1 -- broadcast -- CARD 1,99
2024-11-14 01:21:29,032 - 1 - INFO - 1 -- message -- WELCOME
2024-11-14 01:21:29,035 - 1 - INFO - 1 -- NEXTLEVEL
2024-11-14 01:21:31,932 - 1 - INFO - 1 -- message -- READYTOPLAY
2024-11-14 01:21:31,935 - 1 - INFO - 1 -- GAME
2024-11-14 01:21:35,414 - 1 - INFO - 1 -- message -- MISTAKE
2024-11-14 01:21:35,415 - 1 - INFO - 1 -- MISTAKE
2024-11-14 01:21:49,808 - 1 - INFO - 1 -- message -- WELCOME
2024-11-14 01:21:49,810 - 1 - INFO - 1 -- NEXTLEVEL
2024-11-14 01:21:51,399 - 1 - INFO - 1 -- message -- READYTOPLAY
2024-11-14 01:21:51,402 - 1 - INFO - 1 -- GAME
2024-11-14 01:22:01,907 - 1 - INFO - 1 -- message -- PLAY 49
2024-11-14 01:22:01,909 - 1 - INFO - 1 -- PLAY -- 49
2024-11-14 01:22:01,917 - 1 - INFO - 1 -- broadcast -- CARD 1,49
2024-11-14 01:22:03,651 - 1 - INFO - 1 -- message -- PLAY 64
2024-11-14 01:22:03,654 - 1 - INFO - 1 -- PLAY -- 64
2024-11-14 01:22:03,665 - 1 - INFO - 1 -- broadcast -- CARD 1,64
2024-11-14 01:22:04,582 - 1 - INFO - 1 -- message -- PLAY 73
2024-11-14 01:22:04,583 - 1 - INFO - 1 -- PLAY -- 73
2024-11-14 01:22:04,595 - 1 - INFO - 1 -- broadcast -- CARD 1,73
2024-11-14 01:22:08,868 - 1 - INFO - 1 -- message -- WELCOME
2024-11-14 01:22:08,870 - 1 - INFO - 1 -- NEXTLEVEL
2024-11-14 01:22:10,469 - 1 - INFO - 1 -- message -- READYTOPLAY
2024-11-14 01:22:10,470 - 1 - INFO - 1 -- GAME
2024-11-14 01:22:20,166 - 1 - INFO - 1 -- message -- PLAY 2
2024-11-14 01:22:20,168 - 1 - INFO - 1 -- PLAY -- 2
2024-11-14 01:22:20,181 - 1 - INFO - 1 -- broadcast -- CARD 1,2
2024-11-14 01:22:21,674 - 1 - INFO - 1 -- message -- PLAY 6
2024-11-14 01:22:21,676 - 1 - INFO - 1 -- PLAY -- 6
2024-11-14 01:22:21,688 - 1 - INFO - 1 -- broadcast -- CARD 1,6
