2024-11-14 01:18:55,308 - 2 - INFO - Connected to Player 2
2024-11-14 01:18:55,325 - 2 - INFO - add client
2024-11-14 01:18:59,482 - 2 - INFO - 2 -- message -- WELCOME
2024-11-14 01:18:59,484 - 2 - INFO - 2 -- NEXTLEVEL
2024-11-14 01:19:02,091 - 2 - INFO - 2 -- message -- READYTOPLAY
2024-11-14 01:19:02,093 - 2 - INFO - 2 -- GAME
2024-11-14 01:19:04,754 - 2 - INFO - 2 -- message -- PLAY 24
2024-11-14 01:19:04,756 - 2 - INFO - 2 -- PLAY -- 24
2024-11-14 01:19:04,773 - 2 - INFO - 2 -- broadcast -- CARD 2,24
2024-11-14 01:19:12,449 - 2 - INFO - 2 -- message -- WELCOME
2024-11-14 01:19:12,451 - 2 - INFO - 2 -- NEXTLEVEL
2024-11-14 01:19:16,529 - 2 - INFO - 2 -- message -- READYTOPLAY
2024-11-14 01:19:16,531 - 2 - INFO - 2 -- GAME
2024-11-14 01:19:25,727 - 2 - INFO - 2 -- message -- MISTAKE
2024-11-14 01:19:25,729 - 2 - INFO - 2 -- MISTAKE
2024-11-14 01:19:53,188 - 2 - INFO - 2 -- message -- WELCOME
2024-11-14 01:19:53,190 - 2 - INFO - 2 -- NEXTLEVEL
2024-11-14 01:19:55,028 - 2 - INFO - 2 -- message -- READYTOPLAY
2024-11-14 01:19:55,030 - 2 - INFO - 2 -- GAME
2024-11-14 01:20:03,122 - 2 - INFO - 2 -- message -- PLAY 36
2024-11-14 01:20:03,123 - 2 - INFO - 2 -- PLAY -- 36
2024-11-14 01:20:03,129 - 2 - INFO - 2 -- MISTAKE
2024-11-14 01:20:03,138 - 2 - INFO - 2 -- broadcast -- MISTAKE 36
2024-11-14 01:20:04,758 - 2 - INFO - 2 -- message -- MISTAKE
2024-11-14 01:20:11,621 - 2 - INFO - 2 -- message -- PLAY 52
2024-11-14 01:20:11,623 - 2 - INFO - 2 -- PLAY -- 52
2024-11-14 01:20:11,635 - 2 - INFO - 2 -- broadcast -- CARD 2,52
2024-11-14 01:20:14,541 - 2 - INFO - 2 -- message -- PLAY 87
2024-11-14 01:20:14,543 - 2 - INFO - 2 -- PLAY -- 87
2024-11-14 01:20:14,555 - 2 - INFO - 2 -- broadcast -- CARD 2,87
2024-11-14 01:20:20,420 - 2 - INFO - 2 -- message -- WELCOME
2024-11-14 01:20:20,421 - 2 - INFO - 2 -- NEXTLEVEL
2024-11-14 01:20:22,212 - 2 - INFO - 2 -- message -- READYTOPLAY
2024-11-14 01:20:22,214 - 2 - INFO - 2 -- GAME
2024-11-14 01:20:24,066 - 2 - INFO - 2 -- message -- PLAY 11
2024-11-14 01:20:24,068 - 2 - INFO - 2 -- PLAY -- 11
2024-11-14 01:20:24,081 - 2 - INFO - 2 -- broadcast -- CARD 2,11
2024-11-14 01:20:26,775 - 2 - INFO - 2 -- message -- PLAY 14
2024-11-14 01:20:26,777 - 2 - INFO - 2 -- PLAY -- 14
2024-11-14 01:20:26,790 - 2 - INFO - 2 -- broadcast -- CARD 2,14
2024-11-14 01:20:35,787 - 2 - INFO - 2 -- message -- PLAY 42
2024-11-14 01:20:35,789 - 2 - INFO - 2 -- PLAY -- 42
2024-11-14 01:20:35,797 - 2 - INFO - 2 -- broadcast -- CARD 2,42
2024-11-14 01:20:45,002 - 2 - INFO - 2 -- message -- PLAY 59
2024-11-14 01:20:45,005 - 2 - INFO - 2 -- PLAY -- 59
2024-11-14 01:20:45,018 - 2 - INFO - 2 -- broadcast -- CARD 2,59
2024-11-14 01:20:51,974 - 2 - INFO - 2 -- message -- WELCOME
2024-11-14 01:20:51,976 - 2 - INFO - 2 -- NEXTLEVEL
2024-11-14 01:20:57,701 - 2 - INFO - 2 -- message -- READYTOPLAY
2024-11-14 01:20:57,703 - 2 - INFO - 2 -- GAME
2024-11-14 01:21:02,030 - 2 - INFO - 2 -- message -- PLAY 90
2024-11-14 01:21:02,032 - 2 - INFO - 2 -- PLAY -- 90
2024-11-14 01:21:02,046 - 2 - INFO - 2 -- broadcast -- CARD 2,90
2024-11-14 01:21:28,554 - 2 - INFO - 2 -- message -- WELCOME
2024-11-14 01:21:28,556 - 2 - INFO - 2 -- NEXTLEVEL
2024-11-14 01:21:31,542 - 2 - INFO - 2 -- message -- READYTOPLAY
2024-11-14 01:21:31,544 - 2 - INFO - 2 -- GAME
2024-11-14 01:21:33,800 - 2 - INFO - 2 -- message -- PLAY 36
2024-11-14 01:21:33,802 - 2 - INFO - 2 -- PLAY -- 36
2024-11-14 01:21:33,808 - 2 - INFO - 2 -- MISTAKE
2024-11-14 01:21:33,819 - 2 - INFO - 2 -- broadcast -- MISTAKE 36
2024-11-14 01:21:42,440 - 2 - INFO - 2 -- message -- PLAY 84
2024-11-14 01:21:42,441 - 2 - INFO - 2 -- PLAY -- 84
2024-11-14 01:21:42,446 - 2 - INFO - 2 -- broadcast -- CARD 2,84
2024-11-14 01:21:49,514 - 2 - INFO - 2 -- message -- WELCOME
2024-11-14 01:21:49,514 - 2 - INFO - 2 -- NEXTLEVEL
2024-11-14 01:21:50,975 - 2 - INFO - 2 -- message -- READYTOPLAY
2024-11-14 01:21:50,976 - 2 - INFO - 2 -- GAME
2024-11-14 01:21:53,775 - 2 - INFO - 2 -- message -- PLAY 16
2024-11-14 01:21:53,777 - 2 - INFO - 2 -- PLAY -- 16
2024-11-14 01:21:53,788 - 2 - INFO - 2 -- broadcast -- CARD 2,16
2024-11-14 01:21:57,911 - 2 - INFO - 2 -- message -- PLAY 35
2024-11-14 01:21:57,913 - 2 - INFO - 2 -- PLAY -- 35
2024-11-14 01:21:57,925 - 2 - INFO - 2 -- broadcast -- CARD 2,35
2024-11-14 01:22:05,678 - 2 - INFO - 2 -- message -- PLAY 81
2024-11-14 01:22:05,680 - 2 - INFO - 2 -- PLAY -- 81
2024-11-14 01:22:05,693 - 2 - INFO - 2 -- broadcast -- CARD 2,81
2024-11-14 01:22:09,176 - 2 - INFO - 2 -- message -- WELCOME
2024-11-14 01:22:09,178 - 2 - INFO - 2 -- NEXTLEVEL
2024-11-14 01:22:11,798 - 2 - INFO - 2 -- message -- READYTOPLAY
2024-11-14 01:22:11,800 - 2 - INFO - 2 -- GAME
