2024-11-14 01:18:50,277 - gameManager - INFO - START
2024-11-14 01:18:59,742 - gameManager - INFO - NEXTLEVEL
2024-11-14 01:18:59,749 - gameManager - INFO - broadcast -- NEXTLEVEL
2024-11-14 01:19:03,128 - gameManager - INFO - GAME
2024-11-14 01:19:03,134 - gameManager - INFO - broadcast -- GAME
2024-11-14 01:19:08,865 - gameManager - INFO - level: 2
2024-11-14 01:19:10,869 - gameManager - INFO - WELCOME
2024-11-14 01:19:10,870 - gameManager - INFO - cards: [[46], [79], [24]]
2024-11-14 01:19:10,878 - gameManager - INFO - broadcast -- WELCOME [[46], [79], [24]]
2024-11-14 01:19:13,424 - gameManager - INFO - NEXTLEVEL
2024-11-14 01:19:13,431 - gameManager - INFO - broadcast -- NEXTLEVEL
2024-11-14 01:19:16,774 - gameManager - INFO - GAME
2024-11-14 01:19:16,780 - gameManager - INFO - broadcast -- GAME
2024-11-14 01:19:25,733 - gameManager - INFO - end MISTAKE
2024-11-14 01:19:25,737 - gameManager - INFO - broadcast -- GAME
2024-11-14 01:19:31,486 - gameManager - INFO - level: 3
2024-11-14 01:19:33,488 - gameManager - INFO - WELCOME
2024-11-14 01:19:33,489 - gameManager - INFO - cards: [[29, 51], [37, 73], [20, 25]]
2024-11-14 01:19:33,497 - gameManager - INFO - broadcast -- WELCOME [[29, 51], [37, 73], [20, 25]]
2024-11-14 01:19:53,603 - gameManager - INFO - NEXTLEVEL
2024-11-14 01:19:53,611 - gameManager - INFO - broadcast -- NEXTLEVEL
2024-11-14 01:19:55,369 - gameManager - INFO - GAME
2024-11-14 01:19:55,375 - gameManager - INFO - broadcast -- GAME
2024-11-14 01:20:05,488 - gameManager - INFO - end MISTAKE
2024-11-14 01:20:05,496 - gameManager - INFO - broadcast -- GAME
2024-11-14 01:20:15,833 - gameManager - INFO - level: 4
2024-11-14 01:20:17,836 - gameManager - INFO - WELCOME
2024-11-14 01:20:17,836 - gameManager - INFO - cards: [[29, 61, 94], [32, 38, 60], [36, 52, 87]]
2024-11-14 01:20:17,844 - gameManager - INFO - broadcast -- WELCOME [[29, 61, 94], [32, 38, 60], [36, 52, 87]]
2024-11-14 01:20:20,809 - gameManager - INFO - NEXTLEVEL
2024-11-14 01:20:20,817 - gameManager - INFO - broadcast -- NEXTLEVEL
2024-11-14 01:20:22,684 - gameManager - INFO - GAME
2024-11-14 01:20:22,691 - gameManager - INFO - broadcast -- GAME
2024-11-14 01:20:49,202 - gameManager - INFO - GAMEOVER
2024-11-14 01:20:49,204 - gameManager - INFO - broadcast -- WELCOME
2024-11-14 01:20:52,598 - gameManager - INFO - NEXTLEVEL
2024-11-14 01:20:52,607 - gameManager - INFO - broadcast -- NEXTLEVEL
2024-11-14 01:20:58,422 - gameManager - INFO - GAME
2024-11-14 01:20:58,429 - gameManager - INFO - broadcast -- GAME
2024-11-14 01:21:02,940 - gameManager - INFO - level: 2
2024-11-14 01:21:04,944 - gameManager - INFO - WELCOME
2024-11-14 01:21:04,945 - gameManager - INFO - cards: [[64], [99], [90]]
2024-11-14 01:21:04,953 - gameManager - INFO - broadcast -- WELCOME [[64], [99], [90]]
2024-11-14 01:21:29,347 - gameManager - INFO - NEXTLEVEL
2024-11-14 01:21:29,354 - gameManager - INFO - broadcast -- NEXTLEVEL
2024-11-14 01:21:31,939 - gameManager - INFO - GAME
2024-11-14 01:21:31,944 - gameManager - INFO - broadcast -- GAME
2024-11-14 01:21:36,316 - gameManager - INFO - end MISTAKE
2024-11-14 01:21:36,319 - gameManager - INFO - broadcast -- GAME
2024-11-14 01:21:39,386 - gameManager - INFO - only player2 as cards
2024-11-14 01:21:39,396 - gameManager - INFO - broadcast -- LAST
2024-11-14 01:21:39,405 - gameManager - INFO - only player2 as cards
2024-11-14 01:21:39,413 - gameManager - INFO - broadcast -- LAST
2024-11-14 01:21:39,421 - gameManager - INFO - only player2 as cards
2024-11-14 01:21:39,428 - gameManager - INFO - broadcast -- LAST
2024-11-14 01:21:39,436 - gameManager - INFO - only player2 as cards
2024-11-14 01:21:39,444 - gameManager - INFO - broadcast -- LAST
2024-11-14 01:21:39,454 - gameManager - INFO - only player2 as cards
2024-11-14 01:21:39,462 - gameManager - INFO - broadcast -- LAST
2024-11-14 01:21:39,472 - gameManager - INFO - only player2 as cards
2024-11-14 01:21:39,479 - gameManager - INFO - broadcast -- LAST
2024-11-14 01:21:39,490 - gameManager - INFO - only player2 as cards
2024-11-14 01:21:39,498 - gameManager - INFO - broadcast -- LAST
2024-11-14 01:21:39,507 - gameManager - INFO - only player2 as cards
2024-11-14 01:21:39,515 - gameManager - INFO - broadcast -- LAST
2024-11-14 01:21:39,529 - gameManager - INFO - only player2 as cards
2024-11-14 01:21:39,537 - gameManager - INFO - broadcast -- LAST
2024-11-14 01:21:39,545 - gameManager - INFO - only player2 as cards
2024-11-14 01:21:39,552 - gameManager - INFO - broadcast -- LAST
2024-11-14 01:21:39,561 - gameManager - INFO - only player2 as cards
2024-11-14 01:21:39,568 - gameManager - INFO - broadcast -- LAST
2024-11-14 01:21:39,577 - gameManager - INFO - only player2 as cards
2024-11-14 01:21:39,584 - gameManager - INFO - broadcast -- LAST
2024-11-14 01:21:39,594 - gameManager - INFO - only player2 as cards
2024-11-14 01:21:39,601 - gameManager - INFO - broadcast -- LAST
2024-11-14 01:21:39,611 - gameManager - INFO - only player2 as cards
2024-11-14 01:21:39,617 - gameManager - INFO - broadcast -- LAST
2024-11-14 01:21:39,628 - gameManager - INFO - only player2 as cards
2024-11-14 01:21:39,634 - gameManager - INFO - broadcast -- LAST
2024-11-14 01:21:39,644 - gameManager - INFO - only player2 as cards
2024-11-14 01:21:39,651 - gameManager - INFO - broadcast -- LAST
2024-11-14 01:21:39,661 - gameManager - INFO - only player2 as cards
2024-11-14 01:21:39,669 - gameManager - INFO - broadcast -- LAST
2024-11-14 01:21:39,678 - gameManager - INFO - only player2 as cards
2024-11-14 01:21:39,685 - gameManager - INFO - broadcast -- LAST
2024-11-14 01:21:39,696 - gameManager - INFO - only player2 as cards
2024-11-14 01:21:39,703 - gameManager - INFO - broadcast -- LAST
2024-11-14 01:21:39,714 - gameManager - INFO - only player2 as cards
2024-11-14 01:21:39,720 - gameManager - INFO - broadcast -- LAST
2024-11-14 01:21:39,731 - gameManager - INFO - only player2 as cards
2024-11-14 01:21:39,738 - gameManager - INFO - broadcast -- LAST
2024-11-14 01:21:39,748 - gameManager - INFO - only player2 as cards
2024-11-14 01:21:39,756 - gameManager - INFO - broadcast -- LAST
2024-11-14 01:21:39,766 - gameManager - INFO - only player2 as cards
2024-11-14 01:21:39,775 - gameManager - INFO - broadcast -- LAST
2024-11-14 01:21:39,785 - gameManager - INFO - only player2 as cards
2024-11-14 01:21:39,792 - gameManager - INFO - broadcast -- LAST
2024-11-14 01:21:39,801 - gameManager - INFO - only player2 as cards
2024-11-14 01:21:39,809 - gameManager - INFO - broadcast -- LAST
2024-11-14 01:21:39,818 - gameManager - INFO - only player2 as cards
2024-11-14 01:21:39,826 - gameManager - INFO - broadcast -- LAST
2024-11-14 01:21:39,835 - gameManager - INFO - only player2 as cards
2024-11-14 01:21:39,843 - gameManager - INFO - broadcast -- LAST
2024-11-14 01:21:39,852 - gameManager - INFO - only player2 as cards
2024-11-14 01:21:39,859 - gameManager - INFO - broadcast -- LAST
2024-11-14 01:21:39,868 - gameManager - INFO - only player2 as cards
2024-11-14 01:21:39,875 - gameManager - INFO - broadcast -- LAST
2024-11-14 01:21:39,885 - gameManager - INFO - only player2 as cards
2024-11-14 01:21:39,893 - gameManager - INFO - broadcast -- LAST
2024-11-14 01:21:39,903 - gameManager - INFO - only player2 as cards
2024-11-14 01:21:39,911 - gameManager - INFO - broadcast -- LAST
2024-11-14 01:21:39,920 - gameManager - INFO - only player2 as cards
2024-11-14 01:21:39,927 - gameManager - INFO - broadcast -- LAST
2024-11-14 01:21:39,937 - gameManager - INFO - only player2 as cards
2024-11-14 01:21:39,945 - gameManager - INFO - broadcast -- LAST
2024-11-14 01:21:39,955 - gameManager - INFO - only player2 as cards
2024-11-14 01:21:39,963 - gameManager - INFO - broadcast -- LAST
2024-11-14 01:21:39,973 - gameManager - INFO - only player2 as cards
2024-11-14 01:21:39,981 - gameManager - INFO - broadcast -- LAST
2024-11-14 01:21:39,990 - gameManager - INFO - only player2 as cards
2024-11-14 01:21:39,997 - gameManager - INFO - broadcast -- LAST
2024-11-14 01:21:40,007 - gameManager - INFO - only player2 as cards
2024-11-14 01:21:40,015 - gameManager - INFO - broadcast -- LAST
2024-11-14 01:21:40,027 - gameManager - INFO - only player2 as cards
2024-11-14 01:21:40,036 - gameManager - INFO - broadcast -- LAST
2024-11-14 01:21:40,046 - gameManager - INFO - only player2 as cards
2024-11-14 01:21:40,054 - gameManager - INFO - broadcast -- LAST
2024-11-14 01:21:40,064 - gameManager - INFO - only player2 as cards
2024-11-14 01:21:40,071 - gameManager - INFO - broadcast -- LAST
2024-11-14 01:21:40,081 - gameManager - INFO - only player2 as cards
2024-11-14 01:21:40,089 - gameManager - INFO - broadcast -- LAST
2024-11-14 01:21:40,099 - gameManager - INFO - only player2 as cards
2024-11-14 01:21:40,107 - gameManager - INFO - broadcast -- LAST
2024-11-14 01:21:40,117 - gameManager - INFO - only player2 as cards
2024-11-14 01:21:40,125 - gameManager - INFO - broadcast -- LAST
2024-11-14 01:21:40,134 - gameManager - INFO - only player2 as cards
2024-11-14 01:21:40,142 - gameManager - INFO - broadcast -- LAST
2024-11-14 01:21:40,151 - gameManager - INFO - only player2 as cards
2024-11-14 01:21:40,159 - gameManager - INFO - broadcast -- LAST
2024-11-14 01:21:40,168 - gameManager - INFO - only player2 as cards
2024-11-14 01:21:40,176 - gameManager - INFO - broadcast -- LAST
2024-11-14 01:21:40,186 - gameManager - INFO - only player2 as cards
2024-11-14 01:21:40,194 - gameManager - INFO - broadcast -- LAST
2024-11-14 01:21:40,204 - gameManager - INFO - only player2 as cards
2024-11-14 01:21:40,213 - gameManager - INFO - broadcast -- LAST
2024-11-14 01:21:40,223 - gameManager - INFO - only player2 as cards
2024-11-14 01:21:40,230 - gameManager - INFO - broadcast -- LAST
2024-11-14 01:21:40,239 - gameManager - INFO - only player2 as cards
2024-11-14 01:21:40,247 - gameManager - INFO - broadcast -- LAST
2024-11-14 01:21:40,256 - gameManager - INFO - only player2 as cards
2024-11-14 01:21:40,264 - gameManager - INFO - broadcast -- LAST
2024-11-14 01:21:40,275 - gameManager - INFO - only player2 as cards
2024-11-14 01:21:40,283 - gameManager - INFO - broadcast -- LAST
2024-11-14 01:21:40,294 - gameManager - INFO - only player2 as cards
2024-11-14 01:21:40,301 - gameManager - INFO - broadcast -- LAST
2024-11-14 01:21:40,311 - gameManager - INFO - only player2 as cards
2024-11-14 01:21:40,317 - gameManager - INFO - broadcast -- LAST
2024-11-14 01:21:40,328 - gameManager - INFO - only player2 as cards
2024-11-14 01:21:40,335 - gameManager - INFO - broadcast -- LAST
2024-11-14 01:21:40,345 - gameManager - INFO - only player2 as cards
2024-11-14 01:21:40,351 - gameManager - INFO - broadcast -- LAST
2024-11-14 01:21:40,362 - gameManager - INFO - only player2 as cards
2024-11-14 01:21:40,370 - gameManager - INFO - broadcast -- LAST
2024-11-14 01:21:40,381 - gameManager - INFO - only player2 as cards
2024-11-14 01:21:40,386 - gameManager - INFO - broadcast -- LAST
2024-11-14 01:21:40,393 - gameManager - INFO - only player2 as cards
2024-11-14 01:21:40,400 - gameManager - INFO - broadcast -- LAST
2024-11-14 01:21:40,405 - gameManager - INFO - only player2 as cards
2024-11-14 01:21:40,407 - gameManager - INFO - broadcast -- LAST
2024-11-14 01:21:40,410 - gameManager - INFO - only player2 as cards
2024-11-14 01:21:40,412 - gameManager - INFO - broadcast -- LAST
2024-11-14 01:21:40,413 - gameManager - INFO - only player2 as cards
2024-11-14 01:21:40,415 - gameManager - INFO - broadcast -- LAST
2024-11-14 01:21:40,416 - gameManager - INFO - only player2 as cards
2024-11-14 01:21:40,418 - gameManager - INFO - broadcast -- LAST
2024-11-14 01:21:40,426 - gameManager - INFO - only player2 as cards
2024-11-14 01:21:40,433 - gameManager - INFO - broadcast -- LAST
2024-11-14 01:21:40,444 - gameManager - INFO - only player2 as cards
2024-11-14 01:21:40,452 - gameManager - INFO - broadcast -- LAST
2024-11-14 01:21:40,463 - gameManager - INFO - only player2 as cards
2024-11-14 01:21:40,470 - gameManager - INFO - broadcast -- LAST
2024-11-14 01:21:40,479 - gameManager - INFO - only player2 as cards
2024-11-14 01:21:40,485 - gameManager - INFO - broadcast -- LAST
2024-11-14 01:21:40,495 - gameManager - INFO - only player2 as cards
2024-11-14 01:21:40,501 - gameManager - INFO - broadcast -- LAST
2024-11-14 01:21:40,510 - gameManager - INFO - only player2 as cards
2024-11-14 01:21:40,515 - gameManager - INFO - broadcast -- LAST
2024-11-14 01:21:40,525 - gameManager - INFO - only player2 as cards
2024-11-14 01:21:40,531 - gameManager - INFO - broadcast -- LAST
2024-11-14 01:21:40,540 - gameManager - INFO - only player2 as cards
2024-11-14 01:21:40,547 - gameManager - INFO - broadcast -- LAST
2024-11-14 01:21:40,556 - gameManager - INFO - only player2 as cards
2024-11-14 01:21:40,562 - gameManager - INFO - broadcast -- LAST
2024-11-14 01:21:40,572 - gameManager - INFO - only player2 as cards
2024-11-14 01:21:40,580 - gameManager - INFO - broadcast -- LAST
2024-11-14 01:21:40,590 - gameManager - INFO - only player2 as cards
2024-11-14 01:21:40,596 - gameManager - INFO - broadcast -- LAST
2024-11-14 01:21:40,604 - gameManager - INFO - only player2 as cards
2024-11-14 01:21:40,611 - gameManager - INFO - broadcast -- LAST
2024-11-14 01:21:40,620 - gameManager - INFO - only player2 as cards
2024-11-14 01:21:40,627 - gameManager - INFO - broadcast -- LAST
2024-11-14 01:21:40,637 - gameManager - INFO - only player2 as cards
2024-11-14 01:21:40,646 - gameManager - INFO - broadcast -- LAST
2024-11-14 01:21:40,658 - gameManager - INFO - only player2 as cards
2024-11-14 01:21:40,667 - gameManager - INFO - broadcast -- LAST
2024-11-14 01:21:40,679 - gameManager - INFO - only player2 as cards
2024-11-14 01:21:40,687 - gameManager - INFO - broadcast -- LAST
2024-11-14 01:21:40,699 - gameManager - INFO - only player2 as cards
2024-11-14 01:21:40,709 - gameManager - INFO - broadcast -- LAST
2024-11-14 01:21:40,722 - gameManager - INFO - only player2 as cards
2024-11-14 01:21:40,730 - gameManager - INFO - broadcast -- LAST
2024-11-14 01:21:40,739 - gameManager - INFO - only player2 as cards
2024-11-14 01:21:40,745 - gameManager - INFO - broadcast -- LAST
2024-11-14 01:21:40,751 - gameManager - INFO - only player2 as cards
2024-11-14 01:21:40,755 - gameManager - INFO - broadcast -- LAST
2024-11-14 01:21:40,760 - gameManager - INFO - only player2 as cards
2024-11-14 01:21:40,763 - gameManager - INFO - broadcast -- LAST
2024-11-14 01:21:40,766 - gameManager - INFO - only player2 as cards
2024-11-14 01:21:40,769 - gameManager - INFO - broadcast -- LAST
2024-11-14 01:21:40,773 - gameManager - INFO - only player2 as cards
2024-11-14 01:21:40,776 - gameManager - INFO - broadcast -- LAST
2024-11-14 01:21:40,779 - gameManager - INFO - only player2 as cards
2024-11-14 01:21:40,781 - gameManager - INFO - broadcast -- LAST
2024-11-14 01:21:40,784 - gameManager - INFO - only player2 as cards
2024-11-14 01:21:40,787 - gameManager - INFO - broadcast -- LAST
2024-11-14 01:21:40,796 - gameManager - INFO - only player2 as cards
2024-11-14 01:21:40,804 - gameManager - INFO - broadcast -- LAST
2024-11-14 01:21:40,811 - gameManager - INFO - only player2 as cards
2024-11-14 01:21:40,816 - gameManager - INFO - broadcast -- LAST
2024-11-14 01:21:40,821 - gameManager - INFO - only player2 as cards
2024-11-14 01:21:40,825 - gameManager - INFO - broadcast -- LAST
2024-11-14 01:21:40,829 - gameManager - INFO - only player2 as cards
2024-11-14 01:21:40,832 - gameManager - INFO - broadcast -- LAST
2024-11-14 01:21:40,836 - gameManager - INFO - only player2 as cards
2024-11-14 01:21:40,840 - gameManager - INFO - broadcast -- LAST
2024-11-14 01:21:40,844 - gameManager - INFO - only player2 as cards
2024-11-14 01:21:40,846 - gameManager - INFO - broadcast -- LAST
2024-11-14 01:21:40,848 - gameManager - INFO - only player2 as cards
2024-11-14 01:21:40,851 - gameManager - INFO - broadcast -- LAST
2024-11-14 01:21:40,860 - gameManager - INFO - only player2 as cards
2024-11-14 01:21:40,867 - gameManager - INFO - broadcast -- LAST
2024-11-14 01:21:40,873 - gameManager - INFO - only player2 as cards
2024-11-14 01:21:40,877 - gameManager - INFO - broadcast -- LAST
2024-11-14 01:21:40,881 - gameManager - INFO - only player2 as cards
2024-11-14 01:21:40,883 - gameManager - INFO - broadcast -- LAST
2024-11-14 01:21:40,888 - gameManager - INFO - only player2 as cards
2024-11-14 01:21:40,890 - gameManager - INFO - broadcast -- LAST
2024-11-14 01:21:40,897 - gameManager - INFO - only player2 as cards
2024-11-14 01:21:40,904 - gameManager - INFO - broadcast -- LAST
2024-11-14 01:21:40,914 - gameManager - INFO - only player2 as cards
2024-11-14 01:21:40,921 - gameManager - INFO - broadcast -- LAST
2024-11-14 01:21:40,926 - gameManager - INFO - only player2 as cards
2024-11-14 01:21:40,930 - gameManager - INFO - broadcast -- LAST
2024-11-14 01:21:40,936 - gameManager - INFO - only player2 as cards
2024-11-14 01:21:40,940 - gameManager - INFO - broadcast -- LAST
2024-11-14 01:21:40,945 - gameManager - INFO - only player2 as cards
2024-11-14 01:21:40,949 - gameManager - INFO - broadcast -- LAST
2024-11-14 01:21:40,954 - gameManager - INFO - only player2 as cards
2024-11-14 01:21:40,959 - gameManager - INFO - broadcast -- LAST
2024-11-14 01:21:40,964 - gameManager - INFO - only player2 as cards
2024-11-14 01:21:40,968 - gameManager - INFO - broadcast -- LAST
2024-11-14 01:21:40,974 - gameManager - INFO - only player2 as cards
2024-11-14 01:21:40,978 - gameManager - INFO - broadcast -- LAST
2024-11-14 01:21:40,983 - gameManager - INFO - only player2 as cards
2024-11-14 01:21:40,987 - gameManager - INFO - broadcast -- LAST
2024-11-14 01:21:40,992 - gameManager - INFO - only player2 as cards
2024-11-14 01:21:40,996 - gameManager - INFO - broadcast -- LAST
2024-11-14 01:21:41,001 - gameManager - INFO - only player2 as cards
2024-11-14 01:21:41,006 - gameManager - INFO - broadcast -- LAST
2024-11-14 01:21:41,011 - gameManager - INFO - only player2 as cards
2024-11-14 01:21:41,014 - gameManager - INFO - broadcast -- LAST
2024-11-14 01:21:41,020 - gameManager - INFO - only player2 as cards
2024-11-14 01:21:41,025 - gameManager - INFO - broadcast -- LAST
2024-11-14 01:21:41,029 - gameManager - INFO - only player2 as cards
2024-11-14 01:21:41,034 - gameManager - INFO - broadcast -- LAST
2024-11-14 01:21:41,042 - gameManager - INFO - only player2 as cards
2024-11-14 01:21:41,046 - gameManager - INFO - broadcast -- LAST
2024-11-14 01:21:41,051 - gameManager - INFO - only player2 as cards
2024-11-14 01:21:41,056 - gameManager - INFO - broadcast -- LAST
2024-11-14 01:21:41,062 - gameManager - INFO - only player2 as cards
2024-11-14 01:21:41,067 - gameManager - INFO - broadcast -- LAST
2024-11-14 01:21:41,075 - gameManager - INFO - only player2 as cards
2024-11-14 01:21:41,080 - gameManager - INFO - broadcast -- LAST
2024-11-14 01:21:41,087 - gameManager - INFO - only player2 as cards
2024-11-14 01:21:41,093 - gameManager - INFO - broadcast -- LAST
2024-11-14 01:21:41,097 - gameManager - INFO - only player2 as cards
2024-11-14 01:21:41,101 - gameManager - INFO - broadcast -- LAST
2024-11-14 01:21:41,105 - gameManager - INFO - only player2 as cards
2024-11-14 01:21:41,108 - gameManager - INFO - broadcast -- LAST
2024-11-14 01:21:41,111 - gameManager - INFO - only player2 as cards
2024-11-14 01:21:41,113 - gameManager - INFO - broadcast -- LAST
2024-11-14 01:21:41,116 - gameManager - INFO - only player2 as cards
2024-11-14 01:21:41,119 - gameManager - INFO - broadcast -- LAST
2024-11-14 01:21:41,123 - gameManager - INFO - only player2 as cards
2024-11-14 01:21:41,130 - gameManager - INFO - broadcast -- LAST
2024-11-14 01:21:41,140 - gameManager - INFO - only player2 as cards
2024-11-14 01:21:41,144 - gameManager - INFO - broadcast -- LAST
2024-11-14 01:21:41,149 - gameManager - INFO - only player2 as cards
2024-11-14 01:21:41,154 - gameManager - INFO - broadcast -- LAST
2024-11-14 01:21:41,159 - gameManager - INFO - only player2 as cards
2024-11-14 01:21:41,162 - gameManager - INFO - broadcast -- LAST
2024-11-14 01:21:41,166 - gameManager - INFO - only player2 as cards
2024-11-14 01:21:41,169 - gameManager - INFO - broadcast -- LAST
2024-11-14 01:21:41,174 - gameManager - INFO - only player2 as cards
2024-11-14 01:21:41,177 - gameManager - INFO - broadcast -- LAST
2024-11-14 01:21:41,180 - gameManager - INFO - only player2 as cards
2024-11-14 01:21:41,182 - gameManager - INFO - broadcast -- LAST
2024-11-14 01:21:41,185 - gameManager - INFO - only player2 as cards
2024-11-14 01:21:41,187 - gameManager - INFO - broadcast -- LAST
2024-11-14 01:21:41,189 - gameManager - INFO - only player2 as cards
2024-11-14 01:21:41,195 - gameManager - INFO - broadcast -- LAST
2024-11-14 01:21:41,205 - gameManager - INFO - only player2 as cards
2024-11-14 01:21:41,211 - gameManager - INFO - broadcast -- LAST
2024-11-14 01:21:41,216 - gameManager - INFO - only player2 as cards
2024-11-14 01:21:41,221 - gameManager - INFO - broadcast -- LAST
2024-11-14 01:21:41,228 - gameManager - INFO - only player2 as cards
2024-11-14 01:21:41,232 - gameManager - INFO - broadcast -- LAST
2024-11-14 01:21:41,238 - gameManager - INFO - only player2 as cards
2024-11-14 01:21:41,241 - gameManager - INFO - broadcast -- LAST
2024-11-14 01:21:41,245 - gameManager - INFO - only player2 as cards
2024-11-14 01:21:41,248 - gameManager - INFO - broadcast -- LAST
2024-11-14 01:21:41,252 - gameManager - INFO - only player2 as cards
2024-11-14 01:21:41,255 - gameManager - INFO - broadcast -- LAST
2024-11-14 01:21:41,259 - gameManager - INFO - only player2 as cards
2024-11-14 01:21:41,261 - gameManager - INFO - broadcast -- LAST
2024-11-14 01:21:41,264 - gameManager - INFO - only player2 as cards
2024-11-14 01:21:41,267 - gameManager - INFO - broadcast -- LAST
2024-11-14 01:21:41,274 - gameManager - INFO - only player2 as cards
2024-11-14 01:21:41,283 - gameManager - INFO - broadcast -- LAST
2024-11-14 01:21:41,288 - gameManager - INFO - only player2 as cards
2024-11-14 01:21:41,292 - gameManager - INFO - broadcast -- LAST
2024-11-14 01:21:41,296 - gameManager - INFO - only player2 as cards
2024-11-14 01:21:41,300 - gameManager - INFO - broadcast -- LAST
2024-11-14 01:21:41,304 - gameManager - INFO - only player2 as cards
2024-11-14 01:21:41,307 - gameManager - INFO - broadcast -- LAST
2024-11-14 01:21:41,310 - gameManager - INFO - only player2 as cards
2024-11-14 01:21:41,313 - gameManager - INFO - broadcast -- LAST
2024-11-14 01:21:41,316 - gameManager - INFO - only player2 as cards
2024-11-14 01:21:41,319 - gameManager - INFO - broadcast -- LAST
2024-11-14 01:21:41,322 - gameManager - INFO - only player2 as cards
2024-11-14 01:21:41,324 - gameManager - INFO - broadcast -- LAST
2024-11-14 01:21:41,326 - gameManager - INFO - only player2 as cards
2024-11-14 01:21:41,327 - gameManager - INFO - broadcast -- LAST
2024-11-14 01:21:41,329 - gameManager - INFO - only player2 as cards
2024-11-14 01:21:41,330 - gameManager - INFO - broadcast -- LAST
2024-11-14 01:21:41,331 - gameManager - INFO - only player2 as cards
2024-11-14 01:21:41,333 - gameManager - INFO - broadcast -- LAST
2024-11-14 01:21:41,340 - gameManager - INFO - only player2 as cards
2024-11-14 01:21:41,347 - gameManager - INFO - broadcast -- LAST
2024-11-14 01:21:41,354 - gameManager - INFO - only player2 as cards
2024-11-14 01:21:41,363 - gameManager - INFO - broadcast -- LAST
2024-11-14 01:21:41,372 - gameManager - INFO - only player2 as cards
2024-11-14 01:21:41,379 - gameManager - INFO - broadcast -- LAST
2024-11-14 01:21:41,388 - gameManager - INFO - only player2 as cards
2024-11-14 01:21:41,395 - gameManager - INFO - broadcast -- LAST
2024-11-14 01:21:41,406 - gameManager - INFO - only player2 as cards
2024-11-14 01:21:41,413 - gameManager - INFO - broadcast -- LAST
2024-11-14 01:21:41,422 - gameManager - INFO - only player2 as cards
2024-11-14 01:21:41,429 - gameManager - INFO - broadcast -- LAST
2024-11-14 01:21:41,440 - gameManager - INFO - only player2 as cards
2024-11-14 01:21:41,447 - gameManager - INFO - broadcast -- LAST
2024-11-14 01:21:41,458 - gameManager - INFO - only player2 as cards
2024-11-14 01:21:41,465 - gameManager - INFO - broadcast -- LAST
2024-11-14 01:21:41,475 - gameManager - INFO - only player2 as cards
2024-11-14 01:21:41,482 - gameManager - INFO - broadcast -- LAST
2024-11-14 01:21:41,490 - gameManager - INFO - only player2 as cards
2024-11-14 01:21:41,493 - gameManager - INFO - broadcast -- LAST
2024-11-14 01:21:41,497 - gameManager - INFO - only player2 as cards
2024-11-14 01:21:41,501 - gameManager - INFO - broadcast -- LAST
2024-11-14 01:21:41,506 - gameManager - INFO - only player2 as cards
2024-11-14 01:21:41,509 - gameManager - INFO - broadcast -- LAST
2024-11-14 01:21:41,512 - gameManager - INFO - only player2 as cards
2024-11-14 01:21:41,514 - gameManager - INFO - broadcast -- LAST
2024-11-14 01:21:41,517 - gameManager - INFO - only player2 as cards
2024-11-14 01:21:41,521 - gameManager - INFO - broadcast -- LAST
2024-11-14 01:21:41,524 - gameManager - INFO - only player2 as cards
2024-11-14 01:21:41,526 - gameManager - INFO - broadcast -- LAST
2024-11-14 01:21:41,528 - gameManager - INFO - only player2 as cards
2024-11-14 01:21:41,530 - gameManager - INFO - broadcast -- LAST
2024-11-14 01:21:41,532 - gameManager - INFO - only player2 as cards
2024-11-14 01:21:41,535 - gameManager - INFO - broadcast -- LAST
2024-11-14 01:21:41,538 - gameManager - INFO - only player2 as cards
2024-11-14 01:21:41,540 - gameManager - INFO - broadcast -- LAST
2024-11-14 01:21:41,542 - gameManager - INFO - only player2 as cards
2024-11-14 01:21:41,544 - gameManager - INFO - broadcast -- LAST
2024-11-14 01:21:41,546 - gameManager - INFO - only player2 as cards
2024-11-14 01:21:41,548 - gameManager - INFO - broadcast -- LAST
2024-11-14 01:21:41,550 - gameManager - INFO - only player2 as cards
2024-11-14 01:21:41,553 - gameManager - INFO - broadcast -- LAST
2024-11-14 01:21:41,561 - gameManager - INFO - only player2 as cards
2024-11-14 01:21:41,568 - gameManager - INFO - broadcast -- LAST
2024-11-14 01:21:41,575 - gameManager - INFO - only player2 as cards
2024-11-14 01:21:41,578 - gameManager - INFO - broadcast -- LAST
2024-11-14 01:21:41,582 - gameManager - INFO - only player2 as cards
2024-11-14 01:21:41,586 - gameManager - INFO - broadcast -- LAST
2024-11-14 01:21:41,589 - gameManager - INFO - only player2 as cards
2024-11-14 01:21:41,596 - gameManager - INFO - broadcast -- LAST
2024-11-14 01:21:41,604 - gameManager - INFO - only player2 as cards
2024-11-14 01:21:41,612 - gameManager - INFO - broadcast -- LAST
2024-11-14 01:21:41,619 - gameManager - INFO - only player2 as cards
2024-11-14 01:21:41,626 - gameManager - INFO - broadcast -- LAST
2024-11-14 01:21:41,634 - gameManager - INFO - only player2 as cards
2024-11-14 01:21:41,641 - gameManager - INFO - broadcast -- LAST
2024-11-14 01:21:41,650 - gameManager - INFO - only player2 as cards
2024-11-14 01:21:41,656 - gameManager - INFO - broadcast -- LAST
2024-11-14 01:21:41,665 - gameManager - INFO - only player2 as cards
2024-11-14 01:21:41,672 - gameManager - INFO - broadcast -- LAST
2024-11-14 01:21:41,681 - gameManager - INFO - only player2 as cards
2024-11-14 01:21:41,691 - gameManager - INFO - broadcast -- LAST
2024-11-14 01:21:41,700 - gameManager - INFO - only player2 as cards
2024-11-14 01:21:41,708 - gameManager - INFO - broadcast -- LAST
2024-11-14 01:21:41,719 - gameManager - INFO - only player2 as cards
2024-11-14 01:21:41,728 - gameManager - INFO - broadcast -- LAST
2024-11-14 01:21:41,738 - gameManager - INFO - only player2 as cards
2024-11-14 01:21:41,746 - gameManager - INFO - broadcast -- LAST
2024-11-14 01:21:41,756 - gameManager - INFO - only player2 as cards
2024-11-14 01:21:41,765 - gameManager - INFO - broadcast -- LAST
2024-11-14 01:21:41,776 - gameManager - INFO - only player2 as cards
2024-11-14 01:21:41,784 - gameManager - INFO - broadcast -- LAST
2024-11-14 01:21:41,793 - gameManager - INFO - only player2 as cards
2024-11-14 01:21:41,798 - gameManager - INFO - broadcast -- LAST
2024-11-14 01:21:41,805 - gameManager - INFO - only player2 as cards
2024-11-14 01:21:41,809 - gameManager - INFO - broadcast -- LAST
2024-11-14 01:21:41,813 - gameManager - INFO - only player2 as cards
2024-11-14 01:21:41,817 - gameManager - INFO - broadcast -- LAST
2024-11-14 01:21:41,823 - gameManager - INFO - only player2 as cards
2024-11-14 01:21:41,826 - gameManager - INFO - broadcast -- LAST
2024-11-14 01:21:41,829 - gameManager - INFO - only player2 as cards
2024-11-14 01:21:41,832 - gameManager - INFO - broadcast -- LAST
2024-11-14 01:21:41,836 - gameManager - INFO - only player2 as cards
2024-11-14 01:21:41,839 - gameManager - INFO - broadcast -- LAST
2024-11-14 01:21:41,846 - gameManager - INFO - only player2 as cards
2024-11-14 01:21:41,855 - gameManager - INFO - broadcast -- LAST
2024-11-14 01:21:41,863 - gameManager - INFO - only player2 as cards
2024-11-14 01:21:41,868 - gameManager - INFO - broadcast -- LAST
2024-11-14 01:21:41,875 - gameManager - INFO - only player2 as cards
2024-11-14 01:21:41,878 - gameManager - INFO - broadcast -- LAST
2024-11-14 01:21:41,883 - gameManager - INFO - only player2 as cards
2024-11-14 01:21:41,887 - gameManager - INFO - broadcast -- LAST
2024-11-14 01:21:41,891 - gameManager - INFO - only player2 as cards
2024-11-14 01:21:41,894 - gameManager - INFO - broadcast -- LAST
2024-11-14 01:21:41,897 - gameManager - INFO - only player2 as cards
2024-11-14 01:21:41,899 - gameManager - INFO - broadcast -- LAST
2024-11-14 01:21:41,903 - gameManager - INFO - only player2 as cards
2024-11-14 01:21:41,905 - gameManager - INFO - broadcast -- LAST
2024-11-14 01:21:41,908 - gameManager - INFO - only player2 as cards
2024-11-14 01:21:41,910 - gameManager - INFO - broadcast -- LAST
2024-11-14 01:21:41,914 - gameManager - INFO - only player2 as cards
2024-11-14 01:21:41,923 - gameManager - INFO - broadcast -- LAST
2024-11-14 01:21:41,930 - gameManager - INFO - only player2 as cards
2024-11-14 01:21:41,935 - gameManager - INFO - broadcast -- LAST
2024-11-14 01:21:41,941 - gameManager - INFO - only player2 as cards
2024-11-14 01:21:41,944 - gameManager - INFO - broadcast -- LAST
2024-11-14 01:21:41,947 - gameManager - INFO - only player2 as cards
2024-11-14 01:21:41,950 - gameManager - INFO - broadcast -- LAST
2024-11-14 01:21:41,954 - gameManager - INFO - only player2 as cards
2024-11-14 01:21:41,956 - gameManager - INFO - broadcast -- LAST
2024-11-14 01:21:41,959 - gameManager - INFO - only player2 as cards
2024-11-14 01:21:41,961 - gameManager - INFO - broadcast -- LAST
2024-11-14 01:21:41,963 - gameManager - INFO - only player2 as cards
2024-11-14 01:21:41,965 - gameManager - INFO - broadcast -- LAST
2024-11-14 01:21:41,968 - gameManager - INFO - only player2 as cards
2024-11-14 01:21:41,973 - gameManager - INFO - broadcast -- LAST
2024-11-14 01:21:41,982 - gameManager - INFO - only player2 as cards
2024-11-14 01:21:41,985 - gameManager - INFO - broadcast -- LAST
2024-11-14 01:21:41,994 - gameManager - INFO - only player2 as cards
2024-11-14 01:21:41,999 - gameManager - INFO - broadcast -- LAST
2024-11-14 01:21:42,006 - gameManager - INFO - only player2 as cards
2024-11-14 01:21:42,009 - gameManager - INFO - broadcast -- LAST
2024-11-14 01:21:42,013 - gameManager - INFO - only player2 as cards
2024-11-14 01:21:42,015 - gameManager - INFO - broadcast -- LAST
2024-11-14 01:21:42,019 - gameManager - INFO - only player2 as cards
2024-11-14 01:21:42,024 - gameManager - INFO - broadcast -- LAST
2024-11-14 01:21:42,032 - gameManager - INFO - only player2 as cards
2024-11-14 01:21:42,039 - gameManager - INFO - broadcast -- LAST
2024-11-14 01:21:42,047 - gameManager - INFO - only player2 as cards
2024-11-14 01:21:42,053 - gameManager - INFO - broadcast -- LAST
2024-11-14 01:21:42,058 - gameManager - INFO - only player2 as cards
2024-11-14 01:21:42,061 - gameManager - INFO - broadcast -- LAST
2024-11-14 01:21:42,066 - gameManager - INFO - only player2 as cards
2024-11-14 01:21:42,070 - gameManager - INFO - broadcast -- LAST
2024-11-14 01:21:42,074 - gameManager - INFO - only player2 as cards
2024-11-14 01:21:42,075 - gameManager - INFO - broadcast -- LAST
2024-11-14 01:21:42,077 - gameManager - INFO - only player2 as cards
2024-11-14 01:21:42,078 - gameManager - INFO - broadcast -- LAST
2024-11-14 01:21:42,080 - gameManager - INFO - only player2 as cards
2024-11-14 01:21:42,081 - gameManager - INFO - broadcast -- LAST
2024-11-14 01:21:42,090 - gameManager - INFO - only player2 as cards
2024-11-14 01:21:42,097 - gameManager - INFO - broadcast -- LAST
2024-11-14 01:21:42,107 - gameManager - INFO - only player2 as cards
2024-11-14 01:21:42,114 - gameManager - INFO - broadcast -- LAST
2024-11-14 01:21:42,123 - gameManager - INFO - only player2 as cards
2024-11-14 01:21:42,129 - gameManager - INFO - broadcast -- LAST
2024-11-14 01:21:42,138 - gameManager - INFO - only player2 as cards
2024-11-14 01:21:42,147 - gameManager - INFO - broadcast -- LAST
2024-11-14 01:21:42,157 - gameManager - INFO - only player2 as cards
2024-11-14 01:21:42,165 - gameManager - INFO - broadcast -- LAST
2024-11-14 01:21:42,176 - gameManager - INFO - only player2 as cards
2024-11-14 01:21:42,183 - gameManager - INFO - broadcast -- LAST
2024-11-14 01:21:42,194 - gameManager - INFO - only player2 as cards
2024-11-14 01:21:42,201 - gameManager - INFO - broadcast -- LAST
2024-11-14 01:21:42,212 - gameManager - INFO - only player2 as cards
2024-11-14 01:21:42,220 - gameManager - INFO - broadcast -- LAST
2024-11-14 01:21:42,231 - gameManager - INFO - only player2 as cards
2024-11-14 01:21:42,238 - gameManager - INFO - broadcast -- LAST
2024-11-14 01:21:42,247 - gameManager - INFO - only player2 as cards
2024-11-14 01:21:42,254 - gameManager - INFO - broadcast -- LAST
2024-11-14 01:21:42,260 - gameManager - INFO - only player2 as cards
2024-11-14 01:21:42,264 - gameManager - INFO - broadcast -- LAST
2024-11-14 01:21:42,269 - gameManager - INFO - only player2 as cards
2024-11-14 01:21:42,273 - gameManager - INFO - broadcast -- LAST
2024-11-14 01:21:42,277 - gameManager - INFO - only player2 as cards
2024-11-14 01:21:42,280 - gameManager - INFO - broadcast -- LAST
2024-11-14 01:21:42,283 - gameManager - INFO - only player2 as cards
2024-11-14 01:21:42,287 - gameManager - INFO - broadcast -- LAST
2024-11-14 01:21:42,290 - gameManager - INFO - only player2 as cards
2024-11-14 01:21:42,292 - gameManager - INFO - broadcast -- LAST
2024-11-14 01:21:42,295 - gameManager - INFO - only player2 as cards
2024-11-14 01:21:42,296 - gameManager - INFO - broadcast -- LAST
2024-11-14 01:21:42,299 - gameManager - INFO - only player2 as cards
2024-11-14 01:21:42,304 - gameManager - INFO - broadcast -- LAST
2024-11-14 01:21:42,315 - gameManager - INFO - only player2 as cards
2024-11-14 01:21:42,321 - gameManager - INFO - broadcast -- LAST
2024-11-14 01:21:42,327 - gameManager - INFO - only player2 as cards
2024-11-14 01:21:42,330 - gameManager - INFO - broadcast -- LAST
2024-11-14 01:21:42,335 - gameManager - INFO - only player2 as cards
2024-11-14 01:21:42,339 - gameManager - INFO - broadcast -- LAST
2024-11-14 01:21:42,342 - gameManager - INFO - only player2 as cards
2024-11-14 01:21:42,345 - gameManager - INFO - broadcast -- LAST
2024-11-14 01:21:42,348 - gameManager - INFO - only player2 as cards
2024-11-14 01:21:42,350 - gameManager - INFO - broadcast -- LAST
2024-11-14 01:21:42,354 - gameManager - INFO - only player2 as cards
2024-11-14 01:21:42,356 - gameManager - INFO - broadcast -- LAST
2024-11-14 01:21:42,359 - gameManager - INFO - only player2 as cards
2024-11-14 01:21:42,361 - gameManager - INFO - broadcast -- LAST
2024-11-14 01:21:42,363 - gameManager - INFO - only player2 as cards
2024-11-14 01:21:42,364 - gameManager - INFO - broadcast -- LAST
2024-11-14 01:21:42,366 - gameManager - INFO - only player2 as cards
2024-11-14 01:21:42,368 - gameManager - INFO - broadcast -- LAST
2024-11-14 01:21:42,374 - gameManager - INFO - only player2 as cards
2024-11-14 01:21:42,381 - gameManager - INFO - broadcast -- LAST
2024-11-14 01:21:42,391 - gameManager - INFO - only player2 as cards
2024-11-14 01:21:42,398 - gameManager - INFO - broadcast -- LAST
2024-11-14 01:21:42,403 - gameManager - INFO - only player2 as cards
2024-11-14 01:21:42,407 - gameManager - INFO - broadcast -- LAST
2024-11-14 01:21:42,411 - gameManager - INFO - only player2 as cards
2024-11-14 01:21:42,413 - gameManager - INFO - broadcast -- LAST
2024-11-14 01:21:42,417 - gameManager - INFO - only player2 as cards
2024-11-14 01:21:42,420 - gameManager - INFO - broadcast -- LAST
2024-11-14 01:21:42,430 - gameManager - INFO - only player2 as cards
2024-11-14 01:21:42,436 - gameManager - INFO - broadcast -- LAST
2024-11-14 01:21:42,441 - gameManager - INFO - only player2 as cards
2024-11-14 01:21:42,445 - gameManager - INFO - broadcast -- LAST
2024-11-14 01:21:42,450 - gameManager - INFO - level: 3
2024-11-14 01:21:44,453 - gameManager - INFO - WELCOME
2024-11-14 01:21:44,454 - gameManager - INFO - cards: [[7, 82], [16, 23], [36, 84]]
2024-11-14 01:21:44,462 - gameManager - INFO - broadcast -- WELCOME [[7, 82], [16, 23], [36, 84]]
2024-11-14 01:21:49,812 - gameManager - INFO - NEXTLEVEL
2024-11-14 01:21:49,821 - gameManager - INFO - broadcast -- NEXTLEVEL
2024-11-14 01:21:51,782 - gameManager - INFO - GAME
2024-11-14 01:21:51,788 - gameManager - INFO - broadcast -- GAME
2024-11-14 01:22:04,592 - gameManager - INFO - only player2 as cards
2024-11-14 01:22:04,598 - gameManager - INFO - broadcast -- LAST
2024-11-14 01:22:04,608 - gameManager - INFO - only player2 as cards
2024-11-14 01:22:04,614 - gameManager - INFO - broadcast -- LAST
2024-11-14 01:22:04,625 - gameManager - INFO - only player2 as cards
2024-11-14 01:22:04,631 - gameManager - INFO - broadcast -- LAST
2024-11-14 01:22:04,641 - gameManager - INFO - only player2 as cards
2024-11-14 01:22:04,648 - gameManager - INFO - broadcast -- LAST
2024-11-14 01:22:04,659 - gameManager - INFO - only player2 as cards
2024-11-14 01:22:04,665 - gameManager - INFO - broadcast -- LAST
2024-11-14 01:22:04,675 - gameManager - INFO - only player2 as cards
2024-11-14 01:22:04,681 - gameManager - INFO - broadcast -- LAST
2024-11-14 01:22:04,691 - gameManager - INFO - only player2 as cards
2024-11-14 01:22:04,697 - gameManager - INFO - broadcast -- LAST
2024-11-14 01:22:04,707 - gameManager - INFO - only player2 as cards
2024-11-14 01:22:04,714 - gameManager - INFO - broadcast -- LAST
2024-11-14 01:22:04,723 - gameManager - INFO - only player2 as cards
2024-11-14 01:22:04,730 - gameManager - INFO - broadcast -- LAST
2024-11-14 01:22:04,741 - gameManager - INFO - only player2 as cards
2024-11-14 01:22:04,748 - gameManager - INFO - broadcast -- LAST
2024-11-14 01:22:04,758 - gameManager - INFO - only player2 as cards
2024-11-14 01:22:04,764 - gameManager - INFO - broadcast -- LAST
2024-11-14 01:22:04,775 - gameManager - INFO - only player2 as cards
2024-11-14 01:22:04,782 - gameManager - INFO - broadcast -- LAST
2024-11-14 01:22:04,792 - gameManager - INFO - only player2 as cards
2024-11-14 01:22:04,798 - gameManager - INFO - broadcast -- LAST
2024-11-14 01:22:04,808 - gameManager - INFO - only player2 as cards
2024-11-14 01:22:04,815 - gameManager - INFO - broadcast -- LAST
2024-11-14 01:22:04,824 - gameManager - INFO - only player2 as cards
2024-11-14 01:22:04,831 - gameManager - INFO - broadcast -- LAST
2024-11-14 01:22:04,842 - gameManager - INFO - only player2 as cards
2024-11-14 01:22:04,848 - gameManager - INFO - broadcast -- LAST
2024-11-14 01:22:04,858 - gameManager - INFO - only player2 as cards
2024-11-14 01:22:04,864 - gameManager - INFO - broadcast -- LAST
2024-11-14 01:22:04,874 - gameManager - INFO - only player2 as cards
2024-11-14 01:22:04,880 - gameManager - INFO - broadcast -- LAST
2024-11-14 01:22:04,889 - gameManager - INFO - only player2 as cards
2024-11-14 01:22:04,895 - gameManager - INFO - broadcast -- LAST
2024-11-14 01:22:04,904 - gameManager - INFO - only player2 as cards
2024-11-14 01:22:04,909 - gameManager - INFO - broadcast -- LAST
2024-11-14 01:22:04,918 - gameManager - INFO - only player2 as cards
2024-11-14 01:22:04,925 - gameManager - INFO - broadcast -- LAST
2024-11-14 01:22:04,934 - gameManager - INFO - only player2 as cards
2024-11-14 01:22:04,941 - gameManager - INFO - broadcast -- LAST
2024-11-14 01:22:04,951 - gameManager - INFO - only player2 as cards
2024-11-14 01:22:04,958 - gameManager - INFO - broadcast -- LAST
2024-11-14 01:22:04,968 - gameManager - INFO - only player2 as cards
2024-11-14 01:22:04,975 - gameManager - INFO - broadcast -- LAST
2024-11-14 01:22:04,986 - gameManager - INFO - only player2 as cards
2024-11-14 01:22:04,994 - gameManager - INFO - broadcast -- LAST
2024-11-14 01:22:05,003 - gameManager - INFO - only player2 as cards
2024-11-14 01:22:05,010 - gameManager - INFO - broadcast -- LAST
2024-11-14 01:22:05,020 - gameManager - INFO - only player2 as cards
2024-11-14 01:22:05,026 - gameManager - INFO - broadcast -- LAST
2024-11-14 01:22:05,037 - gameManager - INFO - only player2 as cards
2024-11-14 01:22:05,044 - gameManager - INFO - broadcast -- LAST
2024-11-14 01:22:05,055 - gameManager - INFO - only player2 as cards
2024-11-14 01:22:05,062 - gameManager - INFO - broadcast -- LAST
2024-11-14 01:22:05,074 - gameManager - INFO - only player2 as cards
2024-11-14 01:22:05,081 - gameManager - INFO - broadcast -- LAST
2024-11-14 01:22:05,092 - gameManager - INFO - only player2 as cards
2024-11-14 01:22:05,098 - gameManager - INFO - broadcast -- LAST
2024-11-14 01:22:05,109 - gameManager - INFO - only player2 as cards
2024-11-14 01:22:05,114 - gameManager - INFO - broadcast -- LAST
2024-11-14 01:22:05,125 - gameManager - INFO - only player2 as cards
2024-11-14 01:22:05,132 - gameManager - INFO - broadcast -- LAST
2024-11-14 01:22:05,143 - gameManager - INFO - only player2 as cards
2024-11-14 01:22:05,149 - gameManager - INFO - broadcast -- LAST
2024-11-14 01:22:05,160 - gameManager - INFO - only player2 as cards
2024-11-14 01:22:05,166 - gameManager - INFO - broadcast -- LAST
2024-11-14 01:22:05,176 - gameManager - INFO - only player2 as cards
2024-11-14 01:22:05,183 - gameManager - INFO - broadcast -- LAST
2024-11-14 01:22:05,193 - gameManager - INFO - only player2 as cards
2024-11-14 01:22:05,199 - gameManager - INFO - broadcast -- LAST
2024-11-14 01:22:05,210 - gameManager - INFO - only player2 as cards
2024-11-14 01:22:05,215 - gameManager - INFO - broadcast -- LAST
2024-11-14 01:22:05,226 - gameManager - INFO - only player2 as cards
2024-11-14 01:22:05,232 - gameManager - INFO - broadcast -- LAST
2024-11-14 01:22:05,243 - gameManager - INFO - only player2 as cards
2024-11-14 01:22:05,249 - gameManager - INFO - broadcast -- LAST
2024-11-14 01:22:05,259 - gameManager - INFO - only player2 as cards
2024-11-14 01:22:05,265 - gameManager - INFO - broadcast -- LAST
2024-11-14 01:22:05,277 - gameManager - INFO - only player2 as cards
2024-11-14 01:22:05,283 - gameManager - INFO - broadcast -- LAST
2024-11-14 01:22:05,292 - gameManager - INFO - only player2 as cards
2024-11-14 01:22:05,300 - gameManager - INFO - broadcast -- LAST
2024-11-14 01:22:05,310 - gameManager - INFO - only player2 as cards
2024-11-14 01:22:05,317 - gameManager - INFO - broadcast -- LAST
2024-11-14 01:22:05,328 - gameManager - INFO - only player2 as cards
2024-11-14 01:22:05,334 - gameManager - INFO - broadcast -- LAST
2024-11-14 01:22:05,344 - gameManager - INFO - only player2 as cards
2024-11-14 01:22:05,349 - gameManager - INFO - broadcast -- LAST
2024-11-14 01:22:05,360 - gameManager - INFO - only player2 as cards
2024-11-14 01:22:05,366 - gameManager - INFO - broadcast -- LAST
2024-11-14 01:22:05,377 - gameManager - INFO - only player2 as cards
2024-11-14 01:22:05,384 - gameManager - INFO - broadcast -- LAST
2024-11-14 01:22:05,394 - gameManager - INFO - only player2 as cards
2024-11-14 01:22:05,400 - gameManager - INFO - broadcast -- LAST
2024-11-14 01:22:05,412 - gameManager - INFO - only player2 as cards
2024-11-14 01:22:05,414 - gameManager - INFO - broadcast -- LAST
2024-11-14 01:22:05,418 - gameManager - INFO - only player2 as cards
2024-11-14 01:22:05,426 - gameManager - INFO - broadcast -- LAST
2024-11-14 01:22:05,431 - gameManager - INFO - only player2 as cards
2024-11-14 01:22:05,432 - gameManager - INFO - broadcast -- LAST
2024-11-14 01:22:05,436 - gameManager - INFO - only player2 as cards
2024-11-14 01:22:05,439 - gameManager - INFO - broadcast -- LAST
2024-11-14 01:22:05,441 - gameManager - INFO - only player2 as cards
2024-11-14 01:22:05,443 - gameManager - INFO - broadcast -- LAST
2024-11-14 01:22:05,444 - gameManager - INFO - only player2 as cards
2024-11-14 01:22:05,446 - gameManager - INFO - broadcast -- LAST
2024-11-14 01:22:05,447 - gameManager - INFO - only player2 as cards
2024-11-14 01:22:05,449 - gameManager - INFO - broadcast -- LAST
2024-11-14 01:22:05,454 - gameManager - INFO - only player2 as cards
2024-11-14 01:22:05,462 - gameManager - INFO - broadcast -- LAST
2024-11-14 01:22:05,465 - gameManager - INFO - only player2 as cards
2024-11-14 01:22:05,466 - gameManager - INFO - broadcast -- LAST
2024-11-14 01:22:05,476 - gameManager - INFO - only player2 as cards
2024-11-14 01:22:05,483 - gameManager - INFO - broadcast -- LAST
2024-11-14 01:22:05,494 - gameManager - INFO - only player2 as cards
2024-11-14 01:22:05,499 - gameManager - INFO - broadcast -- LAST
2024-11-14 01:22:05,510 - gameManager - INFO - only player2 as cards
2024-11-14 01:22:05,516 - gameManager - INFO - broadcast -- LAST
2024-11-14 01:22:05,526 - gameManager - INFO - only player2 as cards
2024-11-14 01:22:05,533 - gameManager - INFO - broadcast -- LAST
2024-11-14 01:22:05,543 - gameManager - INFO - only player2 as cards
2024-11-14 01:22:05,550 - gameManager - INFO - broadcast -- LAST
2024-11-14 01:22:05,560 - gameManager - INFO - only player2 as cards
2024-11-14 01:22:05,566 - gameManager - INFO - broadcast -- LAST
2024-11-14 01:22:05,577 - gameManager - INFO - only player2 as cards
2024-11-14 01:22:05,583 - gameManager - INFO - broadcast -- LAST
2024-11-14 01:22:05,594 - gameManager - INFO - only player2 as cards
2024-11-14 01:22:05,599 - gameManager - INFO - broadcast -- LAST
2024-11-14 01:22:05,610 - gameManager - INFO - only player2 as cards
2024-11-14 01:22:05,616 - gameManager - INFO - broadcast -- LAST
2024-11-14 01:22:05,626 - gameManager - INFO - only player2 as cards
2024-11-14 01:22:05,632 - gameManager - INFO - broadcast -- LAST
2024-11-14 01:22:05,643 - gameManager - INFO - only player2 as cards
2024-11-14 01:22:05,649 - gameManager - INFO - broadcast -- LAST
2024-11-14 01:22:05,659 - gameManager - INFO - only player2 as cards
2024-11-14 01:22:05,665 - gameManager - INFO - broadcast -- LAST
2024-11-14 01:22:05,676 - gameManager - INFO - only player2 as cards
2024-11-14 01:22:05,684 - gameManager - INFO - broadcast -- LAST
2024-11-14 01:22:05,700 - gameManager - INFO - level: 4
2024-11-14 01:22:07,704 - gameManager - INFO - WELCOME
2024-11-14 01:22:07,705 - gameManager - INFO - cards: [[23, 27, 46], [49, 64, 73], [16, 35, 81]]
2024-11-14 01:22:07,713 - gameManager - INFO - broadcast -- WELCOME [[23, 27, 46], [49, 64, 73], [16, 35, 81]]
2024-11-14 01:22:09,416 - gameManager - INFO - NEXTLEVEL
2024-11-14 01:22:09,424 - gameManager - INFO - broadcast -- NEXTLEVEL
2024-11-14 01:22:12,910 - gameManager - INFO - GAME
2024-11-14 01:22:12,919 - gameManager - INFO - broadcast -- GAME
