2024-11-22 12:48:37,926 - 2 - INFO - Connected to Player 2
2024-11-22 12:48:37,936 - 2 - INFO - add client
2024-11-22 12:48:37,937 - 2 - INFO - 2 -- message -- WELCOME
2024-11-22 12:48:37,938 - 2 - INFO - 2 -- NEXTLEVEL
2024-11-22 12:48:59,638 - 2 - INFO - 2 -- message -- READYTOPLAY
2024-11-22 12:48:59,640 - 2 - INFO - 2 -- GAME
2024-11-22 12:49:26,206 - 2 - INFO - 2 -- message -- PLAY 95
2024-11-22 12:49:26,208 - 2 - INFO - 2 -- PLAY -- 95
2024-11-22 12:49:27,040 - 2 - INFO - 2 -- broadcast -- CARD 2,95
2024-11-22 12:49:29,047 - 2 - INFO - 2 -- message -- WELCOME
2024-11-22 12:49:29,048 - 2 - INFO - 2 -- NEXTLEVEL
2024-11-22 12:49:44,461 - 2 - INFO - 2 -- message -- READYTOPLAY
2024-11-22 12:49:44,463 - 2 - INFO - 2 -- GAME
2024-11-22 12:49:55,315 - 2 - INFO - 2 -- message -- PLAY 80
2024-11-22 12:49:55,317 - 2 - INFO - 2 -- PLAY -- 80
2024-11-22 12:49:55,912 - 2 - INFO - 2 -- broadcast -- CARD 2,80
2024-11-22 12:49:56,465 - 2 - INFO - 2 -- message -- MISTAKE
2024-11-22 12:49:56,467 - 2 - INFO - 2 -- MISTAKE
2024-11-22 12:49:59,792 - 2 - INFO - 2 -- message -- WELCOME
2024-11-22 12:49:59,794 - 2 - INFO - 2 -- NEXTLEVEL
2024-11-22 12:50:01,096 - 2 - INFO - 2 -- message -- READYTOPLAY
2024-11-22 12:50:01,097 - 2 - INFO - 2 -- GAME
2024-11-22 12:50:05,416 - 2 - INFO - 2 -- message -- MISTAKE
2024-11-22 12:50:05,418 - 2 - INFO - 2 -- MISTAKE
2024-11-22 12:50:20,290 - 2 - INFO - 2 -- message -- GAMEOVER
2024-11-22 12:50:20,293 - 2 - INFO - 2 -- GAMEOVER
