2024-11-22 12:48:36,345 - gameManager - INFO - START
2024-11-22 12:48:59,628 - gameManager - INFO - NEXTLEVEL
2024-11-22 12:48:59,633 - gameManager - INFO - broadcast -- NEXTLEVEL [[13], [56], [95]]
2024-11-22 12:49:05,973 - gameManager - INFO - GAME
2024-11-22 12:49:05,977 - gameManager - INFO - broadcast -- GAME
2024-11-22 12:49:24,197 - gameManager - INFO - only player2 as cards
2024-11-22 12:49:24,202 - gameManager - INFO - broadcast -- LAST
2024-11-22 12:49:27,039 - gameManager - INFO - level: 2
2024-11-22 12:49:29,041 - gameManager - INFO - WELCOME
2024-11-22 12:49:29,042 - gameManager - INFO - cards: [[13], [56], [95]]
2024-11-22 12:49:29,045 - gameManager - INFO - broadcast -- WELCOME [[13], [56], [95]]
2024-11-22 12:49:44,453 - gameManager - INFO - NEXTLEVEL
2024-11-22 12:49:44,458 - gameManager - INFO - broadcast -- NEXTLEVEL [[74, 94], [84, 91], [80, 86]]
2024-11-22 12:49:46,811 - gameManager - INFO - GAME
2024-11-22 12:49:46,815 - gameManager - INFO - broadcast -- GAME
2024-11-22 12:49:57,775 - gameManager - INFO - end MISTAKE
2024-11-22 12:49:57,779 - gameManager - INFO - broadcast -- GAME
2024-11-22 12:49:57,785 - gameManager - INFO - level: 3
2024-11-22 12:49:59,787 - gameManager - INFO - WELCOME
2024-11-22 12:49:59,787 - gameManager - INFO - cards: [[74, 94], [84, 91], [80, 86]]
2024-11-22 12:49:59,790 - gameManager - INFO - broadcast -- WELCOME [[74, 94], [84, 91], [80, 86]]
2024-11-22 12:50:01,088 - gameManager - INFO - NEXTLEVEL
2024-11-22 12:50:01,093 - gameManager - INFO - broadcast -- NEXTLEVEL [[11, 16, 21], [10, 20, 25], [7, 37, 69]]
2024-11-22 12:50:03,696 - gameManager - INFO - GAME
2024-11-22 12:50:03,699 - gameManager - INFO - broadcast -- GAME
2024-11-22 12:50:12,715 - gameManager - INFO - end MISTAKE
2024-11-22 12:50:12,719 - gameManager - INFO - broadcast -- GAME
