2024-11-14 02:31:56,999 - 1 - INFO - Connected to Player 1
2024-11-14 02:31:57,011 - 1 - INFO - add client
2024-11-14 02:32:10,123 - 1 - INFO - 1 -- message -- WELCOME
2024-11-14 02:32:10,124 - 1 - INFO - 1 -- NEXTLEVEL
2024-11-14 02:32:13,330 - 1 - INFO - 1 -- message -- READYTOPLAY
2024-11-14 02:32:13,331 - 1 - INFO - 1 -- GAME
2024-11-14 02:32:16,167 - 1 - INFO - 1 -- message -- PLAY 49
2024-11-14 02:32:16,168 - 1 - INFO - 1 -- PLAY -- 49
2024-11-14 02:32:16,173 - 1 - INFO - 1 -- broadcast -- CARD 1,49
2024-11-14 02:32:28,016 - 1 - INFO - 1 -- message -- GAMEOVER
2024-11-14 02:32:28,019 - 1 - INFO - 1 -- GAMEOVER
2024-11-14 02:32:33,570 - 1 - INFO - 1 -- message -- WELCOME
2024-11-14 02:32:33,572 - 1 - INFO - 1 -- NEXTLEVEL
2024-11-14 02:32:35,825 - 1 - INFO - 1 -- message -- READYTOPLAY
2024-11-14 02:32:35,827 - 1 - INFO - 1 -- GAME
2024-11-14 02:32:39,559 - 1 - INFO - 1 -- message -- PLAY 72
2024-11-14 02:32:39,560 - 1 - INFO - 1 -- PLAY -- 72
2024-11-14 02:32:39,568 - 1 - INFO - 1 -- broadcast -- CARD 1,72
2024-11-14 02:32:47,592 - 1 - INFO - 1 -- message -- GAMEOVER
2024-11-14 02:32:47,594 - 1 - INFO - 1 -- GAMEOVER
