2024-11-14 02:31:58,991 - 2 - INFO - Connected to Player 2
2024-11-14 02:31:59,005 - 2 - INFO - add client
2024-11-14 02:32:10,827 - 2 - INFO - 2 -- message -- WELCOME
2024-11-14 02:32:10,828 - 2 - INFO - 2 -- NEXTLEVEL
2024-11-14 02:32:14,051 - 2 - INFO - 2 -- message -- READYTOPLAY
2024-11-14 02:32:14,052 - 2 - INFO - 2 -- GAME
2024-11-14 02:32:17,022 - 2 - INFO - 2 -- message -- PLAY 65
2024-11-14 02:32:17,023 - 2 - INFO - 2 -- PLAY -- 65
2024-11-14 02:32:17,026 - 2 - INFO - 2 -- broadcast -- CARD 2,65
2024-11-14 02:32:29,523 - 2 - INFO - 2 -- message -- GAMEOVER
2024-11-14 02:32:29,525 - 2 - INFO - 2 -- GAMEOVER
2024-11-14 02:32:34,047 - 2 - INFO - 2 -- message -- WELCOME
2024-11-14 02:32:34,048 - 2 - INFO - 2 -- NEXTLEVEL
2024-11-14 02:32:35,114 - 2 - INFO - 2 -- message -- READYTOPLAY
2024-11-14 02:32:35,116 - 2 - INFO - 2 -- GAME
2024-11-14 02:32:38,195 - 2 - INFO - 2 -- message -- PLAY 6
2024-11-14 02:32:38,197 - 2 - INFO - 2 -- PLAY -- 6
2024-11-14 02:32:38,206 - 2 - INFO - 2 -- broadcast -- CARD 2,6
2024-11-14 02:32:48,785 - 2 - INFO - 2 -- message -- GAMEOVER
2024-11-14 02:32:48,787 - 2 - INFO - 2 -- GAMEOVER
