2024-11-14 02:31:50,635 - gameManager - INFO - START
2024-11-14 02:32:10,831 - gameManager - INFO - NEXTLEVEL
2024-11-14 02:32:10,835 - gameManager - INFO - broadcast -- NEXTLEVEL
2024-11-14 02:32:14,053 - gameManager - INFO - GAME
2024-11-14 02:32:14,056 - gameManager - INFO - broadcast -- GAME
2024-11-14 02:32:16,170 - gameManager - INFO - only player2 as cards
2024-11-14 02:32:16,173 - gameManager - INFO - broadcast -- LAST
2024-11-14 02:32:16,177 - gameManager - INFO - only player2 as cards
2024-11-14 02:32:16,179 - gameManager - INFO - broadcast -- LAST
2024-11-14 02:32:16,185 - gameManager - INFO - only player2 as cards
2024-11-14 02:32:16,188 - gameManager - INFO - broadcast -- LAST
2024-11-14 02:32:16,194 - gameManager - INFO - only player2 as cards
2024-11-14 02:32:16,196 - gameManager - INFO - broadcast -- LAST
2024-11-14 02:32:16,201 - gameManager - INFO - only player2 as cards
2024-11-14 02:32:16,206 - gameManager - INFO - broadcast -- LAST
2024-11-14 02:32:16,211 - gameManager - INFO - only player2 as cards
2024-11-14 02:32:16,213 - gameManager - INFO - broadcast -- LAST
2024-11-14 02:32:16,217 - gameManager - INFO - only player2 as cards
2024-11-14 02:32:16,222 - gameManager - INFO - broadcast -- LAST
2024-11-14 02:32:16,228 - gameManager - INFO - only player2 as cards
2024-11-14 02:32:16,230 - gameManager - INFO - broadcast -- LAST
2024-11-14 02:32:16,236 - gameManager - INFO - only player2 as cards
2024-11-14 02:32:16,239 - gameManager - INFO - broadcast -- LAST
2024-11-14 02:32:16,243 - gameManager - INFO - only player2 as cards
2024-11-14 02:32:16,246 - gameManager - INFO - broadcast -- LAST
2024-11-14 02:32:16,252 - gameManager - INFO - only player2 as cards
2024-11-14 02:32:16,257 - gameManager - INFO - broadcast -- LAST
2024-11-14 02:32:16,261 - gameManager - INFO - only player2 as cards
2024-11-14 02:32:16,263 - gameManager - INFO - broadcast -- LAST
2024-11-14 02:32:16,271 - gameManager - INFO - only player2 as cards
2024-11-14 02:32:16,274 - gameManager - INFO - broadcast -- LAST
2024-11-14 02:32:16,279 - gameManager - INFO - only player2 as cards
2024-11-14 02:32:16,282 - gameManager - INFO - broadcast -- LAST
2024-11-14 02:32:16,288 - gameManager - INFO - only player2 as cards
2024-11-14 02:32:16,292 - gameManager - INFO - broadcast -- LAST
2024-11-14 02:32:16,297 - gameManager - INFO - only player2 as cards
2024-11-14 02:32:16,300 - gameManager - INFO - broadcast -- LAST
2024-11-14 02:32:16,306 - gameManager - INFO - only player2 as cards
2024-11-14 02:32:16,308 - gameManager - INFO - broadcast -- LAST
2024-11-14 02:32:16,312 - gameManager - INFO - only player2 as cards
2024-11-14 02:32:16,316 - gameManager - INFO - broadcast -- LAST
2024-11-14 02:32:16,324 - gameManager - INFO - only player2 as cards
2024-11-14 02:32:16,326 - gameManager - INFO - broadcast -- LAST
2024-11-14 02:32:16,331 - gameManager - INFO - only player2 as cards
2024-11-14 02:32:16,335 - gameManager - INFO - broadcast -- LAST
2024-11-14 02:32:16,341 - gameManager - INFO - only player2 as cards
2024-11-14 02:32:16,344 - gameManager - INFO - broadcast -- LAST
2024-11-14 02:32:16,350 - gameManager - INFO - only player2 as cards
2024-11-14 02:32:16,354 - gameManager - INFO - broadcast -- LAST
2024-11-14 02:32:16,359 - gameManager - INFO - only player2 as cards
2024-11-14 02:32:16,362 - gameManager - INFO - broadcast -- LAST
2024-11-14 02:32:16,367 - gameManager - INFO - only player2 as cards
2024-11-14 02:32:16,371 - gameManager - INFO - broadcast -- LAST
2024-11-14 02:32:16,378 - gameManager - INFO - only player2 as cards
2024-11-14 02:32:16,380 - gameManager - INFO - broadcast -- LAST
2024-11-14 02:32:16,386 - gameManager - INFO - only player2 as cards
2024-11-14 02:32:16,390 - gameManager - INFO - broadcast -- LAST
2024-11-14 02:32:16,395 - gameManager - INFO - only player2 as cards
2024-11-14 02:32:16,398 - gameManager - INFO - broadcast -- LAST
2024-11-14 02:32:16,404 - gameManager - INFO - only player2 as cards
2024-11-14 02:32:16,407 - gameManager - INFO - broadcast -- LAST
2024-11-14 02:32:16,411 - gameManager - INFO - only player2 as cards
2024-11-14 02:32:16,414 - gameManager - INFO - broadcast -- LAST
2024-11-14 02:32:16,421 - gameManager - INFO - only player2 as cards
2024-11-14 02:32:16,424 - gameManager - INFO - broadcast -- LAST
2024-11-14 02:32:16,428 - gameManager - INFO - only player2 as cards
2024-11-14 02:32:16,431 - gameManager - INFO - broadcast -- LAST
2024-11-14 02:32:16,439 - gameManager - INFO - only player2 as cards
2024-11-14 02:32:16,484 - gameManager - INFO - broadcast -- LAST
2024-11-14 02:32:16,491 - gameManager - INFO - only player2 as cards
2024-11-14 02:32:16,494 - gameManager - INFO - broadcast -- LAST
2024-11-14 02:32:16,500 - gameManager - INFO - only player2 as cards
2024-11-14 02:32:16,504 - gameManager - INFO - broadcast -- LAST
2024-11-14 02:32:16,509 - gameManager - INFO - only player2 as cards
2024-11-14 02:32:16,512 - gameManager - INFO - broadcast -- LAST
2024-11-14 02:32:16,518 - gameManager - INFO - only player2 as cards
2024-11-14 02:32:16,520 - gameManager - INFO - broadcast -- LAST
2024-11-14 02:32:16,526 - gameManager - INFO - only player2 as cards
2024-11-14 02:32:16,528 - gameManager - INFO - broadcast -- LAST
2024-11-14 02:32:16,534 - gameManager - INFO - only player2 as cards
2024-11-14 02:32:16,538 - gameManager - INFO - broadcast -- LAST
2024-11-14 02:32:16,545 - gameManager - INFO - only player2 as cards
2024-11-14 02:32:16,548 - gameManager - INFO - broadcast -- LAST
2024-11-14 02:32:16,553 - gameManager - INFO - only player2 as cards
2024-11-14 02:32:16,557 - gameManager - INFO - broadcast -- LAST
2024-11-14 02:32:16,560 - gameManager - INFO - only player2 as cards
2024-11-14 02:32:16,562 - gameManager - INFO - broadcast -- LAST
2024-11-14 02:32:16,568 - gameManager - INFO - only player2 as cards
2024-11-14 02:32:16,571 - gameManager - INFO - broadcast -- LAST
2024-11-14 02:32:16,576 - gameManager - INFO - only player2 as cards
2024-11-14 02:32:16,578 - gameManager - INFO - broadcast -- LAST
2024-11-14 02:32:16,582 - gameManager - INFO - only player2 as cards
2024-11-14 02:32:16,586 - gameManager - INFO - broadcast -- LAST
2024-11-14 02:32:16,592 - gameManager - INFO - only player2 as cards
2024-11-14 02:32:16,594 - gameManager - INFO - broadcast -- LAST
2024-11-14 02:32:16,603 - gameManager - INFO - only player2 as cards
2024-11-14 02:32:16,607 - gameManager - INFO - broadcast -- LAST
2024-11-14 02:32:16,612 - gameManager - INFO - only player2 as cards
2024-11-14 02:32:16,615 - gameManager - INFO - broadcast -- LAST
2024-11-14 02:32:16,622 - gameManager - INFO - only player2 as cards
2024-11-14 02:32:16,624 - gameManager - INFO - broadcast -- LAST
2024-11-14 02:32:16,629 - gameManager - INFO - only player2 as cards
2024-11-14 02:32:16,631 - gameManager - INFO - broadcast -- LAST
2024-11-14 02:32:16,637 - gameManager - INFO - only player2 as cards
2024-11-14 02:32:16,640 - gameManager - INFO - broadcast -- LAST
2024-11-14 02:32:16,645 - gameManager - INFO - only player2 as cards
2024-11-14 02:32:16,647 - gameManager - INFO - broadcast -- LAST
2024-11-14 02:32:16,654 - gameManager - INFO - only player2 as cards
2024-11-14 02:32:16,657 - gameManager - INFO - broadcast -- LAST
2024-11-14 02:32:16,662 - gameManager - INFO - only player2 as cards
2024-11-14 02:32:16,665 - gameManager - INFO - broadcast -- LAST
2024-11-14 02:32:16,672 - gameManager - INFO - only player2 as cards
2024-11-14 02:32:16,675 - gameManager - INFO - broadcast -- LAST
2024-11-14 02:32:16,680 - gameManager - INFO - only player2 as cards
2024-11-14 02:32:16,683 - gameManager - INFO - broadcast -- LAST
2024-11-14 02:32:16,690 - gameManager - INFO - only player2 as cards
2024-11-14 02:32:16,692 - gameManager - INFO - broadcast -- LAST
2024-11-14 02:32:16,698 - gameManager - INFO - only player2 as cards
2024-11-14 02:32:16,702 - gameManager - INFO - broadcast -- LAST
2024-11-14 02:32:16,709 - gameManager - INFO - only player2 as cards
2024-11-14 02:32:16,711 - gameManager - INFO - broadcast -- LAST
2024-11-14 02:32:16,717 - gameManager - INFO - only player2 as cards
2024-11-14 02:32:16,721 - gameManager - INFO - broadcast -- LAST
2024-11-14 02:32:16,725 - gameManager - INFO - only player2 as cards
2024-11-14 02:32:16,727 - gameManager - INFO - broadcast -- LAST
2024-11-14 02:32:16,732 - gameManager - INFO - only player2 as cards
2024-11-14 02:32:16,737 - gameManager - INFO - broadcast -- LAST
2024-11-14 02:32:16,742 - gameManager - INFO - only player2 as cards
2024-11-14 02:32:16,744 - gameManager - INFO - broadcast -- LAST
2024-11-14 02:32:16,749 - gameManager - INFO - only player2 as cards
2024-11-14 02:32:16,753 - gameManager - INFO - broadcast -- LAST
2024-11-14 02:32:16,758 - gameManager - INFO - only player2 as cards
2024-11-14 02:32:16,760 - gameManager - INFO - broadcast -- LAST
2024-11-14 02:32:16,764 - gameManager - INFO - only player2 as cards
2024-11-14 02:32:16,768 - gameManager - INFO - broadcast -- LAST
2024-11-14 02:32:16,776 - gameManager - INFO - only player2 as cards
2024-11-14 02:32:16,779 - gameManager - INFO - broadcast -- LAST
2024-11-14 02:32:16,786 - gameManager - INFO - only player2 as cards
2024-11-14 02:32:16,789 - gameManager - INFO - broadcast -- LAST
2024-11-14 02:32:16,796 - gameManager - INFO - only player2 as cards
2024-11-14 02:32:16,798 - gameManager - INFO - broadcast -- LAST
2024-11-14 02:32:16,805 - gameManager - INFO - only player2 as cards
2024-11-14 02:32:16,807 - gameManager - INFO - broadcast -- LAST
2024-11-14 02:32:16,811 - gameManager - INFO - only player2 as cards
2024-11-14 02:32:16,814 - gameManager - INFO - broadcast -- LAST
2024-11-14 02:32:16,822 - gameManager - INFO - only player2 as cards
2024-11-14 02:32:16,825 - gameManager - INFO - broadcast -- LAST
2024-11-14 02:32:16,829 - gameManager - INFO - only player2 as cards
2024-11-14 02:32:16,832 - gameManager - INFO - broadcast -- LAST
2024-11-14 02:32:16,839 - gameManager - INFO - only player2 as cards
2024-11-14 02:32:16,842 - gameManager - INFO - broadcast -- LAST
2024-11-14 02:32:16,847 - gameManager - INFO - only player2 as cards
2024-11-14 02:32:16,851 - gameManager - INFO - broadcast -- LAST
2024-11-14 02:32:16,857 - gameManager - INFO - only player2 as cards
2024-11-14 02:32:16,859 - gameManager - INFO - broadcast -- LAST
2024-11-14 02:32:16,863 - gameManager - INFO - only player2 as cards
2024-11-14 02:32:16,867 - gameManager - INFO - broadcast -- LAST
2024-11-14 02:32:16,874 - gameManager - INFO - only player2 as cards
2024-11-14 02:32:16,876 - gameManager - INFO - broadcast -- LAST
2024-11-14 02:32:16,881 - gameManager - INFO - only player2 as cards
2024-11-14 02:32:16,884 - gameManager - INFO - broadcast -- LAST
2024-11-14 02:32:16,890 - gameManager - INFO - only player2 as cards
2024-11-14 02:32:16,893 - gameManager - INFO - broadcast -- LAST
2024-11-14 02:32:16,896 - gameManager - INFO - only player2 as cards
2024-11-14 02:32:16,899 - gameManager - INFO - broadcast -- LAST
2024-11-14 02:32:16,905 - gameManager - INFO - only player2 as cards
2024-11-14 02:32:16,908 - gameManager - INFO - broadcast -- LAST
2024-11-14 02:32:16,912 - gameManager - INFO - only player2 as cards
2024-11-14 02:32:16,915 - gameManager - INFO - broadcast -- LAST
2024-11-14 02:32:16,922 - gameManager - INFO - only player2 as cards
2024-11-14 02:32:16,924 - gameManager - INFO - broadcast -- LAST
2024-11-14 02:32:16,929 - gameManager - INFO - only player2 as cards
2024-11-14 02:32:16,934 - gameManager - INFO - broadcast -- LAST
2024-11-14 02:32:16,940 - gameManager - INFO - only player2 as cards
2024-11-14 02:32:16,943 - gameManager - INFO - broadcast -- LAST
2024-11-14 02:32:16,947 - gameManager - INFO - only player2 as cards
2024-11-14 02:32:16,950 - gameManager - INFO - broadcast -- LAST
2024-11-14 02:32:16,958 - gameManager - INFO - only player2 as cards
2024-11-14 02:32:16,960 - gameManager - INFO - broadcast -- LAST
2024-11-14 02:32:16,964 - gameManager - INFO - only player2 as cards
2024-11-14 02:32:16,967 - gameManager - INFO - broadcast -- LAST
2024-11-14 02:32:16,973 - gameManager - INFO - only player2 as cards
2024-11-14 02:32:16,976 - gameManager - INFO - broadcast -- LAST
2024-11-14 02:32:16,980 - gameManager - INFO - only player2 as cards
2024-11-14 02:32:16,985 - gameManager - INFO - broadcast -- LAST
2024-11-14 02:32:16,991 - gameManager - INFO - only player2 as cards
2024-11-14 02:32:16,994 - gameManager - INFO - broadcast -- LAST
2024-11-14 02:32:16,998 - gameManager - INFO - only player2 as cards
2024-11-14 02:32:17,001 - gameManager - INFO - broadcast -- LAST
2024-11-14 02:32:17,008 - gameManager - INFO - only player2 as cards
2024-11-14 02:32:17,011 - gameManager - INFO - broadcast -- LAST
2024-11-14 02:32:17,014 - gameManager - INFO - only player2 as cards
2024-11-14 02:32:17,018 - gameManager - INFO - broadcast -- LAST
2024-11-14 02:32:17,024 - gameManager - INFO - only player2 as cards
2024-11-14 02:32:17,027 - gameManager - INFO - broadcast -- LAST
2024-11-14 02:32:17,034 - gameManager - INFO - level: 2
2024-11-14 02:32:20,037 - gameManager - INFO - GAMEOVER
2024-11-14 02:32:20,040 - gameManager - INFO - broadcast -- GAMEOVER
2024-11-14 02:32:31,023 - gameManager - INFO - GAMEOVER
2024-11-14 02:32:31,030 - gameManager - INFO - broadcast -- WELCOME
2024-11-14 02:32:34,089 - gameManager - INFO - NEXTLEVEL
2024-11-14 02:32:34,094 - gameManager - INFO - broadcast -- NEXTLEVEL
2024-11-14 02:32:36,455 - gameManager - INFO - GAME
2024-11-14 02:32:36,460 - gameManager - INFO - broadcast -- GAME
2024-11-14 02:32:39,568 - gameManager - INFO - level: 2
2024-11-14 02:32:42,570 - gameManager - INFO - GAMEOVER
2024-11-14 02:32:42,573 - gameManager - INFO - broadcast -- GAMEOVER
2024-11-14 02:32:55,631 - gameManager - INFO - GAMEOVER
2024-11-14 02:32:55,637 - gameManager - INFO - broadcast -- WELCOME
