2024-11-14 05:54:11,210 - 0 - INFO - Connected to Player 0
2024-11-14 05:54:11,214 - 0 - INFO - add client
2024-11-14 05:54:14,209 - 0 - INFO - 0 -- message -- WELCOME
2024-11-14 05:54:14,210 - 0 - INFO - 0 -- NEXTLEVEL
2024-11-14 05:54:18,037 - 0 - INFO - 0 -- message -- READYTOPLAY
2024-11-14 05:54:18,039 - 0 - INFO - 0 -- GAME
2024-11-14 05:54:21,211 - 0 - INFO - 0 -- message -- PLAY 4
2024-11-14 05:54:21,212 - 0 - INFO - 0 -- PLAY -- 4
2024-11-14 05:54:21,215 - 0 - INFO - 0 -- broadcast -- CARD 0,4
2024-11-14 05:54:29,509 - 0 - INFO - 0 -- message -- WELCOME
2024-11-14 05:54:29,509 - 0 - INFO - 0 -- NEXTLEVEL
2024-11-14 05:54:33,509 - 0 - INFO - 0 -- message -- READYTOPLAY
2024-11-14 05:54:33,510 - 0 - INFO - 0 -- GAME
2024-11-14 05:54:42,975 - 0 - INFO - 0 -- message -- MISTAKE
2024-11-14 05:54:42,977 - 0 - INFO - 0 -- MISTAKE
2024-11-14 05:54:45,174 - 0 - INFO - 0 -- message -- PLAY 70
2024-11-14 05:54:45,175 - 0 - INFO - 0 -- PLAY -- 70
2024-11-14 05:54:45,178 - 0 - INFO - 0 -- broadcast -- CARD 0,70
2024-11-14 05:54:55,360 - 0 - INFO - 0 -- message -- MISTAKE
2024-11-14 05:54:55,361 - 0 - INFO - 0 -- MISTAKE
2024-11-14 05:55:12,309 - 0 - INFO - 0 -- message -- PLAY 90
2024-11-14 05:55:12,310 - 0 - INFO - 0 -- PLAY -- 90
2024-11-14 05:55:12,313 - 0 - INFO - 0 -- broadcast -- CARD 0,90
2024-11-14 05:55:16,264 - 0 - INFO - 0 -- message -- WELCOME
2024-11-14 05:55:16,264 - 0 - INFO - 0 -- NEXTLEVEL
2024-11-14 05:55:25,422 - 0 - INFO - 0 -- message -- READYTOPLAY
2024-11-14 05:55:25,423 - 0 - INFO - 0 -- GAME
2024-11-14 05:55:29,598 - 0 - INFO - 0 -- message -- PLAY 19
2024-11-14 05:55:29,599 - 0 - INFO - 0 -- PLAY -- 19
2024-11-14 05:55:29,601 - 0 - INFO - 0 -- GAMEOVER
2024-11-14 05:55:29,604 - 0 - INFO - 0 -- broadcast -- GAMEOVER
2024-11-14 05:55:41,261 - 0 - INFO - 0 -- message -- GAMEOVER
2024-11-14 05:55:41,262 - 0 - INFO - 0 -- GAMEOVER
2024-11-14 05:55:53,359 - 0 - INFO - 0 -- message -- WELCOME
2024-11-14 05:55:53,360 - 0 - INFO - 0 -- NEXTLEVEL
2024-11-14 05:55:55,583 - 0 - INFO - 0 -- message -- READYTOPLAY
2024-11-14 05:55:55,584 - 0 - INFO - 0 -- GAME
2024-11-14 05:56:01,264 - 0 - INFO - 0 -- message -- PLAY 8
2024-11-14 05:56:01,265 - 0 - INFO - 0 -- PLAY -- 8
2024-11-14 05:56:01,270 - 0 - INFO - 0 -- broadcast -- CARD 0,8
2024-11-14 05:56:07,647 - 0 - INFO - 0 -- message -- WELCOME
2024-11-14 05:56:07,647 - 0 - INFO - 0 -- NEXTLEVEL
2024-11-14 05:56:09,276 - 0 - INFO - 0 -- message -- READYTOPLAY
2024-11-14 05:56:09,277 - 0 - INFO - 0 -- GAME
2024-11-14 05:56:12,548 - 0 - INFO - 0 -- message -- PLAY 55
2024-11-14 05:56:12,549 - 0 - INFO - 0 -- PLAY -- 55
2024-11-14 05:56:12,553 - 0 - INFO - 0 -- broadcast -- CARD 0,55
2024-11-14 05:56:24,074 - 0 - INFO - 0 -- message -- PLAY 90
2024-11-14 05:56:24,075 - 0 - INFO - 0 -- PLAY -- 90
2024-11-14 05:56:24,079 - 0 - INFO - 0 -- broadcast -- CARD 0,90
2024-11-14 05:56:28,474 - 0 - INFO - 0 -- message -- WELCOME
2024-11-14 05:56:28,475 - 0 - INFO - 0 -- NEXTLEVEL
2024-11-14 05:56:31,053 - 0 - INFO - 0 -- message -- READYTOPLAY
2024-11-14 05:56:31,054 - 0 - INFO - 0 -- GAME
2024-11-14 05:57:18,950 - 0 - INFO - 0 -- message -- PLAY 59
2024-11-14 05:57:18,952 - 0 - INFO - 0 -- PLAY -- 59
2024-11-14 05:57:18,956 - 0 - INFO - 0 -- broadcast -- CARD 0,59
2024-11-14 05:57:20,382 - 0 - INFO - 0 -- message -- PLAY 62
2024-11-14 05:57:20,382 - 0 - INFO - 0 -- PLAY -- 62
2024-11-14 05:57:20,385 - 0 - INFO - 0 -- broadcast -- CARD 0,62
2024-11-14 05:57:22,257 - 0 - INFO - 0 -- message -- PLAY 68
2024-11-14 05:57:22,258 - 0 - INFO - 0 -- PLAY -- 68
2024-11-14 05:57:22,260 - 0 - INFO - 0 -- broadcast -- CARD 0,68
2024-11-14 05:57:25,918 - 0 - INFO - 0 -- message -- WELCOME
2024-11-14 05:57:25,919 - 0 - INFO - 0 -- NEXTLEVEL
2024-11-14 05:57:27,566 - 0 - INFO - 0 -- message -- READYTOPLAY
2024-11-14 05:57:27,567 - 0 - INFO - 0 -- GAME
2024-11-14 05:57:33,216 - 0 - INFO - 0 -- message -- MISTAKE
2024-11-14 05:57:33,218 - 0 - INFO - 0 -- MISTAKE
2024-11-14 05:57:38,190 - 0 - INFO - 0 -- message -- PLAY 19
2024-11-14 05:57:38,191 - 0 - INFO - 0 -- PLAY -- 19
2024-11-14 05:57:38,194 - 0 - INFO - 0 -- broadcast -- CARD 0,19
2024-11-14 05:57:43,153 - 0 - INFO - 0 -- message -- PLAY 55
2024-11-14 05:57:43,154 - 0 - INFO - 0 -- PLAY -- 55
2024-11-14 05:57:43,157 - 0 - INFO - 0 -- broadcast -- CARD 0,55
2024-11-14 05:58:14,001 - 0 - INFO - 0 -- message -- PLAY 77
2024-11-14 05:58:14,002 - 0 - INFO - 0 -- PLAY -- 77
2024-11-14 05:58:14,005 - 0 - INFO - 0 -- broadcast -- CARD 0,77
