2024-11-14 05:54:10,669 - 1 - INFO - Connected to Player 1
2024-11-14 05:54:10,675 - 1 - INFO - add client
2024-11-14 05:54:14,384 - 1 - INFO - 1 -- message -- WELCOME
2024-11-14 05:54:14,385 - 1 - INFO - 1 -- NEXTLEVEL
2024-11-14 05:54:17,893 - 1 - INFO - 1 -- message -- READYTOPLAY
2024-11-14 05:54:17,893 - 1 - INFO - 1 -- GAME
2024-11-14 05:54:24,493 - 1 - INFO - 1 -- message -- PLAY 50
2024-11-14 05:54:24,494 - 1 - INFO - 1 -- PLAY -- 50
2024-11-14 05:54:24,499 - 1 - INFO - 1 -- broadcast -- CARD 1,50
2024-11-14 05:54:29,460 - 1 - INFO - 1 -- message -- WELCOME
2024-11-14 05:54:29,461 - 1 - INFO - 1 -- NEXTLEVEL
2024-11-14 05:54:33,322 - 1 - INFO - 1 -- message -- READYTOPLAY
2024-11-14 05:54:33,323 - 1 - INFO - 1 -- GAME
2024-11-14 05:54:41,693 - 1 - INFO - 1 -- message -- PLAY 69
2024-11-14 05:54:41,694 - 1 - INFO - 1 -- PLAY -- 69
2024-11-14 05:54:41,696 - 1 - INFO - 1 -- MISTAKE
2024-11-14 05:54:41,700 - 1 - INFO - 1 -- broadcast -- MISTAKE 69
2024-11-14 05:54:42,779 - 1 - INFO - 1 -- message -- MISTAKE
2024-11-14 05:54:54,766 - 1 - INFO - 1 -- message -- MISTAKE
2024-11-14 05:54:54,767 - 1 - INFO - 1 -- MISTAKE
2024-11-14 05:55:01,658 - 1 - INFO - 1 -- message -- PLAY 79
2024-11-14 05:55:01,658 - 1 - INFO - 1 -- PLAY -- 79
2024-11-14 05:55:01,661 - 1 - INFO - 1 -- broadcast -- CARD 1,79
2024-11-14 05:55:15,768 - 1 - INFO - 1 -- message -- WELCOME
2024-11-14 05:55:15,769 - 1 - INFO - 1 -- NEXTLEVEL
2024-11-14 05:55:25,562 - 1 - INFO - 1 -- message -- READYTOPLAY
2024-11-14 05:55:25,563 - 1 - INFO - 1 -- GAME
2024-11-14 05:55:28,642 - 1 - INFO - 1 -- message -- PLAY 12
2024-11-14 05:55:28,644 - 1 - INFO - 1 -- PLAY -- 12
2024-11-14 05:55:28,646 - 1 - INFO - 1 -- broadcast -- CARD 1,12
2024-11-14 05:55:41,029 - 1 - INFO - 1 -- message -- GAMEOVER
2024-11-14 05:55:41,031 - 1 - INFO - 1 -- GAMEOVER
2024-11-14 05:55:53,195 - 1 - INFO - 1 -- message -- WELCOME
2024-11-14 05:55:53,196 - 1 - INFO - 1 -- NEXTLEVEL
2024-11-14 05:55:55,420 - 1 - INFO - 1 -- message -- READYTOPLAY
2024-11-14 05:55:55,421 - 1 - INFO - 1 -- GAME
2024-11-14 05:56:01,981 - 1 - INFO - 1 -- message -- PLAY 54
2024-11-14 05:56:01,982 - 1 - INFO - 1 -- PLAY -- 54
2024-11-14 05:56:01,986 - 1 - INFO - 1 -- broadcast -- CARD 1,54
2024-11-14 05:56:07,251 - 1 - INFO - 1 -- message -- WELCOME
2024-11-14 05:56:07,252 - 1 - INFO - 1 -- NEXTLEVEL
2024-11-14 05:56:09,092 - 1 - INFO - 1 -- message -- READYTOPLAY
2024-11-14 05:56:09,093 - 1 - INFO - 1 -- GAME
2024-11-14 05:56:15,942 - 1 - INFO - 1 -- message -- PLAY 62
2024-11-14 05:56:15,943 - 1 - INFO - 1 -- PLAY -- 62
2024-11-14 05:56:15,947 - 1 - INFO - 1 -- broadcast -- CARD 1,62
2024-11-14 05:56:22,714 - 1 - INFO - 1 -- message -- PLAY 86
2024-11-14 05:56:22,715 - 1 - INFO - 1 -- PLAY -- 86
2024-11-14 05:56:22,718 - 1 - INFO - 1 -- broadcast -- CARD 1,86
2024-11-14 05:56:28,042 - 1 - INFO - 1 -- message -- WELCOME
2024-11-14 05:56:28,043 - 1 - INFO - 1 -- NEXTLEVEL
2024-11-14 05:56:30,625 - 1 - INFO - 1 -- message -- READYTOPLAY
2024-11-14 05:56:30,629 - 1 - INFO - 1 -- GAME
2024-11-14 05:57:15,233 - 1 - INFO - 1 -- message -- PLAY 50
2024-11-14 05:57:15,234 - 1 - INFO - 1 -- PLAY -- 50
2024-11-14 05:57:15,237 - 1 - INFO - 1 -- broadcast -- CARD 1,50
2024-11-14 05:57:17,004 - 1 - INFO - 1 -- message -- PLAY 53
2024-11-14 05:57:17,005 - 1 - INFO - 1 -- PLAY -- 53
2024-11-14 05:57:17,008 - 1 - INFO - 1 -- broadcast -- CARD 1,53
2024-11-14 05:57:21,399 - 1 - INFO - 1 -- message -- PLAY 67
2024-11-14 05:57:21,399 - 1 - INFO - 1 -- PLAY -- 67
2024-11-14 05:57:21,402 - 1 - INFO - 1 -- broadcast -- CARD 1,67
2024-11-14 05:57:25,711 - 1 - INFO - 1 -- message -- WELCOME
2024-11-14 05:57:25,711 - 1 - INFO - 1 -- NEXTLEVEL
2024-11-14 05:57:27,265 - 1 - INFO - 1 -- message -- READYTOPLAY
2024-11-14 05:57:27,266 - 1 - INFO - 1 -- GAME
2024-11-14 05:57:32,754 - 1 - INFO - 1 -- message -- MISTAKE
2024-11-14 05:57:32,755 - 1 - INFO - 1 -- MISTAKE
2024-11-14 05:57:35,057 - 1 - INFO - 1 -- message -- PLAY 5
2024-11-14 05:57:35,057 - 1 - INFO - 1 -- PLAY -- 5
2024-11-14 05:57:35,061 - 1 - INFO - 1 -- broadcast -- CARD 1,5
2024-11-14 05:58:00,992 - 1 - INFO - 1 -- message -- PLAY 66
2024-11-14 05:58:00,993 - 1 - INFO - 1 -- PLAY -- 66
2024-11-14 05:58:00,996 - 1 - INFO - 1 -- broadcast -- CARD 1,66
2024-11-14 05:58:13,092 - 1 - INFO - 1 -- message -- PLAY 68
2024-11-14 05:58:13,093 - 1 - INFO - 1 -- PLAY -- 68
2024-11-14 05:58:13,096 - 1 - INFO - 1 -- broadcast -- CARD 1,68
2024-11-14 05:58:33,527 - 1 - INFO - 1 -- message -- PLAY 98
2024-11-14 05:58:33,528 - 1 - INFO - 1 -- PLAY -- 98
2024-11-14 05:58:33,530 - 1 - INFO - 1 -- broadcast -- CARD 1,98
