2024-11-14 05:54:06,756 - 2 - INFO - Connected to Player 2
2024-11-14 05:54:06,761 - 2 - INFO - add client
2024-11-14 05:54:06,761 - 2 - INFO - 2 -- message -- WELCOME
2024-11-14 05:54:06,761 - 2 - INFO - 2 -- NEXTLEVEL
2024-11-14 05:54:14,390 - 2 - INFO - 2 -- message -- READYTOPLAY
2024-11-14 05:54:14,390 - 2 - INFO - 2 -- GAME
2024-11-14 05:54:26,504 - 2 - INFO - 2 -- message -- PLAY 94
2024-11-14 05:54:26,505 - 2 - INFO - 2 -- PLAY -- 94
2024-11-14 05:54:26,508 - 2 - INFO - 2 -- broadcast -- CARD 2,94
2024-11-14 05:54:28,512 - 2 - INFO - 2 -- message -- WELCOME
2024-11-14 05:54:28,513 - 2 - INFO - 2 -- NEXTLEVEL
2024-11-14 05:54:29,513 - 2 - INFO - 2 -- message -- READYTOPLAY
2024-11-14 05:54:29,514 - 2 - INFO - 2 -- GAME
2024-11-14 05:54:41,703 - 2 - INFO - 2 -- message -- MISTAKE
2024-11-14 05:54:41,705 - 2 - INFO - 2 -- MISTAKE
2024-11-14 05:54:44,985 - 2 - INFO - 2 -- message -- PLAY 71
2024-11-14 05:54:44,986 - 2 - INFO - 2 -- PLAY -- 71
2024-11-14 05:54:44,988 - 2 - INFO - 2 -- MISTAKE
2024-11-14 05:54:44,991 - 2 - INFO - 2 -- broadcast -- MISTAKE 71
2024-11-14 05:54:44,992 - 2 - INFO - 2 -- message -- MISTAKE
2024-11-14 05:55:14,317 - 2 - INFO - 2 -- message -- WELCOME
2024-11-14 05:55:14,317 - 2 - INFO - 2 -- NEXTLEVEL
2024-11-14 05:55:16,270 - 2 - INFO - 2 -- message -- READYTOPLAY
2024-11-14 05:55:16,270 - 2 - INFO - 2 -- GAME
2024-11-14 05:55:30,611 - 2 - INFO - 2 -- message -- GAMEOVER
2024-11-14 05:55:30,613 - 2 - INFO - 2 -- GAMEOVER
2024-11-14 05:55:42,400 - 2 - INFO - 2 -- message -- WELCOME
2024-11-14 05:55:42,401 - 2 - INFO - 2 -- NEXTLEVEL
2024-11-14 05:55:53,364 - 2 - INFO - 2 -- message -- READYTOPLAY
2024-11-14 05:55:53,365 - 2 - INFO - 2 -- GAME
2024-11-14 05:56:03,988 - 2 - INFO - 2 -- message -- PLAY 95
2024-11-14 05:56:03,989 - 2 - INFO - 2 -- PLAY -- 95
2024-11-14 05:56:03,992 - 2 - INFO - 2 -- broadcast -- CARD 2,95
2024-11-14 05:56:05,996 - 2 - INFO - 2 -- message -- WELCOME
2024-11-14 05:56:05,997 - 2 - INFO - 2 -- NEXTLEVEL
2024-11-14 05:56:07,651 - 2 - INFO - 2 -- message -- READYTOPLAY
2024-11-14 05:56:07,652 - 2 - INFO - 2 -- GAME
2024-11-14 05:56:16,950 - 2 - INFO - 2 -- message -- PLAY 63
2024-11-14 05:56:16,952 - 2 - INFO - 2 -- PLAY -- 63
2024-11-14 05:56:16,956 - 2 - INFO - 2 -- broadcast -- CARD 2,63
2024-11-14 05:56:17,958 - 2 - INFO - 2 -- message -- PLAY 64
2024-11-14 05:56:17,959 - 2 - INFO - 2 -- PLAY -- 64
2024-11-14 05:56:17,962 - 2 - INFO - 2 -- broadcast -- CARD 2,64
2024-11-14 05:56:26,088 - 2 - INFO - 2 -- message -- WELCOME
2024-11-14 05:56:26,088 - 2 - INFO - 2 -- NEXTLEVEL
2024-11-14 05:56:28,480 - 2 - INFO - 2 -- message -- READYTOPLAY
2024-11-14 05:56:28,481 - 2 - INFO - 2 -- GAME
2024-11-14 05:56:38,058 - 2 - INFO - 2 -- message -- PLAY 7
2024-11-14 05:56:38,059 - 2 - INFO - 2 -- PLAY -- 7
2024-11-14 05:56:38,062 - 2 - INFO - 2 -- broadcast -- CARD 2,7
2024-11-14 05:57:09,064 - 2 - INFO - 2 -- message -- PLAY 38
2024-11-14 05:57:09,065 - 2 - INFO - 2 -- PLAY -- 38
2024-11-14 05:57:09,070 - 2 - INFO - 2 -- broadcast -- CARD 2,38
2024-11-14 05:57:12,072 - 2 - INFO - 2 -- message -- PLAY 41
2024-11-14 05:57:12,073 - 2 - INFO - 2 -- PLAY -- 41
2024-11-14 05:57:12,077 - 2 - INFO - 2 -- broadcast -- CARD 2,41
2024-11-14 05:57:24,264 - 2 - INFO - 2 -- message -- WELCOME
2024-11-14 05:57:24,264 - 2 - INFO - 2 -- NEXTLEVEL
2024-11-14 05:57:25,924 - 2 - INFO - 2 -- message -- READYTOPLAY
2024-11-14 05:57:25,925 - 2 - INFO - 2 -- GAME
2024-11-14 05:57:29,570 - 2 - INFO - 2 -- message -- PLAY 2
2024-11-14 05:57:29,571 - 2 - INFO - 2 -- PLAY -- 2
2024-11-14 05:57:29,572 - 2 - INFO - 2 -- MISTAKE
2024-11-14 05:57:29,574 - 2 - INFO - 2 -- broadcast -- MISTAKE 2
2024-11-14 05:57:29,576 - 2 - INFO - 2 -- message -- MISTAKE
2024-11-14 05:57:50,158 - 2 - INFO - 2 -- message -- PLAY 62
2024-11-14 05:57:50,159 - 2 - INFO - 2 -- PLAY -- 62
2024-11-14 05:57:50,162 - 2 - INFO - 2 -- broadcast -- CARD 2,62
2024-11-14 05:58:29,009 - 2 - INFO - 2 -- message -- PLAY 92
2024-11-14 05:58:29,010 - 2 - INFO - 2 -- PLAY -- 92
2024-11-14 05:58:29,015 - 2 - INFO - 2 -- broadcast -- CARD 2,92
2024-11-14 05:58:32,016 - 2 - INFO - 2 -- message -- PLAY 95
2024-11-14 05:58:32,019 - 2 - INFO - 2 -- PLAY -- 95
2024-11-14 05:58:32,023 - 2 - INFO - 2 -- broadcast -- CARD 2,95
2024-11-14 05:58:37,537 - 2 - INFO - 2 -- message -- GAMEOVER
2024-11-14 05:58:37,542 - 2 - INFO - 2 -- GAMEOVER
